Change Component Designator: Old Designator=C? New Designator=C1
Change Component Designator: Old Designator=J2 New Designator=J3
Change Component Designator: Old Designator=J3 New Designator=J5
Change Component Designator: Old Designator=J4 New Designator=J6
Change Component Designator: Old Designator=J5 New Designator=J8
Change Component Designator: Old Designator=J6 New Designator=J2
Change Component Designator: Old Designator=J7 New Designator=J4
Change Component Designator: Old Designator=J? New Designator=J1
Change Component Designator: Old Designator=J? New Designator=J7
Change Component Designator: Old Designator=JMP? New Designator=JMP1
Change Component Designator: Old Designator=JMP? New Designator=JMP2
Change Component Designator: Old Designator=R? New Designator=R3
Change Component Designator: Old Designator=R? New Designator=R4
Change Component Designator: Old Designator=R? New Designator=R5
Change Component Designator: Old Designator=R? New Designator=R6
Change Component Designator: Old Designator=TP? New Designator=TP1
Change Component Designator: Old Designator=TP? New Designator=TP2
Change Component Designator: Old Designator=TP? New Designator=TP3
Change Component Designator: Old Designator=TP? New Designator=TP4
Change Component Designator: Old Designator=TP? New Designator=TP5
Change Component Designator: Old Designator=TP? New Designator=TP6
