Removed Pin From Net: NetName=GND Pin=J1-8
Removed Pin From Net: NetName=GND Pin=J1-18
Removed Pin From Net: NetName=GND Pin=J1-53
Added Pin To Net: NetName=+3V3 Pin=J1-8
Added Pin To Net: NetName=GND Pin=J1-10
Added Pin To Net: NetName=JnRST Pin=J1-12
Added Pin To Net: NetName=GNDDetect Pin=J1-13
Added Pin To Net: NetName=TRACECLK Pin=J1-14
Added Pin To Net: NetName=JTMS/SWDIO Pin=J1-15
Added Pin To Net: NetName=TRD0 Pin=J1-16
Added Pin To Net: NetName=JTCK/SWDCLK Pin=J1-17
Added Pin To Net: NetName=TRD1 Pin=J1-18
Added Pin To Net: NetName=JTDO/SWO Pin=J1-19
Added Pin To Net: NetName=TRD2 Pin=J1-20
Added Pin To Net: NetName=JTDI Pin=J1-21
Added Pin To Net: NetName=TRD3 Pin=J1-22
Added Pin To Net: NetName=GND Pin=J1-51
Added Pin To Net: NetName=+3V3 Pin=J1-53
Added Pin To Net: NetName=JTMS/SWDIO Pin=J6-2
Added Pin To Net: NetName=GND Pin=J6-3
Added Pin To Net: NetName=JTCK/SWDCLK Pin=J6-4
Added Pin To Net: NetName=GND Pin=J6-5
Added Pin To Net: NetName=JTDO/SWO Pin=J6-6
Added Pin To Net: NetName=JTDI Pin=J6-8
Added Pin To Net: NetName=GNDDetect Pin=J6-9
Added Pin To Net: NetName=VREF Pin=J1-11
Added Pin To Net: NetName=VREF Pin=J6-1
Added Net: Name=VREF
