Removed Pin From Net: NetName=GNDDetect Pin=J1-13
Removed Pin From Net: NetName=TRACECLK Pin=J1-14
Removed Pin From Net: NetName=JTDI Pin=J1-15
Removed Pin From Net: NetName=TRD0 Pin=J1-16
Removed Pin From Net: NetName=TRD1 Pin=J1-18
Removed Pin From Net: NetName=TRD2 Pin=J1-20
Removed Pin From Net: NetName=TRD3 Pin=J1-22
Removed Pin From Net: NetName=+5V Pin=J1-31
Removed Pin From Net: NetName=+3V3 Pin=J1-32
Removed Pin From Net: NetName=+5V Pin=J1-33
Removed Pin From Net: NetName=+3V3 Pin=J1-34
Removed Pin From Net: NetName=GND Pin=J1-51
Removed Pin From Net: NetName=GND Pin=J1-52
Removed Pin From Net: NetName=+3V3 Pin=J1-53
Removed Pin From Net: NetName=+5V Pin=J1-54
Removed Pin From Net: NetName=+3V3 Pin=J1-55
Removed Pin From Net: NetName=+5V Pin=J1-56
Removed Pin From Net: NetName=+3V3 Pin=J1-57
Removed Pin From Net: NetName=+5V Pin=J1-58
Change Component Footprint: Designator=J1 Old Footprint=AMPHENOL_10144517-061802LF New Footprint=AMPHENOL_10144518-081802LF
Change Component Comment : Designator=J1 Old Comment=10144517-061802LF New Comment=10144518-081802LF
Change component parameters: Designator = "J1" ("J1"); Footprint = "AMPHENOL_10144517-061802LF"; UniqueID = "\KQIWOKXI" ("\KQIWOKXI")
Change component parameters (AddParameter): Name = "Supplier 1"; Value = "Digikey"; VariantName = "[No Variations]"
Change component parameters (AddParameter): Name = "Supplier Part Number 1"; Value = "609-5453-1-ND"; VariantName = "[No Variations]"
Added Component: Designator=B1(SOP65P780X200-28N)
Add component (AddParameter): Name = "Arrow Part Number"; Value = "CY7C65213-28PVXIT"; VariantName = "[No Variations]"
Add component (AddParameter): Name = "Arrow Price/Stock"; Value = "https://www.arrow.com/en/products/cy7c65213-28pvxit/infineon-technologies-ag?region=nac"; VariantName = "[No Variations]"
Add component (AddParameter): Name = "Datasheet Link"; Value = "https://componentsearchengine.com/Datasheets/2/CY7C65213-28PVXIT.pdf"; VariantName = "[No Variations]"
Add component (AddParameter): Name = "Geometry.Height"; Value = "2mm"; VariantName = "[No Variations]"
Add component (AddParameter): Name = "Manufacturer_Name"; Value = "Infineon"; VariantName = "[No Variations]"
Add component (AddParameter): Name = "Manufacturer_Part_Number"; Value = "CY7C65213-28PVXIT"; VariantName = "[No Variations]"
Add component (AddParameter): Name = "Mouser Part Number"; Value = "727-CY7C6521328PVXIT"; VariantName = "[No Variations]"
Add component (AddParameter): Name = "Mouser Price/Stock"; Value = "https://www.mouser.co.uk/ProductDetail/Infineon-Technologies/CY7C65213-28PVXIT?qs=cwEsOGdHuFTfRgwUJVDa5g%3D%3D"; VariantName = "[No Variations]"
Added Component: Designator=C1(CAPC0805)
Add component (AddParameter): Name = "Supplier 1"; Value = "Digi-Key"; VariantName = "[No Variations]"
Add component (AddParameter): Name = "Supplier Part Number 1"; Value = "1276-1000-1-ND"; VariantName = "[No Variations]"
Add component (AddParameter): Name = "Value"; Value = "4.7n"; VariantName = "[No Variations]"
Added Component: Designator=C2(CAPC0805)
Add component (AddParameter): Name = "Supplier 1"; Value = "Digi-Key"; VariantName = "[No Variations]"
Add component (AddParameter): Name = "Supplier Part Number 1"; Value = "1276-1000-1-ND"; VariantName = "[No Variations]"
Add component (AddParameter): Name = "Value"; Value = "100nF"; VariantName = "[No Variations]"
Added Component: Designator=C3(CAPC0805)
Add component (AddParameter): Name = "Supplier 1"; Value = "Digi-Key"; VariantName = "[No Variations]"
Add component (AddParameter): Name = "Supplier Part Number 1"; Value = "1276-1000-1-ND"; VariantName = "[No Variations]"
Add component (AddParameter): Name = "Value"; Value = "100nF"; VariantName = "[No Variations]"
Added Component: Designator=C4(CAPC0805)
Add component (AddParameter): Name = "Supplier 1"; Value = "Digi-Key"; VariantName = "[No Variations]"
Add component (AddParameter): Name = "Supplier Part Number 1"; Value = "1276-1000-1-ND"; VariantName = "[No Variations]"
Add component (AddParameter): Name = "Value"; Value = "1uF"; VariantName = "[No Variations]"
Added Component: Designator=C5(CAPC0805)
Add component (AddParameter): Name = "Supplier 1"; Value = "Digi-Key"; VariantName = "[No Variations]"
Add component (AddParameter): Name = "Supplier Part Number 1"; Value = "1276-1000-1-ND"; VariantName = "[No Variations]"
Add component (AddParameter): Name = "Value"; Value = "1uF"; VariantName = "[No Variations]"
Added Component: Designator=C6(CAPC0805)
Add component (AddParameter): Name = "Supplier 1"; Value = "Digi-Key"; VariantName = "[No Variations]"
Add component (AddParameter): Name = "Supplier Part Number 1"; Value = "1276-1000-1-ND"; VariantName = "[No Variations]"
Add component (AddParameter): Name = "Value"; Value = "1u"; VariantName = "[No Variations]"
Added Component: Designator=C7(CAPC0805)
Add component (AddParameter): Name = "Supplier 1"; Value = "Digi-Key"; VariantName = "[No Variations]"
Add component (AddParameter): Name = "Supplier Part Number 1"; Value = "1276-1000-1-ND"; VariantName = "[No Variations]"
Add component (AddParameter): Name = "Value"; Value = "100n"; VariantName = "[No Variations]"
Added Component: Designator=C8(CAPC0805)
Add component (AddParameter): Name = "Supplier 1"; Value = "Digi-Key"; VariantName = "[No Variations]"
Add component (AddParameter): Name = "Supplier Part Number 1"; Value = "1276-1000-1-ND"; VariantName = "[No Variations]"
Add component (AddParameter): Name = "Value"; Value = "100n"; VariantName = "[No Variations]"
Added Component: Designator=C9(CAPC0805)
Add component (AddParameter): Name = "Supplier 1"; Value = "Digi-Key"; VariantName = "[No Variations]"
Add component (AddParameter): Name = "Supplier Part Number 1"; Value = "1276-1000-1-ND"; VariantName = "[No Variations]"
Add component (AddParameter): Name = "Value"; Value = "100n"; VariantName = "[No Variations]"
Added Component: Designator=C10(CAPC0805)
Add component (AddParameter): Name = "Supplier 1"; Value = "Digi-Key"; VariantName = "[No Variations]"
Add component (AddParameter): Name = "Supplier Part Number 1"; Value = "1276-1000-1-ND"; VariantName = "[No Variations]"
Add component (AddParameter): Name = "Value"; Value = "100n"; VariantName = "[No Variations]"
Added Component: Designator=C11(CAPC0805)
Add component (AddParameter): Name = "Supplier 1"; Value = "Digi-Key"; VariantName = "[No Variations]"
Add component (AddParameter): Name = "Supplier Part Number 1"; Value = "1276-1000-1-ND"; VariantName = "[No Variations]"
Add component (AddParameter): Name = "Value"; Value = "100n"; VariantName = "[No Variations]"
Added Component: Designator=C12(CAPC0805)
Add component (AddParameter): Name = "Supplier 1"; Value = "Digi-Key"; VariantName = "[No Variations]"
Add component (AddParameter): Name = "Supplier Part Number 1"; Value = "1276-1000-1-ND"; VariantName = "[No Variations]"
Add component (AddParameter): Name = "Value"; Value = "100n"; VariantName = "[No Variations]"
Added Component: Designator=C13(CAPC0805)
Add component (AddParameter): Name = "Supplier 1"; Value = "Digi-Key"; VariantName = "[No Variations]"
Add component (AddParameter): Name = "Supplier Part Number 1"; Value = "1276-1000-1-ND"; VariantName = "[No Variations]"
Add component (AddParameter): Name = "Value"; Value = "100n"; VariantName = "[No Variations]"
Added Component: Designator=C14(CAPC0805)
Add component (AddParameter): Name = "Supplier 1"; Value = "Digi-Key"; VariantName = "[No Variations]"
Add component (AddParameter): Name = "Supplier Part Number 1"; Value = "1276-1000-1-ND"; VariantName = "[No Variations]"
Add component (AddParameter): Name = "Value"; Value = "100n"; VariantName = "[No Variations]"
Added Component: Designator=C15(CAPC0805)
Add component (AddParameter): Name = "Supplier 1"; Value = "Digi-Key"; VariantName = "[No Variations]"
Add component (AddParameter): Name = "Supplier Part Number 1"; Value = "1276-1000-1-ND"; VariantName = "[No Variations]"
Add component (AddParameter): Name = "Value"; Value = "1u"; VariantName = "[No Variations]"
Added Component: Designator=C16(CAPC0805)
Add component (AddParameter): Name = "Supplier 1"; Value = "Digi-Key"; VariantName = "[No Variations]"
Add component (AddParameter): Name = "Supplier Part Number 1"; Value = "1276-1000-1-ND"; VariantName = "[No Variations]"
Add component (AddParameter): Name = "Value"; Value = "100n"; VariantName = "[No Variations]"
Added Component: Designator=C17(CAPC0805)
Add component (AddParameter): Name = "Supplier 1"; Value = "Digi-Key"; VariantName = "[No Variations]"
Add component (AddParameter): Name = "Supplier Part Number 1"; Value = "1276-1000-1-ND"; VariantName = "[No Variations]"
Add component (AddParameter): Name = "Value"; Value = "100n"; VariantName = "[No Variations]"
Added Component: Designator=C18(CAPC0805)
Add component (AddParameter): Name = "Supplier 1"; Value = "Digi-Key"; VariantName = "[No Variations]"
Add component (AddParameter): Name = "Supplier Part Number 1"; Value = "1276-1000-1-ND"; VariantName = "[No Variations]"
Add component (AddParameter): Name = "Value"; Value = "100n"; VariantName = "[No Variations]"
Added Component: Designator=C19(CAPC0805)
Add component (AddParameter): Name = "Supplier 1"; Value = "Digi-Key"; VariantName = "[No Variations]"
Add component (AddParameter): Name = "Supplier Part Number 1"; Value = "1276-1000-1-ND"; VariantName = "[No Variations]"
Add component (AddParameter): Name = "Value"; Value = "27pF"; VariantName = "[No Variations]"
Added Component: Designator=C20(CAPC0805)
Add component (AddParameter): Name = "Supplier 1"; Value = "Digi-Key"; VariantName = "[No Variations]"
Add component (AddParameter): Name = "Supplier Part Number 1"; Value = "1276-1000-1-ND"; VariantName = "[No Variations]"
Add component (AddParameter): Name = "Value"; Value = "27pF"; VariantName = "[No Variations]"
Added Component: Designator=C21(CAPC0805)
Add component (AddParameter): Name = "Supplier 1"; Value = "Digi-Key"; VariantName = "[No Variations]"
Add component (AddParameter): Name = "Supplier Part Number 1"; Value = "1276-1000-1-ND"; VariantName = "[No Variations]"
Add component (AddParameter): Name = "Value"; Value = "100n"; VariantName = "[No Variations]"
Added Component: Designator=C22(CAPC0805)
Add component (AddParameter): Name = "Supplier 1"; Value = "Digi-Key"; VariantName = "[No Variations]"
Add component (AddParameter): Name = "Supplier Part Number 1"; Value = "1276-1000-1-ND"; VariantName = "[No Variations]"
Add component (AddParameter): Name = "Value"; Value = "100n"; VariantName = "[No Variations]"
Added Component: Designator=C23(CAPC0805)
Add component (AddParameter): Name = "Supplier 1"; Value = "Digi-Key"; VariantName = "[No Variations]"
Add component (AddParameter): Name = "Supplier Part Number 1"; Value = "1276-1000-1-ND"; VariantName = "[No Variations]"
Add component (AddParameter): Name = "Value"; Value = "CT"; VariantName = "[No Variations]"
Added Component: Designator=C24(CAPC0805)
Add component (AddParameter): Name = "Supplier 1"; Value = "Digi-Key"; VariantName = "[No Variations]"
Add component (AddParameter): Name = "Supplier Part Number 1"; Value = "1276-1000-1-ND"; VariantName = "[No Variations]"
Add component (AddParameter): Name = "Value"; Value = "4.7u"; VariantName = "[No Variations]"
Added Component: Designator=C25(CAPC0805)
Add component (AddParameter): Name = "Supplier 1"; Value = "Digi-Key"; VariantName = "[No Variations]"
Add component (AddParameter): Name = "Supplier Part Number 1"; Value = "1276-1000-1-ND"; VariantName = "[No Variations]"
Add component (AddParameter): Name = "Value"; Value = "100n"; VariantName = "[No Variations]"
Added Component: Designator=C26(CAPC0805)
Add component (AddParameter): Name = "Supplier 1"; Value = "Digi-Key"; VariantName = "[No Variations]"
Add component (AddParameter): Name = "Supplier Part Number 1"; Value = "1276-1000-1-ND"; VariantName = "[No Variations]"
Add component (AddParameter): Name = "Value"; Value = "4.7u"; VariantName = "[No Variations]"
Added Component: Designator=C27(CAPC0805)
Add component (AddParameter): Name = "Supplier 1"; Value = "Digi-Key"; VariantName = "[No Variations]"
Add component (AddParameter): Name = "Supplier Part Number 1"; Value = "1276-1000-1-ND"; VariantName = "[No Variations]"
Add component (AddParameter): Name = "Value"; Value = "100n"; VariantName = "[No Variations]"
Add Component: Footprint Not Found DIO_BZT52C4V7S_R9
Added Component: Designator=D2(DPAK_TN)
Add component (AddParameter): Name = "Availability"; Value = "In Stock"; VariantName = "[No Variations]"
Add component (AddParameter): Name = "Check_prices"; Value = "https://www.snapeda.com/parts/BZT52C4V7S%20R9/Taiwan+Semiconductor/view-part/?ref=eda"; VariantName = "[No Variations]"
Add component (AddParameter): Name = "MF"; Value = "Taiwan Semiconductor"; VariantName = "[No Variations]"
Add component (AddParameter): Name = "MP"; Value = "BZT52C4V7S R9"; VariantName = "[No Variations]"
Add component (AddParameter): Name = "Package"; Value = "SOD-323F-2 Taiwan Semiconductor"; VariantName = "[No Variations]"
Add component (AddParameter): Name = "Price"; Value = "None"; VariantName = "[No Variations]"
Add component (AddParameter): Name = "SnapEDA_Link"; Value = "https://www.snapeda.com/parts/BZT52C4V7S%20R9/Taiwan+Semiconductor/view-part/?ref=snap"; VariantName = "[No Variations]"
Add component (AddParameter): Name = "Supplier 1"; Value = "Digikey"; VariantName = "[No Variations]"
Add component (AddParameter): Name = "Supplier Part Number 1"; Value = "497-6769-1-ND"; VariantName = "[No Variations]"
Add component (AddParameter): Name = "Value"; Value = ""; VariantName = "[No Variations]"
Add Component: Footprint Not Found DIO_BZT52C4V7S_R9
Added Component: Designator=D4(DPAK_TN)
Add component (AddParameter): Name = "Availability"; Value = "In Stock"; VariantName = "[No Variations]"
Add component (AddParameter): Name = "Check_prices"; Value = "https://www.snapeda.com/parts/BZT52C4V7S%20R9/Taiwan+Semiconductor/view-part/?ref=eda"; VariantName = "[No Variations]"
Add component (AddParameter): Name = "MF"; Value = "Taiwan Semiconductor"; VariantName = "[No Variations]"
Add component (AddParameter): Name = "MP"; Value = "BZT52C4V7S R9"; VariantName = "[No Variations]"
Add component (AddParameter): Name = "Package"; Value = "SOD-323F-2 Taiwan Semiconductor"; VariantName = "[No Variations]"
Add component (AddParameter): Name = "Price"; Value = "None"; VariantName = "[No Variations]"
Add component (AddParameter): Name = "SnapEDA_Link"; Value = "https://www.snapeda.com/parts/BZT52C4V7S%20R9/Taiwan+Semiconductor/view-part/?ref=snap"; VariantName = "[No Variations]"
Add component (AddParameter): Name = "Supplier 1"; Value = "Digikey"; VariantName = "[No Variations]"
Add component (AddParameter): Name = "Supplier Part Number 1"; Value = "497-6769-1-ND"; VariantName = "[No Variations]"
Add component (AddParameter): Name = "Value"; Value = ""; VariantName = "[No Variations]"
Added Component: Designator=F1(FUSE_3568)
Add component (AddParameter): Name = "Availability"; Value = "Unavailable"; VariantName = "[No Variations]"
Add component (AddParameter): Name = "MF"; Value = ""; VariantName = "[No Variations]"
Add component (AddParameter): Name = "MP"; Value = "3568"; VariantName = "[No Variations]"
Add component (AddParameter): Name = "Package"; Value = "None"; VariantName = "[No Variations]"
Add component (AddParameter): Name = "Price"; Value = "None"; VariantName = "[No Variations]"
Add component (AddParameter): Name = "Value"; Value = ""; VariantName = "[No Variations]"
Added Component: Designator=F2(FUSE_3568)
Add component (AddParameter): Name = "Availability"; Value = "Unavailable"; VariantName = "[No Variations]"
Add component (AddParameter): Name = "MF"; Value = ""; VariantName = "[No Variations]"
Add component (AddParameter): Name = "MP"; Value = "3568"; VariantName = "[No Variations]"
Add component (AddParameter): Name = "Package"; Value = "None"; VariantName = "[No Variations]"
Add component (AddParameter): Name = "Price"; Value = "None"; VariantName = "[No Variations]"
Add component (AddParameter): Name = "Value"; Value = ""; VariantName = "[No Variations]"
Added Component: Designator=J2(SAMTEC_FTSH-110-01-L-DV-007)
Add component (AddParameter): Name = "Supplier 1"; Value = "Digi-Key"; VariantName = "[No Variations]"
Add component (AddParameter): Name = "Supplier Part Number 1"; Value = "SAM9456-ND"; VariantName = "[No Variations]"
Added Component: Designator=J3(GCT_USB4120-03-C_REVA)
Add component (AddParameter): Name = "Availability"; Value = "Unavailable"; VariantName = "[No Variations]"
Add component (AddParameter): Name = "MF"; Value = ""; VariantName = "[No Variations]"
Add component (AddParameter): Name = "MP"; Value = "USB4120-03-C_REVA"; VariantName = "[No Variations]"
Add component (AddParameter): Name = "Package"; Value = "None"; VariantName = "[No Variations]"
Add component (AddParameter): Name = "Price"; Value = "None"; VariantName = "[No Variations]"
Add component (AddParameter): Name = "Value"; Value = ""; VariantName = "[No Variations]"
Added Component: Designator=J4(GCT_USB4120-03-C_REVA)
Add component (AddParameter): Name = "Availability"; Value = "Unavailable"; VariantName = "[No Variations]"
Add component (AddParameter): Name = "MF"; Value = ""; VariantName = "[No Variations]"
Add component (AddParameter): Name = "MP"; Value = "USB4120-03-C_REVA"; VariantName = "[No Variations]"
Add component (AddParameter): Name = "Package"; Value = "None"; VariantName = "[No Variations]"
Add component (AddParameter): Name = "Price"; Value = "None"; VariantName = "[No Variations]"
Add component (AddParameter): Name = "Value"; Value = ""; VariantName = "[No Variations]"
Added Component: Designator=J5(TE_1877285-2)
Add component (AddParameter): Name = "Supplier 1"; Value = "Digi-Key"; VariantName = "[No Variations]"
Add component (AddParameter): Name = "Supplier Part Number 1"; Value = "A99845-ND"; VariantName = "[No Variations]"
Added Component: Designator=J6(TE_1877285-2)
Add component (AddParameter): Name = "Supplier 1"; Value = "Digi-Key"; VariantName = "[No Variations]"
Add component (AddParameter): Name = "Supplier Part Number 1"; Value = "A99845-ND"; VariantName = "[No Variations]"
Added Component: Designator=J7(CNC_3221-10-0300-00)
Added Component: Designator=J8(AMPHENOL_RJHSE3381)
Add component (AddParameter): Name = "Supplier 1"; Value = "Digi-Key"; VariantName = "[No Variations]"
Add component (AddParameter): Name = "Supplier Part Number 1"; Value = "RJHSE-3381-ND"; VariantName = "[No Variations]"
Added Component: Designator=J9(PREC014DAAN-RC)
Add component (AddParameter): Name = "Supplier 1"; Value = "Digikey"; VariantName = "[No Variations]"
Add component (AddParameter): Name = "Supplier Part Number 1"; Value = "S2012EC-14-ND"; VariantName = "[No Variations]"
Added Component: Designator=JMP1(2PinJumper)
Added Component: Designator=JMP2(2PinJumper)
Added Component: Designator=JMP3(2PinJumper)
Added Component: Designator=JMP4(2PinJumper)
Added Component: Designator=LED1(LED0603)
Add component (AddParameter): Name = "Color"; Value = "Yellow"; VariantName = "[No Variations]"
Add component (AddParameter): Name = "Supplier 1"; Value = "Digi-Key"; VariantName = "[No Variations]"
Add component (AddParameter): Name = "Supplier Part Number 1"; Value = "754-1122-1-ND"; VariantName = "[No Variations]"
Added Component: Designator=LED2(LED0603)
Add component (AddParameter): Name = "Color"; Value = "Red"; VariantName = "[No Variations]"
Add component (AddParameter): Name = "Supplier 1"; Value = "Digi-Key"; VariantName = "[No Variations]"
Add component (AddParameter): Name = "Supplier Part Number 1"; Value = "754-1122-1-ND"; VariantName = "[No Variations]"
Added Component: Designator=LED3(LED0603)
Add component (AddParameter): Name = "Color"; Value = "Red"; VariantName = "[No Variations]"
Add component (AddParameter): Name = "Supplier 1"; Value = "Digi-Key"; VariantName = "[No Variations]"
Add component (AddParameter): Name = "Supplier Part Number 1"; Value = "754-1122-1-ND"; VariantName = "[No Variations]"
Added Component: Designator=LED4(LED0603)
Add component (AddParameter): Name = "Color"; Value = "Yellow"; VariantName = "[No Variations]"
Add component (AddParameter): Name = "Supplier 1"; Value = "Digi-Key"; VariantName = "[No Variations]"
Add component (AddParameter): Name = "Supplier Part Number 1"; Value = "754-1122-1-ND"; VariantName = "[No Variations]"
Added Component: Designator=LED5(LED0603)
Add component (AddParameter): Name = "Color"; Value = "Green"; VariantName = "[No Variations]"
Add component (AddParameter): Name = "Supplier 1"; Value = "Digi-Key"; VariantName = "[No Variations]"
Add component (AddParameter): Name = "Supplier Part Number 1"; Value = "754-1122-1-ND"; VariantName = "[No Variations]"
Added Component: Designator=LED6(LED0603)
Add component (AddParameter): Name = "Color"; Value = "Orange"; VariantName = "[No Variations]"
Add component (AddParameter): Name = "Supplier 1"; Value = "Digi-Key"; VariantName = "[No Variations]"
Add component (AddParameter): Name = "Supplier Part Number 1"; Value = "754-1122-1-ND"; VariantName = "[No Variations]"
Added Component: Designator=Q1(TRANS_AONR21321)
Add component (AddParameter): Name = "Check_prices"; Value = "https://www.snapeda.com/parts/AONR21321/Alpha+%2526+Omega+Semiconductor+Inc./view-part/?ref=eda"; VariantName = "[No Variations]"
Add component (AddParameter): Name = "MF"; Value = "Alpha &"; VariantName = "[No Variations]"
Add component (AddParameter): Name = "MP"; Value = "AONR21321"; VariantName = "[No Variations]"
Add component (AddParameter): Name = "Package"; Value = "PowerVDFN-8 Alpha &amp; Omega Semiconductor Inc."; VariantName = "[No Variations]"
Add component (AddParameter): Name = "SnapEDA_Link"; Value = "https://www.snapeda.com/parts/AONR21321/Alpha+%2526+Omega+Semiconductor+Inc./view-part/?ref=snap"; VariantName = "[No Variations]"
Add component (AddParameter): Name = "Supplier 1"; Value = "Digikey"; VariantName = "[No Variations]"
Add component (AddParameter): Name = "Supplier Part Number 1"; Value = "785-1797-1-ND"; VariantName = "[No Variations]"
Add component (AddParameter): Name = "Value"; Value = ""; VariantName = "[No Variations]"
Added Component: Designator=Q2(TRANS_AONR21321)
Add component (AddParameter): Name = "Check_prices"; Value = "https://www.snapeda.com/parts/AONR21321/Alpha+%2526+Omega+Semiconductor+Inc./view-part/?ref=eda"; VariantName = "[No Variations]"
Add component (AddParameter): Name = "MF"; Value = "Alpha &"; VariantName = "[No Variations]"
Add component (AddParameter): Name = "MP"; Value = "AONR21321"; VariantName = "[No Variations]"
Add component (AddParameter): Name = "Package"; Value = "PowerVDFN-8 Alpha &amp; Omega Semiconductor Inc."; VariantName = "[No Variations]"
Add component (AddParameter): Name = "SnapEDA_Link"; Value = "https://www.snapeda.com/parts/AONR21321/Alpha+%2526+Omega+Semiconductor+Inc./view-part/?ref=snap"; VariantName = "[No Variations]"
Add component (AddParameter): Name = "Supplier 1"; Value = "Digikey"; VariantName = "[No Variations]"
Add component (AddParameter): Name = "Supplier Part Number 1"; Value = "785-1797-1-ND"; VariantName = "[No Variations]"
Add component (AddParameter): Name = "Value"; Value = ""; VariantName = "[No Variations]"
Added Component: Designator=R1(RES0805)
Add component (AddParameter): Name = "Supplier 1"; Value = "Digi-Key"; VariantName = "[No Variations]"
Add component (AddParameter): Name = "Supplier Part Number 1"; Value = "RMCF0603JT10K0CT-ND"; VariantName = "[No Variations]"
Add component (AddParameter): Name = "Value"; Value = "5k1"; VariantName = "[No Variations]"
Added Component: Designator=R2(RES0805)
Add component (AddParameter): Name = "Supplier 1"; Value = "Digi-Key"; VariantName = "[No Variations]"
Add component (AddParameter): Name = "Supplier Part Number 1"; Value = "RMCF0603JT10K0CT-ND"; VariantName = "[No Variations]"
Add component (AddParameter): Name = "Value"; Value = "5k1"; VariantName = "[No Variations]"
Added Component: Designator=R3(RES0805)
Add component (AddParameter): Name = "Supplier 1"; Value = "Digi-Key"; VariantName = "[No Variations]"
Add component (AddParameter): Name = "Supplier Part Number 1"; Value = "RMCF0603JT10K0CT-ND"; VariantName = "[No Variations]"
Add component (AddParameter): Name = "Value"; Value = "220"; VariantName = "[No Variations]"
Added Component: Designator=R4(RES0603)
Add component (AddParameter): Name = "Supplier 1"; Value = "Digi-Key"; VariantName = "[No Variations]"
Add component (AddParameter): Name = "Supplier Part Number 1"; Value = "RMCF0603JT10K0CT-ND"; VariantName = "[No Variations]"
Add component (AddParameter): Name = "Value"; Value = "60.4"; VariantName = "[No Variations]"
Added Component: Designator=R5(RES0603)
Add component (AddParameter): Name = "Supplier 1"; Value = "Digi-Key"; VariantName = "[No Variations]"
Add component (AddParameter): Name = "Supplier Part Number 1"; Value = "RMCF0603JT10K0CT-ND"; VariantName = "[No Variations]"
Add component (AddParameter): Name = "Value"; Value = "60.4"; VariantName = "[No Variations]"
Added Component: Designator=R6(RES0805)
Add component (AddParameter): Name = "Supplier 1"; Value = "Digi-Key"; VariantName = "[No Variations]"
Add component (AddParameter): Name = "Supplier Part Number 1"; Value = "RMCF0603JT10K0CT-ND"; VariantName = "[No Variations]"
Add component (AddParameter): Name = "Value"; Value = "220"; VariantName = "[No Variations]"
Added Component: Designator=R7(RES0805)
Add component (AddParameter): Name = "Supplier 1"; Value = "Digi-Key"; VariantName = "[No Variations]"
Add component (AddParameter): Name = "Supplier Part Number 1"; Value = "RMCF0603JT10K0CT-ND"; VariantName = "[No Variations]"
Add component (AddParameter): Name = "Value"; Value = "3k3"; VariantName = "[No Variations]"
Added Component: Designator=R8(RES0805)
Add component (AddParameter): Name = "Supplier 1"; Value = "Digi-Key"; VariantName = "[No Variations]"
Add component (AddParameter): Name = "Supplier Part Number 1"; Value = "RMCF0603JT10K0CT-ND"; VariantName = "[No Variations]"
Add component (AddParameter): Name = "Value"; Value = "3k3"; VariantName = "[No Variations]"
Added Component: Designator=R9(RES0805)
Add component (AddParameter): Name = "Supplier 1"; Value = "Digi-Key"; VariantName = "[No Variations]"
Add component (AddParameter): Name = "Supplier Part Number 1"; Value = "RMCF0603JT10K0CT-ND"; VariantName = "[No Variations]"
Add component (AddParameter): Name = "Value"; Value = "1k"; VariantName = "[No Variations]"
Added Component: Designator=R10(RES0805)
Add component (AddParameter): Name = "Supplier 1"; Value = "Digi-Key"; VariantName = "[No Variations]"
Add component (AddParameter): Name = "Supplier Part Number 1"; Value = "RMCF0603JT10K0CT-ND"; VariantName = "[No Variations]"
Add component (AddParameter): Name = "Value"; Value = "1k"; VariantName = "[No Variations]"
Added Component: Designator=R11(RES0805)
Add component (AddParameter): Name = "Supplier 1"; Value = "Digi-Key"; VariantName = "[No Variations]"
Add component (AddParameter): Name = "Supplier Part Number 1"; Value = "RMCF0603JT10K0CT-ND"; VariantName = "[No Variations]"
Add component (AddParameter): Name = "Value"; Value = "1k"; VariantName = "[No Variations]"
Added Component: Designator=R12(RES0805)
Add component (AddParameter): Name = "Supplier 1"; Value = "Digi-Key"; VariantName = "[No Variations]"
Add component (AddParameter): Name = "Supplier Part Number 1"; Value = "RMCF0603JT10K0CT-ND"; VariantName = "[No Variations]"
Add component (AddParameter): Name = "Value"; Value = "1k"; VariantName = "[No Variations]"
Added Component: Designator=R13(RES0805)
Add component (AddParameter): Name = "Supplier 1"; Value = "Digi-Key"; VariantName = "[No Variations]"
Add component (AddParameter): Name = "Supplier Part Number 1"; Value = "RMCF0603JT10K0CT-ND"; VariantName = "[No Variations]"
Add component (AddParameter): Name = "Value"; Value = "DNP"; VariantName = "[No Variations]"
Added Component: Designator=R14(RES0805)
Add component (AddParameter): Name = "Supplier 1"; Value = "Digi-Key"; VariantName = "[No Variations]"
Add component (AddParameter): Name = "Supplier Part Number 1"; Value = "RMCF0603JT10K0CT-ND"; VariantName = "[No Variations]"
Add component (AddParameter): Name = "Value"; Value = "1k"; VariantName = "[No Variations]"
Added Component: Designator=R15(RES0805)
Add component (AddParameter): Name = "Supplier 1"; Value = "Digi-Key"; VariantName = "[No Variations]"
Add component (AddParameter): Name = "Supplier Part Number 1"; Value = "RMCF0603JT10K0CT-ND"; VariantName = "[No Variations]"
Add component (AddParameter): Name = "Value"; Value = "27.4"; VariantName = "[No Variations]"
Added Component: Designator=R16(RES0805)
Add component (AddParameter): Name = "Supplier 1"; Value = "Digi-Key"; VariantName = "[No Variations]"
Add component (AddParameter): Name = "Supplier Part Number 1"; Value = "RMCF0603JT10K0CT-ND"; VariantName = "[No Variations]"
Add component (AddParameter): Name = "Value"; Value = "1k"; VariantName = "[No Variations]"
Added Component: Designator=R17(RES0805)
Add component (AddParameter): Name = "Supplier 1"; Value = "Digi-Key"; VariantName = "[No Variations]"
Add component (AddParameter): Name = "Supplier Part Number 1"; Value = "RMCF0603JT10K0CT-ND"; VariantName = "[No Variations]"
Add component (AddParameter): Name = "Value"; Value = "27.4"; VariantName = "[No Variations]"
Added Component: Designator=R18(RES0805)
Add component (AddParameter): Name = "Supplier 1"; Value = "Digi-Key"; VariantName = "[No Variations]"
Add component (AddParameter): Name = "Supplier Part Number 1"; Value = "RMCF0603JT10K0CT-ND"; VariantName = "[No Variations]"
Add component (AddParameter): Name = "Value"; Value = "1k"; VariantName = "[No Variations]"
Added Component: Designator=R19(RES0603)
Add component (AddParameter): Name = "Supplier 1"; Value = "Digi-Key"; VariantName = "[No Variations]"
Add component (AddParameter): Name = "Supplier Part Number 1"; Value = "RMCF0603JT10K0CT-ND"; VariantName = "[No Variations]"
Add component (AddParameter): Name = "Value"; Value = "RT/2"; VariantName = "[No Variations]"
Added Component: Designator=R20(RES0603)
Add component (AddParameter): Name = "Supplier 1"; Value = "Digi-Key"; VariantName = "[No Variations]"
Add component (AddParameter): Name = "Supplier Part Number 1"; Value = "RMCF0603JT10K0CT-ND"; VariantName = "[No Variations]"
Add component (AddParameter): Name = "Value"; Value = "RT/2"; VariantName = "[No Variations]"
Added Component: Designator=R21(RES0603)
Add component (AddParameter): Name = "Supplier 1"; Value = "Digi-Key"; VariantName = "[No Variations]"
Add component (AddParameter): Name = "Supplier Part Number 1"; Value = "RMCF0603JT10K0CT-ND"; VariantName = "[No Variations]"
Add component (AddParameter): Name = "Value"; Value = "1k"; VariantName = "[No Variations]"
Added Component: Designator=R22(RES0603)
Add component (AddParameter): Name = "Supplier 1"; Value = "Digi-Key"; VariantName = "[No Variations]"
Add component (AddParameter): Name = "Supplier Part Number 1"; Value = "RMCF0603JT10K0CT-ND"; VariantName = "[No Variations]"
Add component (AddParameter): Name = "Value"; Value = "1k"; VariantName = "[No Variations]"
Added Component: Designator=SW1(SW_JS202011SCQN)
Add component (AddParameter): Name = "Supplier 1"; Value = "Digikey"; VariantName = "[No Variations]"
Add component (AddParameter): Name = "Supplier Part Number 1"; Value = "401-2002-1-ND"; VariantName = "[No Variations]"
Added Component: Designator=SW2(SW_PTS810_SJM_250_SMTR_LFS)
Add component (AddParameter): Name = "Supplier 1"; Value = "Digikey"; VariantName = "[No Variations]"
Add component (AddParameter): Name = "Supplier Part Number 1"; Value = "CKN10503CT-ND"; VariantName = "[No Variations]"
Added Component: Designator=SW3(SW_PTS810_SJM_250_SMTR_LFS)
Add component (AddParameter): Name = "Supplier 1"; Value = "Digikey"; VariantName = "[No Variations]"
Add component (AddParameter): Name = "Supplier Part Number 1"; Value = "CKN10503CT-ND"; VariantName = "[No Variations]"
Added Component: Designator=TP1(TPAD-60MIL)
Added Component: Designator=TP2(TPAD-60MIL)
Added Component: Designator=TP3(TPAD-60MIL)
Added Component: Designator=TP4(TPAD-60MIL)
Added Component: Designator=TP5(TPAD-60MIL)
Added Component: Designator=TP6(TPAD-60MIL)
Added Component: Designator=TP7(TPTH-100mil)
Added Component: Designator=TP8(TPTH-100mil)
Added Component: Designator=TP9(TPTH-100mil)
Added Component: Designator=TP10(TPTH-100mil)
Added Component: Designator=TP11(TPTH-100mil)
Added Component: Designator=TP12(TPTH-100mil)
Added Component: Designator=TP13(TPTH-100mil)
Added Component: Designator=TP14(TPTH-100mil)
Added Component: Designator=TP15(TPTH-100mil)
Added Component: Designator=TP16(TPTH-100mil)
Added Component: Designator=TP17(TPTH-100mil)
Added Component: Designator=TP18(TPTH-100mil)
Added Component: Designator=TP19(TPAD-60MIL)
Added Component: Designator=TP20(TPAD-60MIL)
Added Component: Designator=TP21(TPAD-60MIL)
Added Component: Designator=TP22(TPAD-60MIL)
Added Component: Designator=TP23(TPAD-60MIL)
Added Component: Designator=U1(VREG_TLV75733PDRVR)
Add component (AddParameter): Name = "Supplier 1"; Value = "Digikey"; VariantName = "[No Variations]"
Add component (AddParameter): Name = "Supplier Part Number 1"; Value = "296-49281-1-ND"; VariantName = "[No Variations]"
Added Component: Designator=U2(QFN40P700X700X90-57N)
Add component (AddParameter): Name = "Check_prices"; Value = "https://www.snapeda.com/parts/SC0914(13)/Raspberry+Pi/view-part/?ref=eda"; VariantName = "[No Variations]"
Add component (AddParameter): Name = "MF"; Value = "Raspberry Pi"; VariantName = "[No Variations]"
Add component (AddParameter): Name = "MP"; Value = "SC0914(13)"; VariantName = "[No Variations]"
Add component (AddParameter): Name = "Package"; Value = "VFQFN-56 Raspberry Pi"; VariantName = "[No Variations]"
Add component (AddParameter): Name = "SnapEDA_Link"; Value = "https://www.snapeda.com/parts/SC0914(13)/Raspberry+Pi/view-part/?ref=snap"; VariantName = "[No Variations]"
Add component (AddParameter): Name = "Supplier 1"; Value = "Digikey"; VariantName = "[No Variations]"
Add component (AddParameter): Name = "Supplier Part Number 1"; Value = "2648-SC0914(13)CT-ND"; VariantName = "[No Variations]"
Add component (AddParameter): Name = "Value"; Value = ""; VariantName = "[No Variations]"
Added Component: Designator=U3(SOIC127P790X216-8N)
Added Component: Designator=U4(SOT65P280X110-8N)
Add component (AddParameter): Name = "Supplier 1"; Value = "Digikey"; VariantName = "[No Variations]"
Add component (AddParameter): Name = "Supplier Part Number 1"; Value = "296-TCAN1057ADDFRQ1CT-ND"; VariantName = "[No Variations]"
Added Component: Designator=X1(ABLS-12.000MHZ)
Add component (AddParameter): Name = "Supplier 1"; Value = "Digikey"; VariantName = "[No Variations]"
Add component (AddParameter): Name = "Supplier Part Number 1"; Value = "535-9067-1-ND"; VariantName = "[No Variations]"
Added Pin To Net: NetName=GND Pin=B1-7
Added Pin To Net: NetName=GND Pin=B1-18
Added Pin To Net: NetName=GND Pin=B1-21
Added Pin To Net: NetName=GND Pin=C1-2
Added Pin To Net: NetName=GND Pin=C2-2
Added Pin To Net: NetName=GND Pin=C3-2
Added Pin To Net: NetName=GND Pin=C4-2
Added Pin To Net: NetName=GND Pin=C5-2
Added Pin To Net: NetName=GND Pin=C6-2
Added Pin To Net: NetName=GND Pin=C7-2
Added Pin To Net: NetName=GND Pin=C8-2
Added Pin To Net: NetName=GND Pin=C9-2
Added Pin To Net: NetName=GND Pin=C10-2
Added Pin To Net: NetName=GND Pin=C11-2
Added Pin To Net: NetName=GND Pin=C12-2
Added Pin To Net: NetName=GND Pin=C13-2
Added Pin To Net: NetName=GND Pin=C14-2
Added Pin To Net: NetName=GND Pin=C15-2
Added Pin To Net: NetName=GND Pin=C16-2
Added Pin To Net: NetName=GND Pin=C17-2
Added Pin To Net: NetName=GND Pin=C18-2
Added Pin To Net: NetName=GND Pin=C19-1
Added Pin To Net: NetName=GND Pin=C20-1
Added Pin To Net: NetName=GND Pin=C21-2
Added Pin To Net: NetName=GND Pin=C22-2
Added Pin To Net: NetName=GND Pin=C23-2
Added Pin To Net: NetName=GND Pin=C24-2
Added Pin To Net: NetName=GND Pin=C25-2
Added Pin To Net: NetName=GND Pin=C26-2
Added Pin To Net: NetName=GND Pin=C27-2
Add Pin To Net: Unknown Pin: Pin D1-K
Added Pin To Net: NetName=GND Pin=D2-K
Add Pin To Net: Unknown Pin: Pin D3-K
Added Pin To Net: NetName=GND Pin=D4-K
Added Pin To Net: NetName=GND Pin=J1-13
Added Pin To Net: NetName=GND Pin=J1-14
Added Pin To Net: NetName=GNDDetect Pin=J1-15
Added Pin To Net: NetName=TRACECLK Pin=J1-16
Added Pin To Net: NetName=GND Pin=J1-17
Added Pin To Net: NetName=GND Pin=J1-18
Added Pin To Net: NetName=JTDI Pin=J1-19
Added Pin To Net: NetName=TRD0 Pin=J1-20
Added Pin To Net: NetName=TRD1 Pin=J1-22
Added Pin To Net: NetName=TRD2 Pin=J1-26
Added Pin To Net: NetName=TRD3 Pin=J1-28
Added Pin To Net: NetName=+5V Pin=J1-43
Added Pin To Net: NetName=+3V3 Pin=J1-44
Added Pin To Net: NetName=+5V Pin=J1-45
Added Pin To Net: NetName=+3V3 Pin=J1-46
Added Pin To Net: NetName=GND Pin=J1-47
Added Pin To Net: NetName=GND Pin=J1-48
Added Pin To Net: NetName=GND Pin=J1-53
Added Pin To Net: NetName=GND Pin=J1-54
Added Pin To Net: NetName=GND Pin=J1-65
Added Pin To Net: NetName=GND Pin=J1-66
Added Pin To Net: NetName=GND Pin=J1-71
Added Pin To Net: NetName=GND Pin=J1-72
Added Pin To Net: NetName=+3V3 Pin=J1-73
Added Pin To Net: NetName=+5V Pin=J1-74
Added Pin To Net: NetName=+3V3 Pin=J1-75
Added Pin To Net: NetName=+5V Pin=J1-76
Added Pin To Net: NetName=+3V3 Pin=J1-77
Added Pin To Net: NetName=+5V Pin=J1-78
Added Pin To Net: NetName=GND Pin=J1-79
Added Pin To Net: NetName=GND Pin=J1-80
Added Pin To Net: NetName=VREF Pin=J2-1
Added Pin To Net: NetName=GND Pin=J2-3
Added Pin To Net: NetName=GND Pin=J2-5
Added Pin To Net: NetName=JTDI Pin=J2-8
Added Pin To Net: NetName=GNDDetect Pin=J2-9
Added Pin To Net: NetName=JnRST Pin=J2-10
Added Pin To Net: NetName=GND Pin=J2-11
Added Pin To Net: NetName=TRACECLK Pin=J2-12
Added Pin To Net: NetName=GND Pin=J2-13
Added Pin To Net: NetName=TRD0 Pin=J2-14
Added Pin To Net: NetName=GND Pin=J2-15
Added Pin To Net: NetName=TRD1 Pin=J2-16
Added Pin To Net: NetName=GND Pin=J2-17
Added Pin To Net: NetName=TRD2 Pin=J2-18
Added Pin To Net: NetName=GND Pin=J2-19
Added Pin To Net: NetName=TRD3 Pin=J2-20
Added Pin To Net: NetName=GND Pin=J3-A1
Added Pin To Net: NetName=GND Pin=J3-A12
Added Pin To Net: NetName=GND Pin=J3-B1
Added Pin To Net: NetName=GND Pin=J3-B12
Added Pin To Net: NetName=GND Pin=J3-S1
Added Pin To Net: NetName=GND Pin=J3-S2
Added Pin To Net: NetName=GND Pin=J3-S3
Added Pin To Net: NetName=GND Pin=J3-S4
Added Pin To Net: NetName=GND Pin=J4-A1
Added Pin To Net: NetName=GND Pin=J4-A12
Added Pin To Net: NetName=GND Pin=J4-B1
Added Pin To Net: NetName=GND Pin=J4-B12
Added Pin To Net: NetName=GND Pin=J4-S1
Added Pin To Net: NetName=GND Pin=J4-S2
Added Pin To Net: NetName=GND Pin=J4-S3
Added Pin To Net: NetName=GND Pin=J4-S4
Added Pin To Net: NetName=GND Pin=J5-2
Added Pin To Net: NetName=GND Pin=J6-2
Added Pin To Net: NetName=GND Pin=J7-3
Added Pin To Net: NetName=GND Pin=J7-5
Added Pin To Net: NetName=GND Pin=J7-7
Added Pin To Net: NetName=GND Pin=J7-9
Added Pin To Net: NetName=GND Pin=J8-3
Added Pin To Net: NetName=GND Pin=J8-7
Added Pin To Net: NetName=GND Pin=J8-S1
Added Pin To Net: NetName=GND Pin=J8-S2
Added Pin To Net: NetName=GND Pin=J9-2
Added Pin To Net: NetName=GND Pin=J9-16
Added Pin To Net: NetName=GND Pin=J9-28
Added Pin To Net: NetName=+3V3 Pin=JMP3-2
Added Pin To Net: NetName=+5V Pin=JMP4-2
Added Pin To Net: NetName=GND Pin=LED1-C
Added Pin To Net: NetName=GND Pin=LED2-C
Added Pin To Net: NetName=GND Pin=LED3-C
Added Pin To Net: NetName=GND Pin=LED4-C
Added Pin To Net: NetName=+3V3 Pin=Q1-1
Added Pin To Net: NetName=+3V3 Pin=Q1-2
Added Pin To Net: NetName=+3V3 Pin=Q1-3
Added Pin To Net: NetName=+3V3 Pin=Q1-4
Added Pin To Net: NetName=+5V Pin=Q2-1
Added Pin To Net: NetName=+5V Pin=Q2-2
Added Pin To Net: NetName=+5V Pin=Q2-3
Added Pin To Net: NetName=+5V Pin=Q2-4
Added Pin To Net: NetName=GND Pin=R1-2
Added Pin To Net: NetName=GND Pin=R2-2
Added Pin To Net: NetName=+5V Pin=R3-1
Added Pin To Net: NetName=+5V Pin=R6-1
Added Pin To Net: NetName=GND Pin=R7-2
Added Pin To Net: NetName=GND Pin=R8-2
Added Pin To Net: NetName=+3V3 Pin=R9-1
Added Pin To Net: NetName=+5V Pin=R10-1
Added Pin To Net: NetName=+3V3 Pin=SW1-1
Added Pin To Net: NetName=+3V3 Pin=SW1-6
Added Pin To Net: NetName=GND Pin=SW2-3
Added Pin To Net: NetName=GND Pin=SW2-4
Added Pin To Net: NetName=GND Pin=SW3-3
Added Pin To Net: NetName=GND Pin=SW3-4
Added Pin To Net: NetName=+3V3 Pin=TP7-1
Added Pin To Net: NetName=+5V Pin=TP8-1
Added Pin To Net: NetName=+3V3 Pin=TP9-1
Added Pin To Net: NetName=+5V Pin=TP10-1
Added Pin To Net: NetName=GND Pin=TP13-1
Added Pin To Net: NetName=GND Pin=TP14-1
Added Pin To Net: NetName=GND Pin=TP15-1
Added Pin To Net: NetName=GND Pin=TP16-1
Added Pin To Net: NetName=GND Pin=TP17-1
Added Pin To Net: NetName=GND Pin=TP18-1
Added Pin To Net: NetName=GND Pin=U1-3
Added Pin To Net: NetName=GND Pin=U2-19
Added Pin To Net: NetName=GND Pin=U2-57
Added Pin To Net: NetName=GND Pin=U3-4
Added Pin To Net: NetName=GND Pin=U4-2
Added Pin To Net: NetName=+1V1_RP Pin=C15-1
Added Pin To Net: NetName=+1V1_RP Pin=C16-1
Added Pin To Net: NetName=+1V1_RP Pin=C17-1
Added Pin To Net: NetName=+1V1_RP Pin=TP23-1
Added Pin To Net: NetName=+1V1_RP Pin=U2-23
Added Pin To Net: NetName=+1V1_RP Pin=U2-45
Added Pin To Net: NetName=+1V1_RP Pin=U2-50
Added Net: Name=+1V1_RP
Added Pin To Net: NetName=+3V3_OVP Pin=D2-A
Added Pin To Net: NetName=+3V3_OVP Pin=F1-2
Added Pin To Net: NetName=+3V3_OVP Pin=F1-4
Added Pin To Net: NetName=+3V3_OVP Pin=JMP3-1
Added Pin To Net: NetName=+3V3_OVP Pin=Q1-5
Added Pin To Net: NetName=+3V3_OVP Pin=Q1-6
Added Pin To Net: NetName=+3V3_OVP Pin=Q1-7
Added Pin To Net: NetName=+3V3_OVP Pin=Q1-8
Added Pin To Net: NetName=+3V3_OVP Pin=Q1-9
Added Pin To Net: NetName=+3V3_OVP Pin=Q1-9_1
Added Pin To Net: NetName=+3V3_OVP Pin=Q1-9_2
Added Net: Name=+3V3_OVP
Added Pin To Net: NetName=+3V3_RAW Pin=F1-1
Added Pin To Net: NetName=+3V3_RAW Pin=F1-3
Added Pin To Net: NetName=+3V3_RAW Pin=J5-1
Added Pin To Net: NetName=+3V3_RAW Pin=TP11-1
Added Net: Name=+3V3_RAW
Added Pin To Net: NetName=+3V3_RP Pin=C6-1
Added Pin To Net: NetName=+3V3_RP Pin=C7-1
Added Pin To Net: NetName=+3V3_RP Pin=C8-1
Added Pin To Net: NetName=+3V3_RP Pin=C9-1
Added Pin To Net: NetName=+3V3_RP Pin=C10-1
Added Pin To Net: NetName=+3V3_RP Pin=C11-1
Added Pin To Net: NetName=+3V3_RP Pin=C12-1
Added Pin To Net: NetName=+3V3_RP Pin=C13-1
Added Pin To Net: NetName=+3V3_RP Pin=C14-1
Added Pin To Net: NetName=+3V3_RP Pin=C18-1
Added Pin To Net: NetName=+3V3_RP Pin=C22-1
Added Pin To Net: NetName=+3V3_RP Pin=J7-1
Added Pin To Net: NetName=+3V3_RP Pin=J9-1
Added Pin To Net: NetName=+3V3_RP Pin=R13-2
Added Pin To Net: NetName=+3V3_RP Pin=R14-1
Added Pin To Net: NetName=+3V3_RP Pin=SW1-2
Added Pin To Net: NetName=+3V3_RP Pin=SW1-5
Added Pin To Net: NetName=+3V3_RP Pin=TP21-1
Added Pin To Net: NetName=+3V3_RP Pin=U2-1
Added Pin To Net: NetName=+3V3_RP Pin=U2-10
Added Pin To Net: NetName=+3V3_RP Pin=U2-22
Added Pin To Net: NetName=+3V3_RP Pin=U2-33
Added Pin To Net: NetName=+3V3_RP Pin=U2-42
Added Pin To Net: NetName=+3V3_RP Pin=U2-43
Added Pin To Net: NetName=+3V3_RP Pin=U2-44
Added Pin To Net: NetName=+3V3_RP Pin=U2-48
Added Pin To Net: NetName=+3V3_RP Pin=U2-49
Added Pin To Net: NetName=+3V3_RP Pin=U3-5
Added Pin To Net: NetName=+3V3_RP Pin=U4-5
Added Net: Name=+3V3_RP
Added Pin To Net: NetName=+3V3_USB0 Pin=C5-1
Added Pin To Net: NetName=+3V3_USB0 Pin=R12-1
Added Pin To Net: NetName=+3V3_USB0 Pin=SW1-3
Added Pin To Net: NetName=+3V3_USB0 Pin=SW1-4
Added Pin To Net: NetName=+3V3_USB0 Pin=TP19-1
Added Pin To Net: NetName=+3V3_USB0 Pin=U1-1
Added Net: Name=+3V3_USB0
Added Pin To Net: NetName=+5V_OVP Pin=D4-A
Added Pin To Net: NetName=+5V_OVP Pin=F2-2
Added Pin To Net: NetName=+5V_OVP Pin=F2-4
Added Pin To Net: NetName=+5V_OVP Pin=JMP4-1
Added Pin To Net: NetName=+5V_OVP Pin=Q2-5
Added Pin To Net: NetName=+5V_OVP Pin=Q2-6
Added Pin To Net: NetName=+5V_OVP Pin=Q2-7
Added Pin To Net: NetName=+5V_OVP Pin=Q2-8
Added Pin To Net: NetName=+5V_OVP Pin=Q2-9
Added Pin To Net: NetName=+5V_OVP Pin=Q2-9_1
Added Pin To Net: NetName=+5V_OVP Pin=Q2-9_2
Added Net: Name=+5V_OVP
Added Pin To Net: NetName=+5V_RAW Pin=F2-1
Added Pin To Net: NetName=+5V_RAW Pin=F2-3
Added Pin To Net: NetName=+5V_RAW Pin=J6-1
Added Pin To Net: NetName=+5V_RAW Pin=TP12-1
Added Net: Name=+5V_RAW
Added Pin To Net: NetName=+5V_USB0 Pin=B1-4
Added Pin To Net: NetName=+5V_USB0 Pin=B1-20
Added Pin To Net: NetName=+5V_USB0 Pin=C4-1
Added Pin To Net: NetName=+5V_USB0 Pin=C21-1
Added Pin To Net: NetName=+5V_USB0 Pin=C26-1
Added Pin To Net: NetName=+5V_USB0 Pin=C27-1
Added Pin To Net: NetName=+5V_USB0 Pin=J3-A4
Added Pin To Net: NetName=+5V_USB0 Pin=J3-A9
Added Pin To Net: NetName=+5V_USB0 Pin=J3-B4
Added Pin To Net: NetName=+5V_USB0 Pin=J3-B9
Added Pin To Net: NetName=+5V_USB0 Pin=J9-15
Added Pin To Net: NetName=+5V_USB0 Pin=R11-1
Added Pin To Net: NetName=+5V_USB0 Pin=R21-1
Added Pin To Net: NetName=+5V_USB0 Pin=R22-1
Added Pin To Net: NetName=+5V_USB0 Pin=TP20-1
Added Pin To Net: NetName=+5V_USB0 Pin=U1-4
Added Pin To Net: NetName=+5V_USB0 Pin=U1-6
Added Pin To Net: NetName=+5V_USB0 Pin=U4-3
Added Net: Name=+5V_USB0
Added Pin To Net: NetName=CAN0_GRN Pin=J8-9
Added Pin To Net: NetName=CAN0_GRN Pin=U2-5
Added Net: Name=CAN0_GRN
Added Pin To Net: NetName=CAN0_N Pin=J1-39
Added Pin To Net: NetName=CAN0_N Pin=J8-2
Added Pin To Net: NetName=CAN0_N Pin=JMP2-2
Added Pin To Net: NetName=CAN0_N Pin=R20-2
Added Pin To Net: NetName=CAN0_N Pin=TP6-1
Added Pin To Net: NetName=CAN0_N Pin=U4-6
Added Net: Name=CAN0_N
Added Pin To Net: NetName=CAN0_P Pin=J1-37
Added Pin To Net: NetName=CAN0_P Pin=J8-1
Added Pin To Net: NetName=CAN0_P Pin=JMP1-1
Added Pin To Net: NetName=CAN0_P Pin=R19-1
Added Pin To Net: NetName=CAN0_P Pin=TP5-1
Added Pin To Net: NetName=CAN0_P Pin=U4-7
Added Net: Name=CAN0_P
Added Pin To Net: NetName=CAN0_RX Pin=U2-7
Added Pin To Net: NetName=CAN0_RX Pin=U4-4
Added Net: Name=CAN0_RX
Added Pin To Net: NetName=CAN0_STB Pin=U2-8
Added Pin To Net: NetName=CAN0_STB Pin=U4-8
Added Net: Name=CAN0_STB
Added Pin To Net: NetName=CAN0_TX Pin=U2-6
Added Pin To Net: NetName=CAN0_TX Pin=U4-1
Added Net: Name=CAN0_TX
Added Pin To Net: NetName=CAN0_YLW Pin=J8-11
Added Pin To Net: NetName=CAN0_YLW Pin=U2-4
Added Net: Name=CAN0_YLW
Added Pin To Net: NetName=GPIO7 Pin=J9-3
Added Pin To Net: NetName=GPIO7 Pin=U2-9
Added Net: Name=GPIO7
Added Pin To Net: NetName=GPIO8 Pin=J9-4
Added Pin To Net: NetName=GPIO8 Pin=U2-11
Added Net: Name=GPIO8
Added Pin To Net: NetName=GPIO9 Pin=J9-5
Added Pin To Net: NetName=GPIO9 Pin=U2-12
Added Net: Name=GPIO9
Added Pin To Net: NetName=GPIO10 Pin=J9-6
Added Pin To Net: NetName=GPIO10 Pin=U2-13
Added Net: Name=GPIO10
Added Pin To Net: NetName=GPIO11 Pin=J9-7
Added Pin To Net: NetName=GPIO11 Pin=U2-14
Added Net: Name=GPIO11
Added Pin To Net: NetName=GPIO12 Pin=J9-8
Added Pin To Net: NetName=GPIO12 Pin=U2-15
Added Net: Name=GPIO12
Added Pin To Net: NetName=GPIO13 Pin=J9-9
Added Pin To Net: NetName=GPIO13 Pin=U2-16
Added Net: Name=GPIO13
Added Pin To Net: NetName=GPIO14 Pin=J9-10
Added Pin To Net: NetName=GPIO14 Pin=U2-17
Added Net: Name=GPIO14
Added Pin To Net: NetName=GPIO15 Pin=J9-11
Added Pin To Net: NetName=GPIO15 Pin=U2-18
Added Net: Name=GPIO15
Added Pin To Net: NetName=GPIO16 Pin=J9-12
Added Pin To Net: NetName=GPIO16 Pin=U2-27
Added Net: Name=GPIO16
Added Pin To Net: NetName=GPIO17 Pin=J9-13
Added Pin To Net: NetName=GPIO17 Pin=U2-28
Added Net: Name=GPIO17
Added Pin To Net: NetName=GPIO18 Pin=J9-14
Added Pin To Net: NetName=GPIO18 Pin=U2-29
Added Net: Name=GPIO18
Added Pin To Net: NetName=GPIO19 Pin=J9-17
Added Pin To Net: NetName=GPIO19 Pin=U2-30
Added Net: Name=GPIO19
Added Pin To Net: NetName=GPIO20 Pin=J9-18
Added Pin To Net: NetName=GPIO20 Pin=U2-31
Added Net: Name=GPIO20
Added Pin To Net: NetName=GPIO21 Pin=J9-19
Added Pin To Net: NetName=GPIO21 Pin=U2-32
Added Net: Name=GPIO21
Added Pin To Net: NetName=GPIO22 Pin=J9-20
Added Pin To Net: NetName=GPIO22 Pin=U2-34
Added Net: Name=GPIO22
Added Pin To Net: NetName=GPIO23 Pin=J9-21
Added Pin To Net: NetName=GPIO23 Pin=U2-35
Added Net: Name=GPIO23
Added Pin To Net: NetName=GPIO24 Pin=J9-22
Added Pin To Net: NetName=GPIO24 Pin=U2-36
Added Net: Name=GPIO24
Added Pin To Net: NetName=GPIO25 Pin=J9-23
Added Pin To Net: NetName=GPIO25 Pin=U2-37
Added Net: Name=GPIO25
Added Pin To Net: NetName=GPIO26 Pin=J9-24
Added Pin To Net: NetName=GPIO26 Pin=U2-38
Added Net: Name=GPIO26
Added Pin To Net: NetName=GPIO27 Pin=J9-25
Added Pin To Net: NetName=GPIO27 Pin=U2-39
Added Net: Name=GPIO27
Added Pin To Net: NetName=GPIO28 Pin=J9-26
Added Pin To Net: NetName=GPIO28 Pin=U2-40
Added Net: Name=GPIO28
Added Pin To Net: NetName=GPIO29 Pin=J9-27
Added Pin To Net: NetName=GPIO29 Pin=U2-41
Added Net: Name=GPIO29
Added Pin To Net: NetName=JTCK Pin=J1-25
Added Pin To Net: NetName=JTCK Pin=J2-4
Added Net: Name=JTCK
Added Pin To Net: NetName=JTDO Pin=J1-21
Added Pin To Net: NetName=JTDO Pin=J2-6
Added Net: Name=JTDO
Added Pin To Net: NetName=JTMS Pin=J1-27
Added Pin To Net: NetName=JTMS Pin=J2-2
Added Net: Name=JTMS
Added Pin To Net: NetName=NetC1_1 Pin=C1-1
Added Pin To Net: NetName=NetC1_1 Pin=R4-2
Added Pin To Net: NetName=NetC1_1 Pin=R5-1
Added Net: Name=NetC1_1
Added Pin To Net: NetName=NetC2_1 Pin=C2-1
Added Pin To Net: NetName=NetC2_1 Pin=D2-G
Added Pin To Net: NetName=NetC2_1 Pin=R7-1
Added Net: Name=NetC2_1
Added Pin To Net: NetName=NetC3_1 Pin=C3-1
Added Pin To Net: NetName=NetC3_1 Pin=D4-G
Added Pin To Net: NetName=NetC3_1 Pin=R8-1
Added Net: Name=NetC3_1
Added Pin To Net: NetName=NetC20_2 Pin=C20-2
Added Pin To Net: NetName=NetC20_2 Pin=R18-1
Added Net: Name=NetC20_2
Added Pin To Net: NetName=NetC23_1 Pin=C23-1
Added Pin To Net: NetName=NetC23_1 Pin=R19-2
Added Pin To Net: NetName=NetC23_1 Pin=R20-1
Added Net: Name=NetC23_1
Added Pin To Net: NetName=NetJ3_A5 Pin=J3-A5
Added Pin To Net: NetName=NetJ3_A5 Pin=R1-1
Added Net: Name=NetJ3_A5
Added Pin To Net: NetName=NetJ3_B5 Pin=J3-B5
Added Pin To Net: NetName=NetJ3_B5 Pin=R2-1
Added Net: Name=NetJ3_B5
Added Pin To Net: NetName=NetJ8_10 Pin=J8-10
Added Pin To Net: NetName=NetJ8_10 Pin=R3-2
Added Net: Name=NetJ8_10
Added Pin To Net: NetName=NetJ8_12 Pin=J8-12
Added Pin To Net: NetName=NetJ8_12 Pin=R6-2
Added Net: Name=NetJ8_12
Added Pin To Net: NetName=NetJMP1_2 Pin=JMP1-2
Added Pin To Net: NetName=NetJMP1_2 Pin=R4-1
Added Net: Name=NetJMP1_2
Added Pin To Net: NetName=NetJMP2_1 Pin=JMP2-1
Added Pin To Net: NetName=NetJMP2_1 Pin=R5-2
Added Net: Name=NetJMP2_1
Added Pin To Net: NetName=NetLED1_A Pin=LED1-A
Added Pin To Net: NetName=NetLED1_A Pin=R9-2
Added Net: Name=NetLED1_A
Added Pin To Net: NetName=NetLED2_A Pin=LED2-A
Added Pin To Net: NetName=NetLED2_A Pin=R10-2
Added Net: Name=NetLED2_A
Added Pin To Net: NetName=NetLED3_A Pin=LED3-A
Added Pin To Net: NetName=NetLED3_A Pin=R11-2
Added Net: Name=NetLED3_A
Added Pin To Net: NetName=NetLED4_A Pin=LED4-A
Added Pin To Net: NetName=NetLED4_A Pin=R12-2
Added Net: Name=NetLED4_A
Added Pin To Net: NetName=NetLED5_A Pin=LED5-A
Added Pin To Net: NetName=NetLED5_A Pin=R21-2
Added Net: Name=NetLED5_A
Added Pin To Net: NetName=NetLED6_A Pin=LED6-A
Added Pin To Net: NetName=NetLED6_A Pin=R22-2
Added Net: Name=NetLED6_A
Added Pin To Net: NetName=NetR15_1 Pin=R15-1
Added Pin To Net: NetName=NetR15_1 Pin=U2-46
Added Net: Name=NetR15_1
Added Pin To Net: NetName=NetR17_1 Pin=R17-1
Added Pin To Net: NetName=NetR17_1 Pin=U2-47
Added Net: Name=NetR17_1
Added Pin To Net: NetName=QSPI_CLK Pin=U2-52
Added Pin To Net: NetName=QSPI_CLK Pin=U3-7
Added Net: Name=QSPI_CLK
Added Pin To Net: NetName=QSPI_SD0 Pin=U2-53
Added Pin To Net: NetName=QSPI_SD0 Pin=U3-8
Added Net: Name=QSPI_SD0
Added Pin To Net: NetName=QSPI_SD1 Pin=U2-55
Added Pin To Net: NetName=QSPI_SD1 Pin=U3-2
Added Net: Name=QSPI_SD1
Added Pin To Net: NetName=QSPI_SD2 Pin=U2-54
Added Pin To Net: NetName=QSPI_SD2 Pin=U3-3
Added Net: Name=QSPI_SD2
Added Pin To Net: NetName=QSPI_SD3 Pin=U2-51
Added Pin To Net: NetName=QSPI_SD3 Pin=U3-6
Added Net: Name=QSPI_SD3
Added Pin To Net: NetName=QSPI_SS Pin=R13-1
Added Pin To Net: NetName=QSPI_SS Pin=R16-1
Added Pin To Net: NetName=QSPI_SS Pin=U2-56
Added Pin To Net: NetName=QSPI_SS Pin=U3-1
Added Net: Name=QSPI_SS
Added Pin To Net: NetName=RESET Pin=B1-19
Added Pin To Net: NetName=RESET Pin=J7-10
Added Pin To Net: NetName=RESET Pin=R14-2
Added Pin To Net: NetName=RESET Pin=SW2-1
Added Pin To Net: NetName=RESET Pin=SW2-2
Added Pin To Net: NetName=RESET Pin=TP22-1
Added Pin To Net: NetName=RESET Pin=U2-26
Added Net: Name=RESET
Added Pin To Net: NetName=RP_XIN Pin=C19-2
Added Pin To Net: NetName=RP_XIN Pin=U2-20
Added Net: Name=RP_XIN
Added Pin To Net: NetName=RP_XOUT Pin=R18-2
Added Pin To Net: NetName=RP_XOUT Pin=U2-21
Added Net: Name=RP_XOUT
Added Pin To Net: NetName=SWDCLK_RP Pin=J7-2
Added Pin To Net: NetName=SWDCLK_RP Pin=U2-24
Added Net: Name=SWDCLK_RP
Added Pin To Net: NetName=SWDIO_RP Pin=J7-4
Added Pin To Net: NetName=SWDIO_RP Pin=U2-25
Added Net: Name=SWDIO_RP
Added Pin To Net: NetName=UART0_RXLED Pin=B1-22
Added Pin To Net: NetName=UART0_RXLED Pin=LED6-C
Added Net: Name=UART0_RXLED
Added Pin To Net: NetName=UART0_RX Pin=B1-5
Added Pin To Net: NetName=UART0_RX Pin=U2-3
Added Net: Name=UART0_RX
Added Pin To Net: NetName=UART0_TXLED Pin=B1-23
Added Pin To Net: NetName=UART0_TXLED Pin=LED5-C
Added Net: Name=UART0_TXLED
Added Pin To Net: NetName=UART0_TX Pin=B1-1
Added Pin To Net: NetName=UART0_TX Pin=U2-2
Added Net: Name=UART0_TX
Added Pin To Net: NetName=UART0_VCCD Pin=B1-17
Added Pin To Net: NetName=UART0_VCCD Pin=C24-1
Added Pin To Net: NetName=UART0_VCCD Pin=C25-1
Added Net: Name=UART0_VCCD
Added Pin To Net: NetName=USB0_D_N Pin=J3-A7
Added Pin To Net: NetName=USB0_D_N Pin=J3-B7
Added Pin To Net: NetName=USB0_D_N Pin=R15-2
Added Pin To Net: NetName=USB0_D_N Pin=TP1-1
Added Net: Name=USB0_D_N
Added Pin To Net: NetName=USB0_D_P Pin=J3-A6
Added Pin To Net: NetName=USB0_D_P Pin=J3-B6
Added Pin To Net: NetName=USB0_D_P Pin=R17-2
Added Pin To Net: NetName=USB0_D_P Pin=TP2-1
Added Net: Name=USB0_D_P
Added Pin To Net: NetName=USB1_D_N Pin=B1-16
Added Pin To Net: NetName=USB1_D_N Pin=J4-A7
Added Pin To Net: NetName=USB1_D_N Pin=J4-B7
Added Pin To Net: NetName=USB1_D_N Pin=TP3-1
Added Net: Name=USB1_D_N
Added Pin To Net: NetName=USB1_D_P Pin=B1-15
Added Pin To Net: NetName=USB1_D_P Pin=J4-A6
Added Pin To Net: NetName=USB1_D_P Pin=J4-B6
Added Pin To Net: NetName=USB1_D_P Pin=TP4-1
Added Net: Name=USB1_D_P
Added Pin To Net: NetName=USB_BOOT Pin=R16-2
Added Pin To Net: NetName=USB_BOOT Pin=SW3-1
Added Pin To Net: NetName=USB_BOOT Pin=SW3-2
Added Net: Name=USB_BOOT
Added Class: Name=Connectors
Added Class: Name=Microcontroller
Added Class: Name=Power
Added Class: Name=Transcievers
Added Class: Name=CAN0
Added Class: Name=USB0_D
Added Class: Name=USB1_D
Added Differential Pair: Name=CAN0
Added Differential Pair: Name=USB0_D
Added Differential Pair: Name=USB1_D
Added Rule: Name=Schematic Differential Pairs Routing_1
Added Rule: Name=Schematic Differential Pairs Routing_2
Added Rule: Name=Schematic Differential Pairs Routing_3
Added Rule: Name=Schematic Matched Net Lengths_1
Added Rule: Name=Schematic Matched Net Lengths_2
Added Rule: Name=Schematic Matched Net Lengths_3
Added Class: Name=CAN0_LINES
Added Class: Name=USB0_LINES
Added Class: Name=USB1_LINES
