Removed Pin From Net: NetName=GND Pin=C1-2
Removed Pin From Net: NetName=GND Pin=C4-2
Removed Pin From Net: NetName=GND Pin=C5-2
Removed Pin From Net: NetName=GND Pin=C6-2
Removed Pin From Net: NetName=GND Pin=C7-2
Removed Pin From Net: NetName=GND Pin=C8-2
Removed Pin From Net: NetName=GND Pin=C9-2
Removed Pin From Net: NetName=GND Pin=C10-2
Removed Pin From Net: NetName=GND Pin=C11-2
Removed Pin From Net: NetName=GND Pin=C12-2
Removed Pin From Net: NetName=GND Pin=C13-2
Removed Pin From Net: NetName=GND Pin=C14-2
Removed Pin From Net: NetName=GND Pin=C15-2
Removed Pin From Net: NetName=GND Pin=C16-2
Removed Pin From Net: NetName=GND Pin=C17-2
Removed Pin From Net: NetName=GND Pin=C18-2
Removed Pin From Net: NetName=GND Pin=C19-1
Removed Pin From Net: NetName=GND Pin=C20-1
Removed Pin From Net: NetName=GND Pin=C21-2
Removed Pin From Net: NetName=GND Pin=C22-2
Removed Pin From Net: NetName=GND Pin=C23-2
Removed Pin From Net: NetName=GND Pin=C24-2
Removed Pin From Net: NetName=GND Pin=C25-2
Removed Pin From Net: NetName=GND Pin=C26-2
Removed Pin From Net: NetName=GND Pin=C27-2
Removed Pin From Net: NetName=GND Pin=J2-3
Removed Pin From Net: NetName=GND Pin=J2-5
Removed Pin From Net: NetName=GND Pin=J2-11
Removed Pin From Net: NetName=GND Pin=J2-13
Removed Pin From Net: NetName=GND Pin=J2-15
Removed Pin From Net: NetName=GND Pin=J2-17
Removed Pin From Net: NetName=GND Pin=J2-19
Removed Pin From Net: NetName=GND Pin=J3-A1
Removed Pin From Net: NetName=GND Pin=J3-A12
Removed Pin From Net: NetName=GND Pin=J3-B1
Removed Pin From Net: NetName=GND Pin=J3-B12
Removed Pin From Net: NetName=GND Pin=J3-S1
Removed Pin From Net: NetName=GND Pin=J3-S2
Removed Pin From Net: NetName=GND Pin=J3-S3
Removed Pin From Net: NetName=GND Pin=J3-S4
Removed Pin From Net: NetName=GND Pin=J4-A1
Removed Pin From Net: NetName=GND Pin=J4-A12
Removed Pin From Net: NetName=GND Pin=J4-B1
Removed Pin From Net: NetName=GND Pin=J4-B12
Removed Pin From Net: NetName=GND Pin=J4-S1
Removed Pin From Net: NetName=GND Pin=J4-S2
Removed Pin From Net: NetName=GND Pin=J4-S3
Removed Pin From Net: NetName=GND Pin=J4-S4
Removed Pin From Net: NetName=+3V3_RAW Pin=J5-1
Removed Pin From Net: NetName=GND Pin=J5-2
Removed Pin From Net: NetName=+5V_RAW Pin=J6-1
Removed Pin From Net: NetName=GND Pin=J6-2
Removed Pin From Net: NetName=GND Pin=J7-3
Removed Pin From Net: NetName=GND Pin=J7-5
Removed Pin From Net: NetName=GND Pin=J7-7
Removed Pin From Net: NetName=GND Pin=J7-9
Removed Pin From Net: NetName=GND Pin=J8-3
Removed Pin From Net: NetName=GND Pin=J8-7
Removed Pin From Net: NetName=GND Pin=J8-S1
Removed Pin From Net: NetName=GND Pin=J8-S2
Removed Pin From Net: NetName=GND Pin=J9-2
Removed Pin From Net: NetName=GND Pin=J9-16
Removed Pin From Net: NetName=GND Pin=J9-28
Removed Pin From Net: NetName=GND Pin=LED3-C
Removed Pin From Net: NetName=GND Pin=LED4-C
Removed Pin From Net: NetName=GND Pin=R1-2
Removed Pin From Net: NetName=GND Pin=R2-2
Removed Pin From Net: NetName=+5V Pin=R3-1
Removed Pin From Net: NetName=+5V Pin=R6-1
Removed Pin From Net: NetName=+3V3 Pin=SW1-1
Removed Pin From Net: NetName=+3V3 Pin=SW1-6
Removed Pin From Net: NetName=GND Pin=SW2-3
Removed Pin From Net: NetName=GND Pin=SW2-4
Removed Pin From Net: NetName=GND Pin=SW3-3
Removed Pin From Net: NetName=GND Pin=SW3-4
Removed Pin From Net: NetName=GND Pin=U1-3
Removed Pin From Net: NetName=GND Pin=U2-19
Removed Pin From Net: NetName=GND Pin=U2-57
Removed Pin From Net: NetName=GND Pin=U3-4
Removed Pin From Net: NetName=GND Pin=U4-2
Removed Pin From Net: NetName=GND Pin=U5-7
Removed Pin From Net: NetName=GND Pin=U5-18
Removed Pin From Net: NetName=GND Pin=U5-21
Removed Member From Class: ClassName=Connectors Member=C1
Removed Member From Class: ClassName=Power Member=C4
Removed Member From Class: ClassName=Power Member=C5
Removed Member From Class: ClassName=Connectors Member=J2
Removed Member From Class: ClassName=Connectors Member=J3
Removed Member From Class: ClassName=Connectors Member=J4
Removed Member From Class: ClassName=Connectors Member=J5
Removed Member From Class: ClassName=Connectors Member=J6
Removed Member From Class: ClassName=Connectors Member=J7
Removed Member From Class: ClassName=Connectors Member=J8
Removed Member From Class: ClassName=Connectors Member=JMP1
Removed Member From Class: ClassName=Connectors Member=JMP2
Removed Member From Class: ClassName=Power Member=LED3
Removed Member From Class: ClassName=Power Member=LED4
Removed Member From Class: ClassName=Connectors Member=R1
Removed Member From Class: ClassName=Connectors Member=R2
Removed Member From Class: ClassName=Connectors Member=R3
Removed Member From Class: ClassName=Connectors Member=R4
Removed Member From Class: ClassName=Connectors Member=R5
Removed Member From Class: ClassName=Connectors Member=R6
Removed Member From Class: ClassName=Power Member=R11
Removed Member From Class: ClassName=Power Member=R12
Removed Member From Class: ClassName=Power Member=SW1
Removed Member From Class: ClassName=Power Member=TP13
Removed Member From Class: ClassName=Power Member=TP14
Removed Member From Class: ClassName=Power Member=U1
Change Component Footprint: Designator=J3 Old Footprint=GCT_USB4120-03-C_REVA New Footprint=TE_1877285-2
Change Component Footprint: Designator=J2 Old Footprint=SAMTEC_FTSH-110-01-L-DV-007 New Footprint=TE_1877285-2
Change Component Comment : Designator=J2 Old Comment=FTSH-110 New Comment=1877285-2
Change Component Comment : Designator=J3 Old Comment=USB4120-03 New Comment=1877285-2
Change Component Designator: OldDesignator=C2 NewDesignator=C1
Change Component Designator: OldDesignator=C3 NewDesignator=C2
Change Component Designator: OldDesignator=JMP3 NewDesignator=JMP1
Change Component Designator: OldDesignator=JMP4 NewDesignator=JMP2
Change Component Designator: OldDesignator=R7 NewDesignator=R1
Change Component Designator: OldDesignator=R8 NewDesignator=R2
Change Component Designator: OldDesignator=R9 NewDesignator=R3
Change Component Designator: OldDesignator=R10 NewDesignator=R4
Change component parameters: Designator = "J2" ("J2"); Footprint = "SAMTEC_FTSH-110-01-L-DV-007"; UniqueID = "\OQLPWXBJ" ("\OQLPWXBJ")
Change component parameters (AddParameter): Name = "Supplier 1"; Value = "Digi-Key"; VariantName = "[No Variations]"
Change component parameters (AddParameter): Name = "Supplier Part Number 1"; Value = "A99845-ND"; VariantName = "[No Variations]"
Change component parameters: Designator = "J3" ("J3"); Footprint = "GCT_USB4120-03-C_REVA"; UniqueID = "\PBZOMPLY" ("\PBZOMPLY")
Change component parameters (AddParameter): Name = "Supplier 1"; Value = "Digi-Key"; VariantName = "[No Variations]"
Change component parameters (AddParameter): Name = "Supplier Part Number 1"; Value = "A99845-ND"; VariantName = "[No Variations]"
Added Pin To Net: NetName=+3V3_RAW Pin=J2-1
Added Pin To Net: NetName=GND Pin=J2-2
Added Pin To Net: NetName=+5V_RAW Pin=J3-1
Added Pin To Net: NetName=GND Pin=J3-2
Added Member To Class: ClassName=Power Member=Component J2 1877285-2
Added Member To Class: ClassName=Power Member=Component J3 1877285-2
