Added Component: Designator=J?(AMPHENOL_10144517-061802LF)
Add component (AddParameter): Name = "Supplier 1"; Value = "Digi-Key"; VariantName = "[No Variations]"
Add component (AddParameter): Name = "Supplier Part Number 1"; Value = "609-5433-1-ND"; VariantName = "[No Variations]"
Added Pin To Net: NetName=GND Pin=J?-1
Added Pin To Net: NetName=GND Pin=J?-2
Added Pin To Net: NetName=+5V Pin=J?-3
Added Pin To Net: NetName=+3V3 Pin=J?-4
Added Pin To Net: NetName=+5V Pin=J?-5
Added Pin To Net: NetName=+3V3 Pin=J?-6
Added Pin To Net: NetName=+5V Pin=J?-7
Added Pin To Net: NetName=+3V3 Pin=J?-8
Added Pin To Net: NetName=GND Pin=J?-9
Added Pin To Net: NetName=GND Pin=J?-10
Added Pin To Net: NetName=VREF Pin=J?-11
Added Pin To Net: NetName=JnRST Pin=J?-12
Added Pin To Net: NetName=GNDDetect Pin=J?-13
Added Pin To Net: NetName=TRACECLK Pin=J?-14
Added Pin To Net: NetName=JTMS/SWDIO Pin=J?-15
Added Pin To Net: NetName=TRD0 Pin=J?-16
Added Pin To Net: NetName=JTCK/SWDCLK Pin=J?-17
Added Pin To Net: NetName=TRD1 Pin=J?-18
Added Pin To Net: NetName=JTDO/SWO Pin=J?-19
Added Pin To Net: NetName=TRD2 Pin=J?-20
Added Pin To Net: NetName=JTDI Pin=J?-21
Added Pin To Net: NetName=TRD3 Pin=J?-22
Added Pin To Net: NetName=GND Pin=J?-23
Added Pin To Net: NetName=GND Pin=J?-24
Added Pin To Net: NetName=CAN_P Pin=J?-25
Added Pin To Net: NetName=CAN_N Pin=J?-27
Added Pin To Net: NetName=GND Pin=J?-29
Added Pin To Net: NetName=GND Pin=J?-30
Added Pin To Net: NetName=+5V Pin=J?-31
Added Pin To Net: NetName=+3V3 Pin=J?-32
Added Pin To Net: NetName=+5V Pin=J?-33
Added Pin To Net: NetName=+3V3 Pin=J?-34
Added Pin To Net: NetName=GND Pin=J?-35
Added Pin To Net: NetName=GND Pin=J?-36
Added Pin To Net: NetName=USB_D+ Pin=J?-38
Added Pin To Net: NetName=USB_D- Pin=J?-40
Added Pin To Net: NetName=GND Pin=J?-41
Added Pin To Net: NetName=GND Pin=J?-42
Added Pin To Net: NetName=GND Pin=J?-51
Added Pin To Net: NetName=GND Pin=J?-52
Added Pin To Net: NetName=+3V3 Pin=J?-53
Added Pin To Net: NetName=+5V Pin=J?-54
Added Pin To Net: NetName=+3V3 Pin=J?-55
Added Pin To Net: NetName=+5V Pin=J?-56
Added Pin To Net: NetName=+3V3 Pin=J?-57
Added Pin To Net: NetName=+5V Pin=J?-58
Added Pin To Net: NetName=GND Pin=J?-59
Added Pin To Net: NetName=GND Pin=J?-60
Added Member To Class: ClassName=Protoboard Member=Component J? 10144517-061802LF
