Removed Pin From Net: NetName=GND Pin=J1-1
Removed Pin From Net: NetName=GND Pin=J1-2
Removed Pin From Net: NetName=+5V Pin=J1-3
Removed Pin From Net: NetName=+3V3 Pin=J1-4
Removed Pin From Net: NetName=+5V Pin=J1-5
Removed Pin From Net: NetName=+3V3 Pin=J1-6
Removed Pin From Net: NetName=+5V Pin=J1-7
Removed Pin From Net: NetName=+3V3 Pin=J1-8
Removed Pin From Net: NetName=GND Pin=J1-9
Removed Pin From Net: NetName=GND Pin=J1-10
Removed Pin From Net: NetName=VREF Pin=J1-11
Removed Pin From Net: NetName=JnRST Pin=J1-12
Removed Pin From Net: NetName=GNDDetect Pin=J1-13
Removed Pin From Net: NetName=TRACECLK Pin=J1-14
Removed Pin From Net: NetName=JTMS/SWDIO Pin=J1-15
Removed Pin From Net: NetName=TRD0 Pin=J1-16
Removed Pin From Net: NetName=JTCK/SWDCLK Pin=J1-17
Removed Pin From Net: NetName=TRD1 Pin=J1-18
Removed Pin From Net: NetName=JTDO/SWO Pin=J1-19
Removed Pin From Net: NetName=TRD2 Pin=J1-20
Removed Pin From Net: NetName=JTDI Pin=J1-21
Removed Pin From Net: NetName=TRD3 Pin=J1-22
Removed Pin From Net: NetName=GND Pin=J1-23
Removed Pin From Net: NetName=GND Pin=J1-24
Removed Pin From Net: NetName=CAN_P Pin=J1-25
Removed Pin From Net: NetName=CAN_N Pin=J1-27
Removed Pin From Net: NetName=GND Pin=J1-29
Removed Pin From Net: NetName=GND Pin=J1-30
Removed Pin From Net: NetName=+5V Pin=J1-31
Removed Pin From Net: NetName=+3V3 Pin=J1-32
Removed Pin From Net: NetName=+5V Pin=J1-33
Removed Pin From Net: NetName=+3V3 Pin=J1-34
Removed Pin From Net: NetName=GND Pin=J1-35
Removed Pin From Net: NetName=GND Pin=J1-36
Removed Pin From Net: NetName=USB_D+ Pin=J1-38
Removed Pin From Net: NetName=USB_D- Pin=J1-40
Removed Pin From Net: NetName=GND Pin=J1-41
Removed Pin From Net: NetName=GND Pin=J1-42
Removed Pin From Net: NetName=GND Pin=J1-51
Removed Pin From Net: NetName=GND Pin=J1-52
Removed Pin From Net: NetName=+3V3 Pin=J1-53
Removed Pin From Net: NetName=+5V Pin=J1-54
Removed Pin From Net: NetName=+3V3 Pin=J1-55
Removed Pin From Net: NetName=+5V Pin=J1-56
Removed Pin From Net: NetName=+3V3 Pin=J1-57
Removed Pin From Net: NetName=+5V Pin=J1-58
Removed Pin From Net: NetName=GND Pin=J1-59
Removed Pin From Net: NetName=GND Pin=J1-60
Added Component: Designator=J1(AMPHENOL_10144518-063802LF)
Add component (AddParameter): Name = "Supplier 1"; Value = "Digi-Key"; VariantName = "[No Variations]"
Add component (AddParameter): Name = "Supplier Part Number 1"; Value = "609-5451-1-ND"; VariantName = "[No Variations]"
Added Pin To Net: NetName=GND Pin=J1-1
Added Pin To Net: NetName=GND Pin=J1-2
Added Pin To Net: NetName=+5V Pin=J1-3
Added Pin To Net: NetName=+3V3 Pin=J1-4
Added Pin To Net: NetName=+5V Pin=J1-5
Added Pin To Net: NetName=+3V3 Pin=J1-6
Added Pin To Net: NetName=+5V Pin=J1-7
Added Pin To Net: NetName=+3V3 Pin=J1-8
Added Pin To Net: NetName=GND Pin=J1-9
Added Pin To Net: NetName=GND Pin=J1-10
Added Pin To Net: NetName=VREF Pin=J1-11
Added Pin To Net: NetName=JnRST Pin=J1-12
Added Pin To Net: NetName=GNDDetect Pin=J1-13
Added Pin To Net: NetName=TRACECLK Pin=J1-14
Added Pin To Net: NetName=JTMS/SWDIO Pin=J1-15
Added Pin To Net: NetName=TRD0 Pin=J1-16
Added Pin To Net: NetName=JTCK/SWDCLK Pin=J1-17
Added Pin To Net: NetName=TRD1 Pin=J1-18
Added Pin To Net: NetName=JTDO/SWO Pin=J1-19
Added Pin To Net: NetName=TRD2 Pin=J1-20
Added Pin To Net: NetName=JTDI Pin=J1-21
Added Pin To Net: NetName=TRD3 Pin=J1-22
Added Pin To Net: NetName=GND Pin=J1-23
Added Pin To Net: NetName=GND Pin=J1-24
Added Pin To Net: NetName=CAN_P Pin=J1-25
Added Pin To Net: NetName=CAN_N Pin=J1-27
Added Pin To Net: NetName=GND Pin=J1-29
Added Pin To Net: NetName=GND Pin=J1-30
Added Pin To Net: NetName=+5V Pin=J1-31
Added Pin To Net: NetName=+3V3 Pin=J1-32
Added Pin To Net: NetName=+5V Pin=J1-33
Added Pin To Net: NetName=+3V3 Pin=J1-34
Added Pin To Net: NetName=GND Pin=J1-35
Added Pin To Net: NetName=GND Pin=J1-36
Added Pin To Net: NetName=USB_D+ Pin=J1-38
Added Pin To Net: NetName=USB_D- Pin=J1-40
Added Pin To Net: NetName=GND Pin=J1-41
Added Pin To Net: NetName=GND Pin=J1-42
Added Pin To Net: NetName=GND Pin=J1-51
Added Pin To Net: NetName=GND Pin=J1-52
Added Pin To Net: NetName=+3V3 Pin=J1-53
Added Pin To Net: NetName=+5V Pin=J1-54
Added Pin To Net: NetName=+3V3 Pin=J1-55
Added Pin To Net: NetName=+5V Pin=J1-56
Added Pin To Net: NetName=+3V3 Pin=J1-57
Added Pin To Net: NetName=+5V Pin=J1-58
Added Pin To Net: NetName=GND Pin=J1-59
Added Pin To Net: NetName=GND Pin=J1-60
