Generating Mesh	4.17687
Generating Mesh\Assigning Materials 	0.0296663
Generating Mesh\Reading Design 	0.196779
Generating Mesh\Reading Design \Reading Design	0.166017
Generating Mesh\Reading Design \Reading Design\Do Smart Slicing	0.0180184
Generating Mesh\Reading Design \Reading Design\Simplifying Design	0.112122
Generating Mesh\Refining Surface Mesh	3.84016
Generating Mesh\Refining Surface Mesh\Checking via	0.000641
Generating Mesh\Refining Surface Mesh\Convert Local Mesh to Global Mesh	0.162809
Generating Mesh\Refining Surface Mesh\Detecting Connectivity Problems	0.0366217
Generating Mesh\Refining Surface Mesh\Insert pins MT	2.80025
Generating Mesh\Refining Surface Mesh\Locating Pins	0.0990496
Generating Mesh\Refining Surface Mesh\Locating Pins\Locating instances on layers	0.0446445
Generating Mesh\Refining Surface Mesh\Locating Pins\Locating pins on layers	0.0543781
Generating Mesh\Refining Surface Mesh\Looking for Electrically Isolated Patches 	0.0741226
Generating Mesh\Refining Surface Mesh\Mark electrical interconnects	0.0751243
Generating Mesh\Refining Surface Mesh\Marking Degenerate Elements	0.0183096
Generating Mesh\Refining Surface Mesh\Marking Vias	0.0018534
Generating Mesh\Refining Surface Mesh\Marking thickness for non-circular vias	0.000382
Generating Mesh\Refining Surface Mesh\Pruning Surface Mesh 	0.0707
Generating Mesh\Refining Surface Mesh\Recovering surface attributes 	0.0030286
Generating Mesh\Refining Surface Mesh\Writing ASCII surface mesh file 	0.454224
Generating Mesh\Refining Surface Mesh\Writing BINARY surface mesh file 	0.0287644
Generating Mesh\SurfaceMesher	0.106073
Generating Mesh\SurfaceMesher\Generating surface mesh 	0.104453
Generating Mesh\SurfaceMesher\Generating surface mesh \Checking surface mesh consistency	0.0036809
Generating Mesh\SurfaceMesher\Generating surface mesh \Computing Aabbs	0.0002983
Generating Mesh\SurfaceMesher\Generating surface mesh \Convert Global Mesh into Local Meshes	0.0067791
Generating Mesh\SurfaceMesher\Generating surface mesh \Convert Global Mesh into Local Meshes\Stabilizing mesh	3.29e-05
Generating Mesh\SurfaceMesher\Generating surface mesh \Faceting	0.0928277
Generating Mesh\SurfaceMesher\Generating surface mesh \Faceting\1D faceting	0.0150086
Generating Mesh\SurfaceMesher\Generating surface mesh \Faceting\1D faceting\1D meshing	0.013515
Generating Mesh\SurfaceMesher\Generating surface mesh \Faceting\2D faceting	0.0770386
Generating Mesh\SurfaceMesher\Generating surface mesh \Faceting\2D faceting\2D meshing	0.0770337
