Removed Pin From Net: NetName=GND Pin=J2-2
Change Component Footprint: Designator=J4 Old Footprint=GCT_USB4115-03-C_REVB2 New Footprint=TE_1877285-2
Change Component Footprint: Designator=J2 Old Footprint=TE_1877285-2 New Footprint=GCT_USB4115-03-C_REVB2
Change Component Comment : Designator=J3 Old Comment=CONN VERT 3.96MM New Comment=1877285-2
Change Component Comment : Designator=J2 Old Comment=CONN VERT 3.96MM New Comment=USB4115-03-C
Change Component Comment : Designator=J4 Old Comment=USB 3.1 TYPE C VERT New Comment=1877285-2
Change Component Designator: OldDesignator=J1 NewDesignator=J?
Change Component Designator: OldDesignator=J2 NewDesignator=J?
Change Component Designator: OldDesignator=J3 NewDesignator=J?
Change Component Designator: OldDesignator=J4 NewDesignator=J?
Change Component Designator: OldDesignator=J5 NewDesignator=J?
Added Component: Designator=J?(SAMTEC_FTSH-110-01-L-DV-007)
Add component (AddParameter): Name = "Supplier 1"; Value = "Digi-Key"; VariantName = "[No Variations]"
Add component (AddParameter): Name = "Supplier Part Number 1"; Value = "SAM9456-ND"; VariantName = "[No Variations]"
Added Pin To Net: NetName=GND Pin=J?-2
Added Pin To Net: NetName=GND Pin=J?-11
Added Pin To Net: NetName=GND Pin=J?-13
Added Pin To Net: NetName=GND Pin=J?-15
Added Pin To Net: NetName=GND Pin=J?-17
Added Pin To Net: NetName=GND Pin=J?-19
Change Net Name : Old Net Name=3V3 New Net Name=5V
Added Pin To Net: NetName=3V3 Pin=J?-1
Added Net: Name=3V3
Added Member To Class: ClassName=MainPCB Member=Component J? FTSH-110
Added Member To Class: ClassName=MainPCB Member=Component J? USB4115-03-C
Added Member To Class: ClassName=MainPCB Member=Component J? 10144517-061802LF
Added Member To Class: ClassName=MainPCB Member=Component J? RJHSE-3381
Added Member To Class: ClassName=MainPCB Member=Component J? 1877285-2
Added Member To Class: ClassName=MainPCB Member=Component J? 1877285-2
