Removed Pin From Net: NetName=GND Pin=J4-2
Change Component Footprint: Designator=J2 Old Footprint=GCT_USB4115-03-C_REVB2 New Footprint=TE_1877285-2
Change Component Footprint: Designator=J4 Old Footprint=TE_1877285-2 New Footprint=GCT_USB4115-03-C_REVB2
Change Component Comment : Designator=J3 Old Comment=CONN VERT 3.96MM New Comment=1877285-2
Change Component Comment : Designator=J4 Old Comment=CONN VERT 3.96MM New Comment=USB4115-03-C
Change Component Comment : Designator=J2 Old Comment=USB 3.1 TYPE C VERT New Comment=1877285-2
Change Component Designator: OldDesignator=J2 NewDesignator=J3
Change Component Designator: OldDesignator=J3 NewDesignator=J4
Change Component Designator: OldDesignator=J4 NewDesignator=J2
Added Component: Designator=J6(SAMTEC_FTSH-110-01-L-DV-007)
Add component (AddParameter): Name = "Supplier 1"; Value = "Digi-Key"; VariantName = "[No Variations]"
Add component (AddParameter): Name = "Supplier Part Number 1"; Value = "SAM9456-ND"; VariantName = "[No Variations]"
Added Pin To Net: NetName=GND Pin=J3-2
Add Pin To Net: Unknown Pin: Pin J6-3
Add Pin To Net: Unknown Pin: Pin J6-5
Added Pin To Net: NetName=GND Pin=J6-11
Added Pin To Net: NetName=GND Pin=J6-13
Added Pin To Net: NetName=GND Pin=J6-15
Added Pin To Net: NetName=GND Pin=J6-17
Added Pin To Net: NetName=GND Pin=J6-19
Change Net Name : Old Net Name=3V3 New Net Name=5V
Added Pin To Net: NetName=3V3 Pin=J3-1
Added Net: Name=3V3
Added Net: Name=GNDDetect
Added Pin To Net: NetName=JnRST Pin=J6-10
Added Net: Name=JnRST
Added Net: Name=JTCK/SWDCLK
Added Net: Name=JTDI
Added Net: Name=JTDO/SWO
Added Net: Name=JTMS/SWDIO
Added Pin To Net: NetName=TRACECLK Pin=J6-12
Added Net: Name=TRACECLK
Added Pin To Net: NetName=TRD0 Pin=J6-14
Added Net: Name=TRD0
Added Pin To Net: NetName=TRD1 Pin=J6-16
Added Net: Name=TRD1
Added Pin To Net: NetName=TRD2 Pin=J6-18
Added Net: Name=TRD2
Added Pin To Net: NetName=TRD3 Pin=J6-20
Added Net: Name=TRD3
Added Net: Name=VCC
Added Member To Class: ClassName=MainPCB Member=Component J1 10144517-061802LF
Added Member To Class: ClassName=MainPCB Member=Component J2 USB4115-03-C
Added Member To Class: ClassName=MainPCB Member=Component J3 1877285-2
Added Member To Class: ClassName=MainPCB Member=Component J4 1877285-2
Added Member To Class: ClassName=MainPCB Member=Component J5 RJHSE-3381
Added Member To Class: ClassName=MainPCB Member=Component J6 FTSH-110
