Added Component: Designator=J1(AMPHENOL_10144517-063802LF)
Add component (AddParameter): Name = "Supplier 1"; Value = "Digi-Key"; VariantName = "[No Variations]"
Add component (AddParameter): Name = "Supplier Part Number 1"; Value = "609-5433-1-ND"; VariantName = "[No Variations]"
Added Pin To Net: NetName=+3V3 Pin=J1-4
Added Pin To Net: NetName=+3V3 Pin=J1-6
Added Pin To Net: NetName=+3V3 Pin=J1-32
Added Pin To Net: NetName=+3V3 Pin=J1-34
Added Pin To Net: NetName=+3V3 Pin=J1-55
Added Pin To Net: NetName=+3V3 Pin=J1-57
Added Net: Name=+3V3
Added Pin To Net: NetName=+5V Pin=J1-3
Added Pin To Net: NetName=+5V Pin=J1-5
Added Pin To Net: NetName=+5V Pin=J1-7
Added Pin To Net: NetName=+5V Pin=J1-31
Added Pin To Net: NetName=+5V Pin=J1-33
Added Pin To Net: NetName=+5V Pin=J1-54
Added Pin To Net: NetName=+5V Pin=J1-56
Added Pin To Net: NetName=+5V Pin=J1-58
Added Net: Name=+5V
Added Pin To Net: NetName=CAN_H Pin=J1-25
Added Net: Name=CAN_H
Added Pin To Net: NetName=CAN_L Pin=J1-27
Added Net: Name=CAN_L
Added Pin To Net: NetName=GND Pin=J1-1
Added Pin To Net: NetName=GND Pin=J1-2
Added Pin To Net: NetName=GND Pin=J1-8
Added Pin To Net: NetName=GND Pin=J1-9
Added Pin To Net: NetName=GND Pin=J1-23
Added Pin To Net: NetName=GND Pin=J1-24
Added Pin To Net: NetName=GND Pin=J1-29
Added Pin To Net: NetName=GND Pin=J1-30
Added Pin To Net: NetName=GND Pin=J1-35
Added Pin To Net: NetName=GND Pin=J1-36
Added Pin To Net: NetName=GND Pin=J1-41
Added Pin To Net: NetName=GND Pin=J1-42
Added Pin To Net: NetName=GND Pin=J1-52
Added Pin To Net: NetName=GND Pin=J1-53
Added Pin To Net: NetName=GND Pin=J1-59
Added Pin To Net: NetName=GND Pin=J1-60
Added Net: Name=GND
Added Pin To Net: NetName=JTAG_DBGACK Pin=J1-16
Added Net: Name=JTAG_DBGACK
Added Pin To Net: NetName=JTAG_DBGRQ Pin=J1-14
Added Net: Name=JTAG_DBGRQ
Added Pin To Net: NetName=JTAG_nSRST Pin=J1-12
Added Net: Name=JTAG_nSRST
Added Pin To Net: NetName=JTAG_nTRST Pin=J1-13
Added Net: Name=JTAG_nTRST
Added Pin To Net: NetName=JTAG_RTCK Pin=J1-21
Added Net: Name=JTAG_RTCK
Added Pin To Net: NetName=JTAG_TCK Pin=J1-19
Added Net: Name=JTAG_TCK
Added Pin To Net: NetName=JTAG_TDI Pin=J1-15
Added Net: Name=JTAG_TDI
Added Pin To Net: NetName=JTAG_TDO Pin=J1-10
Added Net: Name=JTAG_TDO
Added Pin To Net: NetName=JTAG_TMS Pin=J1-17
Added Net: Name=JTAG_TMS
Added Pin To Net: NetName=JTAG_VREF Pin=J1-11
Added Net: Name=JTAG_VREF
Added Pin To Net: NetName=SWDCLK Pin=J1-22
Added Net: Name=SWDCLK
Added Pin To Net: NetName=SWDIO Pin=J1-20
Added Net: Name=SWDIO
Added Pin To Net: NetName=USB_D+ Pin=J1-38
Added Net: Name=USB_D+
Added Pin To Net: NetName=USB_D- Pin=J1-40
Added Net: Name=USB_D-
Added Class: Name=MainPCB
