Removed Pin From Net: NetName=GND Pin=J1-1
Removed Pin From Net: NetName=GND Pin=J1-2
Removed Pin From Net: NetName=+5V Pin=J1-3
Removed Pin From Net: NetName=+3V3 Pin=J1-4
Removed Pin From Net: NetName=+5V Pin=J1-5
Removed Pin From Net: NetName=+3V3 Pin=J1-6
Removed Pin From Net: NetName=+5V Pin=J1-7
Removed Pin From Net: NetName=GND Pin=J1-8
Removed Pin From Net: NetName=GND Pin=J1-9
Removed Pin From Net: NetName=JTAG_TDO Pin=J1-10
Removed Pin From Net: NetName=JTAG_VREF Pin=J1-11
Removed Pin From Net: NetName=JTAG_nSRST Pin=J1-12
Removed Pin From Net: NetName=JTAG_nTRST Pin=J1-13
Removed Pin From Net: NetName=JTAG_DBGRQ Pin=J1-14
Removed Pin From Net: NetName=JTAG_TDI Pin=J1-15
Removed Pin From Net: NetName=JTAG_DBGACK Pin=J1-16
Removed Pin From Net: NetName=JTAG_TMS Pin=J1-17
Removed Pin From Net: NetName=JTAG_TCK Pin=J1-19
Removed Pin From Net: NetName=SWDIO Pin=J1-20
Removed Pin From Net: NetName=JTAG_RTCK Pin=J1-21
Removed Pin From Net: NetName=SWDCLK Pin=J1-22
Removed Pin From Net: NetName=GND Pin=J1-23
Removed Pin From Net: NetName=GND Pin=J1-24
Removed Pin From Net: NetName=CAN_H Pin=J1-25
Removed Pin From Net: NetName=CAN_L Pin=J1-27
Removed Pin From Net: NetName=GND Pin=J1-29
Removed Pin From Net: NetName=GND Pin=J1-30
Removed Pin From Net: NetName=+5V Pin=J1-31
Removed Pin From Net: NetName=+3V3 Pin=J1-32
Removed Pin From Net: NetName=+5V Pin=J1-33
Removed Pin From Net: NetName=+3V3 Pin=J1-34
Removed Pin From Net: NetName=GND Pin=J1-35
Removed Pin From Net: NetName=GND Pin=J1-36
Removed Pin From Net: NetName=USB_D+ Pin=J1-38
Removed Pin From Net: NetName=USB_D- Pin=J1-40
Removed Pin From Net: NetName=GND Pin=J1-41
Removed Pin From Net: NetName=GND Pin=J1-42
Removed Pin From Net: NetName=GND Pin=J1-52
Removed Pin From Net: NetName=GND Pin=J1-53
Removed Pin From Net: NetName=+5V Pin=J1-54
Removed Pin From Net: NetName=+3V3 Pin=J1-55
Removed Pin From Net: NetName=+5V Pin=J1-56
Removed Pin From Net: NetName=+3V3 Pin=J1-57
Removed Pin From Net: NetName=+5V Pin=J1-58
Removed Pin From Net: NetName=GND Pin=J1-59
Removed Pin From Net: NetName=GND Pin=J1-60
Removed Member From Class: ClassName=MainPCB Member=J1
Added Component: Designator=J?(AMPHENOL_10144517-063802LF)
Add component (AddParameter): Name = "Supplier 1"; Value = "Digi-Key"; VariantName = "[No Variations]"
Add component (AddParameter): Name = "Supplier Part Number 1"; Value = "609-5433-1-ND"; VariantName = "[No Variations]"
Added Pin To Net: NetName=GND Pin=J?-1
Added Pin To Net: NetName=GND Pin=J?-2
Added Pin To Net: NetName=+5V Pin=J?-3
Added Pin To Net: NetName=+3V3 Pin=J?-4
Added Pin To Net: NetName=+5V Pin=J?-5
Added Pin To Net: NetName=+3V3 Pin=J?-6
Added Pin To Net: NetName=+5V Pin=J?-7
Added Pin To Net: NetName=GND Pin=J?-8
Added Pin To Net: NetName=GND Pin=J?-9
Added Pin To Net: NetName=JTAG_TDO Pin=J?-10
Added Pin To Net: NetName=JTAG_VREF Pin=J?-11
Added Pin To Net: NetName=JTAG_nSRST Pin=J?-12
Added Pin To Net: NetName=JTAG_nTRST Pin=J?-13
Added Pin To Net: NetName=JTAG_DBGRQ Pin=J?-14
Added Pin To Net: NetName=JTAG_TDI Pin=J?-15
Added Pin To Net: NetName=JTAG_DBGACK Pin=J?-16
Added Pin To Net: NetName=JTAG_TMS Pin=J?-17
Added Pin To Net: NetName=GND Pin=J?-18
Added Pin To Net: NetName=JTAG_TCK Pin=J?-19
Added Pin To Net: NetName=SWDIO Pin=J?-20
Added Pin To Net: NetName=JTAG_RTCK Pin=J?-21
Added Pin To Net: NetName=SWDCLK Pin=J?-22
Added Pin To Net: NetName=GND Pin=J?-23
Added Pin To Net: NetName=GND Pin=J?-24
Added Pin To Net: NetName=CAN_H Pin=J?-25
Added Pin To Net: NetName=CAN_L Pin=J?-27
Added Pin To Net: NetName=GND Pin=J?-29
Added Pin To Net: NetName=GND Pin=J?-30
Added Pin To Net: NetName=+5V Pin=J?-31
Added Pin To Net: NetName=+3V3 Pin=J?-32
Added Pin To Net: NetName=+5V Pin=J?-33
Added Pin To Net: NetName=+3V3 Pin=J?-34
Added Pin To Net: NetName=GND Pin=J?-35
Added Pin To Net: NetName=GND Pin=J?-36
Added Pin To Net: NetName=USB_D+ Pin=J?-38
Added Pin To Net: NetName=USB_D- Pin=J?-40
Added Pin To Net: NetName=GND Pin=J?-41
Added Pin To Net: NetName=GND Pin=J?-42
Added Pin To Net: NetName=GND Pin=J?-52
Added Pin To Net: NetName=GND Pin=J?-53
Added Pin To Net: NetName=+5V Pin=J?-54
Added Pin To Net: NetName=+3V3 Pin=J?-55
Added Pin To Net: NetName=+5V Pin=J?-56
Added Pin To Net: NetName=+3V3 Pin=J?-57
Added Pin To Net: NetName=+5V Pin=J?-58
Added Pin To Net: NetName=GND Pin=J?-59
Added Pin To Net: NetName=GND Pin=J?-60
Added Member To Class: ClassName=MainPCB Member=Component J? 10144517-063802LF
