Removed Pin From Net: NetName=GND Pin=C20-2
Removed Pin From Net: NetName=GND Pin=C21-2
Removed Pin From Net: NetName=+5V_USB0 Pin=C22-1
Removed Pin From Net: NetName=GND Pin=C22-2
Removed Pin From Net: NetName=+5V_USB0 Pin=C23-1
Removed Pin From Net: NetName=GND Pin=C23-2
Removed Pin From Net: NetName=GND Pin=J5-A1
Removed Pin From Net: NetName=GND Pin=J5-A12
Removed Pin From Net: NetName=GND Pin=J5-B1
Removed Pin From Net: NetName=GND Pin=J5-B12
Removed Pin From Net: NetName=GND Pin=J5-S1
Removed Pin From Net: NetName=GND Pin=J5-S2
Removed Pin From Net: NetName=GND Pin=J5-S3
Removed Pin From Net: NetName=GND Pin=J5-S4
Removed Pin From Net: NetName=GND Pin=J8-2
Removed Pin From Net: NetName=GND Pin=J8-16
Removed Pin From Net: NetName=+5V_USB0 Pin=R15-1
Removed Pin From Net: NetName=+5V_USB0 Pin=R16-1
Removed Pin From Net: NetName=+5V_USB0 Pin=U4-4
Removed Pin From Net: NetName=GND Pin=U4-7
Removed Pin From Net: NetName=GND Pin=U4-18
Removed Pin From Net: NetName=RESET Pin=U4-19
Removed Pin From Net: NetName=+5V_USB0 Pin=U4-20
Removed Pin From Net: NetName=GND Pin=U4-21
Removed Member From Class: ClassName=Transceivers Member=C20
Removed Member From Class: ClassName=Transceivers Member=C21
Removed Member From Class: ClassName=Transceivers Member=C22
Removed Member From Class: ClassName=Transceivers Member=C23
Removed Member From Class: ClassName=Connectors Member=J5
Removed Member From Class: ClassName=Transceivers Member=LED1
Removed Member From Class: ClassName=Transceivers Member=LED2
Removed Member From Class: ClassName=Transceivers Member=R15
Removed Member From Class: ClassName=Transceivers Member=R16
Removed Member From Class: ClassName=USB0_D Member=USB1_D_N
Added Pin To Net: NetName=GPIO0 Pin=J8-2
Added Pin To Net: NetName=GPIO0 Pin=U1-2
Added Net: Name=GPIO0
Added Pin To Net: NetName=GPIO1 Pin=J8-16
Added Pin To Net: NetName=GPIO1 Pin=U1-3
Added Net: Name=GPIO1
Added Rule: Name=Schematic Differential Pairs Routing
Added Rule: Name=Schematic Matched Net Lengths_4
Remove Class Member: Failed to remove class member
