Added Component: Designator=C1(CAPC0603)
Add component (AddParameter): Name = "Supplier 1"; Value = "Digi-Key"; VariantName = "[No Variations]"
Add component (AddParameter): Name = "Supplier Part Number 1"; Value = "1276-1000-1-ND"; VariantName = "[No Variations]"
Add component (AddParameter): Name = "Value"; Value = "4.7n"; VariantName = "[No Variations]"
Added Component: Designator=C2(CAPC0603)
Add component (AddParameter): Name = "Supplier 1"; Value = "Digi-Key"; VariantName = "[No Variations]"
Add component (AddParameter): Name = "Supplier Part Number 1"; Value = "1276-1000-1-ND"; VariantName = "[No Variations]"
Add component (AddParameter): Name = "Value"; Value = "1u"; VariantName = "[No Variations]"
Added Component: Designator=C3(CAPC0603)
Add component (AddParameter): Name = "Supplier 1"; Value = "Digi-Key"; VariantName = "[No Variations]"
Add component (AddParameter): Name = "Supplier Part Number 1"; Value = "1276-1000-1-ND"; VariantName = "[No Variations]"
Add component (AddParameter): Name = "Value"; Value = "100n"; VariantName = "[No Variations]"
Added Component: Designator=C4(CAPC0603)
Add component (AddParameter): Name = "Supplier 1"; Value = "Digi-Key"; VariantName = "[No Variations]"
Add component (AddParameter): Name = "Supplier Part Number 1"; Value = "1276-1000-1-ND"; VariantName = "[No Variations]"
Add component (AddParameter): Name = "Value"; Value = "100n"; VariantName = "[No Variations]"
Added Component: Designator=C5(CAPC0603)
Add component (AddParameter): Name = "Supplier 1"; Value = "Digi-Key"; VariantName = "[No Variations]"
Add component (AddParameter): Name = "Supplier Part Number 1"; Value = "1276-1000-1-ND"; VariantName = "[No Variations]"
Add component (AddParameter): Name = "Value"; Value = "100n"; VariantName = "[No Variations]"
Added Component: Designator=C6(CAPC0603)
Add component (AddParameter): Name = "Supplier 1"; Value = "Digi-Key"; VariantName = "[No Variations]"
Add component (AddParameter): Name = "Supplier Part Number 1"; Value = "1276-1000-1-ND"; VariantName = "[No Variations]"
Add component (AddParameter): Name = "Value"; Value = "100n"; VariantName = "[No Variations]"
Added Component: Designator=C7(CAPC0603)
Add component (AddParameter): Name = "Supplier 1"; Value = "Digi-Key"; VariantName = "[No Variations]"
Add component (AddParameter): Name = "Supplier Part Number 1"; Value = "1276-1000-1-ND"; VariantName = "[No Variations]"
Add component (AddParameter): Name = "Value"; Value = "100n"; VariantName = "[No Variations]"
Added Component: Designator=C8(CAPC0603)
Add component (AddParameter): Name = "Supplier 1"; Value = "Digi-Key"; VariantName = "[No Variations]"
Add component (AddParameter): Name = "Supplier Part Number 1"; Value = "1276-1000-1-ND"; VariantName = "[No Variations]"
Add component (AddParameter): Name = "Value"; Value = "100n"; VariantName = "[No Variations]"
Added Component: Designator=C9(CAPC0603)
Add component (AddParameter): Name = "Supplier 1"; Value = "Digi-Key"; VariantName = "[No Variations]"
Add component (AddParameter): Name = "Supplier Part Number 1"; Value = "1276-1000-1-ND"; VariantName = "[No Variations]"
Add component (AddParameter): Name = "Value"; Value = "100n"; VariantName = "[No Variations]"
Added Component: Designator=C10(CAPC0603)
Add component (AddParameter): Name = "Supplier 1"; Value = "Digi-Key"; VariantName = "[No Variations]"
Add component (AddParameter): Name = "Supplier Part Number 1"; Value = "1276-1000-1-ND"; VariantName = "[No Variations]"
Add component (AddParameter): Name = "Value"; Value = "100n"; VariantName = "[No Variations]"
Added Component: Designator=C11(CAPC0603)
Add component (AddParameter): Name = "Supplier 1"; Value = "Digi-Key"; VariantName = "[No Variations]"
Add component (AddParameter): Name = "Supplier Part Number 1"; Value = "1276-1000-1-ND"; VariantName = "[No Variations]"
Add component (AddParameter): Name = "Value"; Value = "1u"; VariantName = "[No Variations]"
Added Component: Designator=C12(CAPC0603)
Add component (AddParameter): Name = "Supplier 1"; Value = "Digi-Key"; VariantName = "[No Variations]"
Add component (AddParameter): Name = "Supplier Part Number 1"; Value = "1276-1000-1-ND"; VariantName = "[No Variations]"
Add component (AddParameter): Name = "Value"; Value = "100n"; VariantName = "[No Variations]"
Added Component: Designator=C13(CAPC0603)
Add component (AddParameter): Name = "Supplier 1"; Value = "Digi-Key"; VariantName = "[No Variations]"
Add component (AddParameter): Name = "Supplier Part Number 1"; Value = "1276-1000-1-ND"; VariantName = "[No Variations]"
Add component (AddParameter): Name = "Value"; Value = "100n"; VariantName = "[No Variations]"
Added Component: Designator=C14(CAPC0603)
Add component (AddParameter): Name = "Supplier 1"; Value = "Digi-Key"; VariantName = "[No Variations]"
Add component (AddParameter): Name = "Supplier Part Number 1"; Value = "1276-1000-1-ND"; VariantName = "[No Variations]"
Add component (AddParameter): Name = "Value"; Value = "100n"; VariantName = "[No Variations]"
Added Component: Designator=C15(CAPC0603)
Add component (AddParameter): Name = "Supplier 1"; Value = "Digi-Key"; VariantName = "[No Variations]"
Add component (AddParameter): Name = "Supplier Part Number 1"; Value = "1276-1000-1-ND"; VariantName = "[No Variations]"
Add component (AddParameter): Name = "Value"; Value = "27pF"; VariantName = "[No Variations]"
Added Component: Designator=C16(CAPC0603)
Add component (AddParameter): Name = "Supplier 1"; Value = "Digi-Key"; VariantName = "[No Variations]"
Add component (AddParameter): Name = "Supplier Part Number 1"; Value = "1276-1000-1-ND"; VariantName = "[No Variations]"
Add component (AddParameter): Name = "Value"; Value = "27pF"; VariantName = "[No Variations]"
Added Component: Designator=C17(CAPC0603)
Add component (AddParameter): Name = "Supplier 1"; Value = "Digi-Key"; VariantName = "[No Variations]"
Add component (AddParameter): Name = "Supplier Part Number 1"; Value = "1276-1000-1-ND"; VariantName = "[No Variations]"
Add component (AddParameter): Name = "Value"; Value = "100n"; VariantName = "[No Variations]"
Added Component: Designator=C18(CAPC0603)
Add component (AddParameter): Name = "Supplier 1"; Value = "Digi-Key"; VariantName = "[No Variations]"
Add component (AddParameter): Name = "Supplier Part Number 1"; Value = "1276-1000-1-ND"; VariantName = "[No Variations]"
Add component (AddParameter): Name = "Value"; Value = "100n"; VariantName = "[No Variations]"
Added Component: Designator=C19(CAPC0603)
Add component (AddParameter): Name = "Supplier 1"; Value = "Digi-Key"; VariantName = "[No Variations]"
Add component (AddParameter): Name = "Supplier Part Number 1"; Value = "1276-1000-1-ND"; VariantName = "[No Variations]"
Add component (AddParameter): Name = "Value"; Value = "CT"; VariantName = "[No Variations]"
Added Component: Designator=C20(CAPC0603)
Add component (AddParameter): Name = "Supplier 1"; Value = "Digi-Key"; VariantName = "[No Variations]"
Add component (AddParameter): Name = "Supplier Part Number 1"; Value = "1276-1000-1-ND"; VariantName = "[No Variations]"
Add component (AddParameter): Name = "Value"; Value = "4.7u"; VariantName = "[No Variations]"
Added Component: Designator=C21(CAPC0603)
Add component (AddParameter): Name = "Supplier 1"; Value = "Digi-Key"; VariantName = "[No Variations]"
Add component (AddParameter): Name = "Supplier Part Number 1"; Value = "1276-1000-1-ND"; VariantName = "[No Variations]"
Add component (AddParameter): Name = "Value"; Value = "100n"; VariantName = "[No Variations]"
Added Component: Designator=C22(CAPC0603)
Add component (AddParameter): Name = "Supplier 1"; Value = "Digi-Key"; VariantName = "[No Variations]"
Add component (AddParameter): Name = "Supplier Part Number 1"; Value = "1276-1000-1-ND"; VariantName = "[No Variations]"
Add component (AddParameter): Name = "Value"; Value = "4.7u"; VariantName = "[No Variations]"
Added Component: Designator=C23(CAPC0603)
Add component (AddParameter): Name = "Supplier 1"; Value = "Digi-Key"; VariantName = "[No Variations]"
Add component (AddParameter): Name = "Supplier Part Number 1"; Value = "1276-1000-1-ND"; VariantName = "[No Variations]"
Add component (AddParameter): Name = "Value"; Value = "100n"; VariantName = "[No Variations]"
Added Component: Designator=C24(CAPC0603)
Add component (AddParameter): Name = "Supplier 1"; Value = "Digi-Key"; VariantName = "[No Variations]"
Add component (AddParameter): Name = "Supplier Part Number 1"; Value = "1276-1000-1-ND"; VariantName = "[No Variations]"
Add component (AddParameter): Name = "Value"; Value = "1uF"; VariantName = "[No Variations]"
Added Component: Designator=C25(CAPC0603)
Add component (AddParameter): Name = "Supplier 1"; Value = "Digi-Key"; VariantName = "[No Variations]"
Add component (AddParameter): Name = "Supplier Part Number 1"; Value = "1276-1000-1-ND"; VariantName = "[No Variations]"
Add component (AddParameter): Name = "Value"; Value = "1uF"; VariantName = "[No Variations]"
Added Component: Designator=J1(SAMTEC_FTSH-110-01-L-DV-007)
Add component (AddParameter): Name = "Supplier 1"; Value = "Digi-Key"; VariantName = "[No Variations]"
Add component (AddParameter): Name = "Supplier Part Number 1"; Value = "SAM9456-ND"; VariantName = "[No Variations]"
Added Component: Designator=J2(AMPHENOL_10144517-081802LF)
Add component (AddParameter): Name = "Supplier 1"; Value = "Digikey"; VariantName = "[No Variations]"
Add component (AddParameter): Name = "Supplier Part Number 1"; Value = "609-5437-1-ND"; VariantName = "[No Variations]"
Added Component: Designator=J3(AMPHENOL_10144518-081802LF)
Add component (AddParameter): Name = "Supplier 1"; Value = "Digikey"; VariantName = "[No Variations]"
Add component (AddParameter): Name = "Supplier Part Number 1"; Value = "609-5453-1-ND"; VariantName = "[No Variations]"
Added Component: Designator=J4(GCT_USB4120-03-C_REVA)
Add component (AddParameter): Name = "Availability"; Value = "Unavailable"; VariantName = "[No Variations]"
Add component (AddParameter): Name = "MF"; Value = ""; VariantName = "[No Variations]"
Add component (AddParameter): Name = "MP"; Value = "USB4120-03-C_REVA"; VariantName = "[No Variations]"
Add component (AddParameter): Name = "Package"; Value = "None"; VariantName = "[No Variations]"
Add component (AddParameter): Name = "Price"; Value = "None"; VariantName = "[No Variations]"
Add component (AddParameter): Name = "Value"; Value = ""; VariantName = "[No Variations]"
Added Component: Designator=J5(GCT_USB4120-03-C_REVA)
Add component (AddParameter): Name = "Availability"; Value = "Unavailable"; VariantName = "[No Variations]"
Add component (AddParameter): Name = "MF"; Value = ""; VariantName = "[No Variations]"
Add component (AddParameter): Name = "MP"; Value = "USB4120-03-C_REVA"; VariantName = "[No Variations]"
Add component (AddParameter): Name = "Package"; Value = "None"; VariantName = "[No Variations]"
Add component (AddParameter): Name = "Price"; Value = "None"; VariantName = "[No Variations]"
Add component (AddParameter): Name = "Value"; Value = ""; VariantName = "[No Variations]"
Added Component: Designator=J6(CNC_3221-10-0300-00)
Added Component: Designator=J7(AMPHENOL_RJHSE3381)
Add component (AddParameter): Name = "Supplier 1"; Value = "Digi-Key"; VariantName = "[No Variations]"
Add component (AddParameter): Name = "Supplier Part Number 1"; Value = "RJHSE-3381-ND"; VariantName = "[No Variations]"
Added Component: Designator=J8(PREC014DAAN-RC)
Add component (AddParameter): Name = "Supplier 1"; Value = "Digikey"; VariantName = "[No Variations]"
Add component (AddParameter): Name = "Supplier Part Number 1"; Value = "S2012EC-14-ND"; VariantName = "[No Variations]"
Added Component: Designator=JMP1(2PinJumper)
Added Component: Designator=JMP2(2PinJumper)
Added Component: Designator=LED1(LED0603)
Add component (AddParameter): Name = "Color"; Value = "Green"; VariantName = "[No Variations]"
Add component (AddParameter): Name = "Supplier 1"; Value = "Digi-Key"; VariantName = "[No Variations]"
Add component (AddParameter): Name = "Supplier Part Number 1"; Value = "754-1122-1-ND"; VariantName = "[No Variations]"
Added Component: Designator=LED2(LED0603)
Add component (AddParameter): Name = "Color"; Value = "Orange"; VariantName = "[No Variations]"
Add component (AddParameter): Name = "Supplier 1"; Value = "Digi-Key"; VariantName = "[No Variations]"
Add component (AddParameter): Name = "Supplier Part Number 1"; Value = "754-1122-1-ND"; VariantName = "[No Variations]"
Added Component: Designator=LED3(LED0603)
Add component (AddParameter): Name = "Color"; Value = "Red"; VariantName = "[No Variations]"
Add component (AddParameter): Name = "Supplier 1"; Value = "Digi-Key"; VariantName = "[No Variations]"
Add component (AddParameter): Name = "Supplier Part Number 1"; Value = "754-1122-1-ND"; VariantName = "[No Variations]"
Added Component: Designator=LED4(LED0603)
Add component (AddParameter): Name = "Color"; Value = "Yellow"; VariantName = "[No Variations]"
Add component (AddParameter): Name = "Supplier 1"; Value = "Digi-Key"; VariantName = "[No Variations]"
Add component (AddParameter): Name = "Supplier Part Number 1"; Value = "754-1122-1-ND"; VariantName = "[No Variations]"
Added Component: Designator=R1(RES0603)
Add component (AddParameter): Name = "Supplier 1"; Value = "Digi-Key"; VariantName = "[No Variations]"
Add component (AddParameter): Name = "Supplier Part Number 1"; Value = "RMCF0603JT10K0CT-ND"; VariantName = "[No Variations]"
Add component (AddParameter): Name = "Value"; Value = "5k1"; VariantName = "[No Variations]"
Added Component: Designator=R2(RES0603)
Add component (AddParameter): Name = "Supplier 1"; Value = "Digi-Key"; VariantName = "[No Variations]"
Add component (AddParameter): Name = "Supplier Part Number 1"; Value = "RMCF0603JT10K0CT-ND"; VariantName = "[No Variations]"
Add component (AddParameter): Name = "Value"; Value = "5k1"; VariantName = "[No Variations]"
Added Component: Designator=R3(RES0603)
Add component (AddParameter): Name = "Supplier 1"; Value = "Digi-Key"; VariantName = "[No Variations]"
Add component (AddParameter): Name = "Supplier Part Number 1"; Value = "RMCF0603JT10K0CT-ND"; VariantName = "[No Variations]"
Add component (AddParameter): Name = "Value"; Value = "220"; VariantName = "[No Variations]"
Added Component: Designator=R4(RES0603)
Add component (AddParameter): Name = "Supplier 1"; Value = "Digi-Key"; VariantName = "[No Variations]"
Add component (AddParameter): Name = "Supplier Part Number 1"; Value = "RMCF0603JT10K0CT-ND"; VariantName = "[No Variations]"
Add component (AddParameter): Name = "Value"; Value = "60.4"; VariantName = "[No Variations]"
Added Component: Designator=R5(RES0603)
Add component (AddParameter): Name = "Supplier 1"; Value = "Digi-Key"; VariantName = "[No Variations]"
Add component (AddParameter): Name = "Supplier Part Number 1"; Value = "RMCF0603JT10K0CT-ND"; VariantName = "[No Variations]"
Add component (AddParameter): Name = "Value"; Value = "60.4"; VariantName = "[No Variations]"
Added Component: Designator=R6(RES0603)
Add component (AddParameter): Name = "Supplier 1"; Value = "Digi-Key"; VariantName = "[No Variations]"
Add component (AddParameter): Name = "Supplier Part Number 1"; Value = "RMCF0603JT10K0CT-ND"; VariantName = "[No Variations]"
Add component (AddParameter): Name = "Value"; Value = "220"; VariantName = "[No Variations]"
Added Component: Designator=R7(RES0603)
Add component (AddParameter): Name = "Supplier 1"; Value = "Digi-Key"; VariantName = "[No Variations]"
Add component (AddParameter): Name = "Supplier Part Number 1"; Value = "RMCF0603JT10K0CT-ND"; VariantName = "[No Variations]"
Add component (AddParameter): Name = "Value"; Value = "DNP"; VariantName = "[No Variations]"
Added Component: Designator=R8(RES0603)
Add component (AddParameter): Name = "Supplier 1"; Value = "Digi-Key"; VariantName = "[No Variations]"
Add component (AddParameter): Name = "Supplier Part Number 1"; Value = "RMCF0603JT10K0CT-ND"; VariantName = "[No Variations]"
Add component (AddParameter): Name = "Value"; Value = "1k"; VariantName = "[No Variations]"
Added Component: Designator=R9(RES0603)
Add component (AddParameter): Name = "Supplier 1"; Value = "Digi-Key"; VariantName = "[No Variations]"
Add component (AddParameter): Name = "Supplier Part Number 1"; Value = "RMCF0603JT10K0CT-ND"; VariantName = "[No Variations]"
Add component (AddParameter): Name = "Value"; Value = "27.4"; VariantName = "[No Variations]"
Added Component: Designator=R10(RES0603)
Add component (AddParameter): Name = "Supplier 1"; Value = "Digi-Key"; VariantName = "[No Variations]"
Add component (AddParameter): Name = "Supplier Part Number 1"; Value = "RMCF0603JT10K0CT-ND"; VariantName = "[No Variations]"
Add component (AddParameter): Name = "Value"; Value = "1k"; VariantName = "[No Variations]"
Added Component: Designator=R11(RES0603)
Add component (AddParameter): Name = "Supplier 1"; Value = "Digi-Key"; VariantName = "[No Variations]"
Add component (AddParameter): Name = "Supplier Part Number 1"; Value = "RMCF0603JT10K0CT-ND"; VariantName = "[No Variations]"
Add component (AddParameter): Name = "Value"; Value = "27.4"; VariantName = "[No Variations]"
Added Component: Designator=R12(RES0603)
Add component (AddParameter): Name = "Supplier 1"; Value = "Digi-Key"; VariantName = "[No Variations]"
Add component (AddParameter): Name = "Supplier Part Number 1"; Value = "RMCF0603JT10K0CT-ND"; VariantName = "[No Variations]"
Add component (AddParameter): Name = "Value"; Value = "1k"; VariantName = "[No Variations]"
Added Component: Designator=R13(RES0603)
Add component (AddParameter): Name = "Supplier 1"; Value = "Digi-Key"; VariantName = "[No Variations]"
Add component (AddParameter): Name = "Supplier Part Number 1"; Value = "RMCF0603JT10K0CT-ND"; VariantName = "[No Variations]"
Add component (AddParameter): Name = "Value"; Value = "RT/2"; VariantName = "[No Variations]"
Added Component: Designator=R14(RES0603)
Add component (AddParameter): Name = "Supplier 1"; Value = "Digi-Key"; VariantName = "[No Variations]"
Add component (AddParameter): Name = "Supplier Part Number 1"; Value = "RMCF0603JT10K0CT-ND"; VariantName = "[No Variations]"
Add component (AddParameter): Name = "Value"; Value = "RT/2"; VariantName = "[No Variations]"
Added Component: Designator=R15(RES0603)
Add component (AddParameter): Name = "Supplier 1"; Value = "Digi-Key"; VariantName = "[No Variations]"
Add component (AddParameter): Name = "Supplier Part Number 1"; Value = "RMCF0603JT10K0CT-ND"; VariantName = "[No Variations]"
Add component (AddParameter): Name = "Value"; Value = "1k"; VariantName = "[No Variations]"
Added Component: Designator=R16(RES0603)
Add component (AddParameter): Name = "Supplier 1"; Value = "Digi-Key"; VariantName = "[No Variations]"
Add component (AddParameter): Name = "Supplier Part Number 1"; Value = "RMCF0603JT10K0CT-ND"; VariantName = "[No Variations]"
Add component (AddParameter): Name = "Value"; Value = "1k"; VariantName = "[No Variations]"
Added Component: Designator=R17(RES0603)
Add component (AddParameter): Name = "Supplier 1"; Value = "Digi-Key"; VariantName = "[No Variations]"
Add component (AddParameter): Name = "Supplier Part Number 1"; Value = "RMCF0603JT10K0CT-ND"; VariantName = "[No Variations]"
Add component (AddParameter): Name = "Value"; Value = "1k"; VariantName = "[No Variations]"
Added Component: Designator=R18(RES0603)
Add component (AddParameter): Name = "Supplier 1"; Value = "Digi-Key"; VariantName = "[No Variations]"
Add component (AddParameter): Name = "Supplier Part Number 1"; Value = "RMCF0603JT10K0CT-ND"; VariantName = "[No Variations]"
Add component (AddParameter): Name = "Value"; Value = "1k"; VariantName = "[No Variations]"
Added Component: Designator=SW1(SW_PTS810_SJM_250_SMTR_LFS)
Add component (AddParameter): Name = "Supplier 1"; Value = "Digikey"; VariantName = "[No Variations]"
Add component (AddParameter): Name = "Supplier Part Number 1"; Value = "CKN10503CT-ND"; VariantName = "[No Variations]"
Added Component: Designator=SW2(SW_PTS810_SJM_250_SMTR_LFS)
Add component (AddParameter): Name = "Supplier 1"; Value = "Digikey"; VariantName = "[No Variations]"
Add component (AddParameter): Name = "Supplier Part Number 1"; Value = "CKN10503CT-ND"; VariantName = "[No Variations]"
Added Component: Designator=SW3(SW_JS202011SCQN)
Add component (AddParameter): Name = "Supplier 1"; Value = "Digikey"; VariantName = "[No Variations]"
Add component (AddParameter): Name = "Supplier Part Number 1"; Value = "401-2002-1-ND"; VariantName = "[No Variations]"
Added Component: Designator=TP1(TPAD-60MIL)
Added Component: Designator=TP2(TPAD-60MIL)
Added Component: Designator=TP3(TPAD-60MIL)
Added Component: Designator=U1(QFN40P700X700X90-57N)
Add component (AddParameter): Name = "Check_prices"; Value = "https://www.snapeda.com/parts/SC0914(13)/Raspberry+Pi/view-part/?ref=eda"; VariantName = "[No Variations]"
Add component (AddParameter): Name = "MF"; Value = "Raspberry Pi"; VariantName = "[No Variations]"
Add component (AddParameter): Name = "MP"; Value = "SC0914(13)"; VariantName = "[No Variations]"
Add component (AddParameter): Name = "Package"; Value = "VFQFN-56 Raspberry Pi"; VariantName = "[No Variations]"
Add component (AddParameter): Name = "SnapEDA_Link"; Value = "https://www.snapeda.com/parts/SC0914(13)/Raspberry+Pi/view-part/?ref=snap"; VariantName = "[No Variations]"
Add component (AddParameter): Name = "Supplier 1"; Value = "Digikey"; VariantName = "[No Variations]"
Add component (AddParameter): Name = "Supplier Part Number 1"; Value = "2648-SC0914(13)CT-ND"; VariantName = "[No Variations]"
Add component (AddParameter): Name = "Value"; Value = ""; VariantName = "[No Variations]"
Added Component: Designator=U2(SOIC127P790X216-8N)
Added Component: Designator=U3(SOT65P280X110-8N)
Add component (AddParameter): Name = "Supplier 1"; Value = "Digikey"; VariantName = "[No Variations]"
Add component (AddParameter): Name = "Supplier Part Number 1"; Value = "296-TCAN1057ADDFRQ1CT-ND"; VariantName = "[No Variations]"
Added Component: Designator=U4(SOP65P780X200-28N)
Add component (AddParameter): Name = "Arrow Part Number"; Value = "CY7C65213-28PVXIT"; VariantName = "[No Variations]"
Add component (AddParameter): Name = "Arrow Price/Stock"; Value = "https://www.arrow.com/en/products/cy7c65213-28pvxit/infineon-technologies-ag?region=nac"; VariantName = "[No Variations]"
Add component (AddParameter): Name = "Datasheet Link"; Value = "https://componentsearchengine.com/Datasheets/2/CY7C65213-28PVXIT.pdf"; VariantName = "[No Variations]"
Add component (AddParameter): Name = "Geometry.Height"; Value = "2mm"; VariantName = "[No Variations]"
Add component (AddParameter): Name = "Manufacturer_Name"; Value = "Infineon"; VariantName = "[No Variations]"
Add component (AddParameter): Name = "Manufacturer_Part_Number"; Value = "CY7C65213-28PVXIT"; VariantName = "[No Variations]"
Add component (AddParameter): Name = "Mouser Part Number"; Value = "727-CY7C6521328PVXIT"; VariantName = "[No Variations]"
Add component (AddParameter): Name = "Mouser Price/Stock"; Value = "https://www.mouser.co.uk/ProductDetail/Infineon-Technologies/CY7C65213-28PVXIT?qs=cwEsOGdHuFTfRgwUJVDa5g%3D%3D"; VariantName = "[No Variations]"
Added Component: Designator=U5(VREG_TLV75733PDRVR)
Add component (AddParameter): Name = "Supplier 1"; Value = "Digikey"; VariantName = "[No Variations]"
Add component (AddParameter): Name = "Supplier Part Number 1"; Value = "296-49281-1-ND"; VariantName = "[No Variations]"
Added Component: Designator=X1(ABLS-12.000MHZ)
Add component (AddParameter): Name = "Supplier 1"; Value = "Digikey"; VariantName = "[No Variations]"
Add component (AddParameter): Name = "Supplier Part Number 1"; Value = "535-9067-1-ND"; VariantName = "[No Variations]"
Added Pin To Net: NetName=+1V1_RP Pin=C11-1
Added Pin To Net: NetName=+1V1_RP Pin=C12-1
Added Pin To Net: NetName=+1V1_RP Pin=C13-1
Added Pin To Net: NetName=+1V1_RP Pin=U1-23
Added Pin To Net: NetName=+1V1_RP Pin=U1-45
Added Pin To Net: NetName=+1V1_RP Pin=U1-50
Added Net: Name=+1V1_RP
Added Pin To Net: NetName=+3V3_RP Pin=C2-1
Added Pin To Net: NetName=+3V3_RP Pin=C3-1
Added Pin To Net: NetName=+3V3_RP Pin=C4-1
Added Pin To Net: NetName=+3V3_RP Pin=C5-1
Added Pin To Net: NetName=+3V3_RP Pin=C6-1
Added Pin To Net: NetName=+3V3_RP Pin=C7-1
Added Pin To Net: NetName=+3V3_RP Pin=C8-1
Added Pin To Net: NetName=+3V3_RP Pin=C9-1
Added Pin To Net: NetName=+3V3_RP Pin=C10-1
Added Pin To Net: NetName=+3V3_RP Pin=C14-1
Added Pin To Net: NetName=+3V3_RP Pin=C18-1
Added Pin To Net: NetName=+3V3_RP Pin=J6-1
Added Pin To Net: NetName=+3V3_RP Pin=J8-1
Added Pin To Net: NetName=+3V3_RP Pin=R7-2
Added Pin To Net: NetName=+3V3_RP Pin=R8-1
Added Pin To Net: NetName=+3V3_RP Pin=SW3-2
Added Pin To Net: NetName=+3V3_RP Pin=SW3-5
Added Pin To Net: NetName=+3V3_RP Pin=U1-1
Added Pin To Net: NetName=+3V3_RP Pin=U1-10
Added Pin To Net: NetName=+3V3_RP Pin=U1-22
Added Pin To Net: NetName=+3V3_RP Pin=U1-33
Added Pin To Net: NetName=+3V3_RP Pin=U1-42
Added Pin To Net: NetName=+3V3_RP Pin=U1-43
Added Pin To Net: NetName=+3V3_RP Pin=U1-44
Added Pin To Net: NetName=+3V3_RP Pin=U1-48
Added Pin To Net: NetName=+3V3_RP Pin=U1-49
Added Pin To Net: NetName=+3V3_RP Pin=U2-5
Added Pin To Net: NetName=+3V3_RP Pin=U3-5
Added Net: Name=+3V3_RP
Added Pin To Net: NetName=+3V3_USB0 Pin=C25-1
Added Pin To Net: NetName=+3V3_USB0 Pin=R18-1
Added Pin To Net: NetName=+3V3_USB0 Pin=SW3-3
Added Pin To Net: NetName=+3V3_USB0 Pin=SW3-4
Added Pin To Net: NetName=+3V3_USB0 Pin=TP2-1
Added Pin To Net: NetName=+3V3_USB0 Pin=U5-1
Added Net: Name=+3V3_USB0
Added Pin To Net: NetName=+3V3 Pin=J2-4
Added Pin To Net: NetName=+3V3 Pin=J2-6
Added Pin To Net: NetName=+3V3 Pin=J2-8
Added Pin To Net: NetName=+3V3 Pin=J2-44
Added Pin To Net: NetName=+3V3 Pin=J2-46
Added Pin To Net: NetName=+3V3 Pin=J2-73
Added Pin To Net: NetName=+3V3 Pin=J2-75
Added Pin To Net: NetName=+3V3 Pin=J2-77
Added Pin To Net: NetName=+3V3 Pin=J3-4
Added Pin To Net: NetName=+3V3 Pin=J3-6
Added Pin To Net: NetName=+3V3 Pin=J3-8
Added Pin To Net: NetName=+3V3 Pin=J3-44
Added Pin To Net: NetName=+3V3 Pin=J3-46
Added Pin To Net: NetName=+3V3 Pin=J3-73
Added Pin To Net: NetName=+3V3 Pin=J3-75
Added Pin To Net: NetName=+3V3 Pin=J3-77
Added Pin To Net: NetName=+3V3 Pin=SW3-1
Added Pin To Net: NetName=+3V3 Pin=SW3-6
Added Net: Name=+3V3
Added Pin To Net: NetName=+5V_USB0 Pin=C17-1
Added Pin To Net: NetName=+5V_USB0 Pin=C22-1
Added Pin To Net: NetName=+5V_USB0 Pin=C23-1
Added Pin To Net: NetName=+5V_USB0 Pin=C24-1
Added Pin To Net: NetName=+5V_USB0 Pin=J4-A4
Added Pin To Net: NetName=+5V_USB0 Pin=J4-A9
Added Pin To Net: NetName=+5V_USB0 Pin=J4-B4
Added Pin To Net: NetName=+5V_USB0 Pin=J4-B9
Added Pin To Net: NetName=+5V_USB0 Pin=J8-15
Added Pin To Net: NetName=+5V_USB0 Pin=R15-1
Added Pin To Net: NetName=+5V_USB0 Pin=R16-1
Added Pin To Net: NetName=+5V_USB0 Pin=R17-1
Added Pin To Net: NetName=+5V_USB0 Pin=TP3-1
Added Pin To Net: NetName=+5V_USB0 Pin=U3-3
Added Pin To Net: NetName=+5V_USB0 Pin=U4-4
Added Pin To Net: NetName=+5V_USB0 Pin=U4-20
Added Pin To Net: NetName=+5V_USB0 Pin=U5-4
Added Pin To Net: NetName=+5V_USB0 Pin=U5-6
Added Net: Name=+5V_USB0
Added Pin To Net: NetName=+5V Pin=J2-3
Added Pin To Net: NetName=+5V Pin=J2-5
Added Pin To Net: NetName=+5V Pin=J2-7
Added Pin To Net: NetName=+5V Pin=J2-43
Added Pin To Net: NetName=+5V Pin=J2-45
Added Pin To Net: NetName=+5V Pin=J2-74
Added Pin To Net: NetName=+5V Pin=J2-76
Added Pin To Net: NetName=+5V Pin=J2-78
Added Pin To Net: NetName=+5V Pin=J3-3
Added Pin To Net: NetName=+5V Pin=J3-5
Added Pin To Net: NetName=+5V Pin=J3-7
Added Pin To Net: NetName=+5V Pin=J3-43
Added Pin To Net: NetName=+5V Pin=J3-45
Added Pin To Net: NetName=+5V Pin=J3-74
Added Pin To Net: NetName=+5V Pin=J3-76
Added Pin To Net: NetName=+5V Pin=J3-78
Added Pin To Net: NetName=+5V Pin=R3-1
Added Pin To Net: NetName=+5V Pin=R6-1
Added Net: Name=+5V
Added Pin To Net: NetName=CAN0_GRN Pin=J7-9
Added Pin To Net: NetName=CAN0_GRN Pin=U1-5
Added Net: Name=CAN0_GRN
Added Pin To Net: NetName=CAN0_N Pin=J2-39
Added Pin To Net: NetName=CAN0_N Pin=J3-39
Added Pin To Net: NetName=CAN0_N Pin=J7-2
Added Pin To Net: NetName=CAN0_N Pin=JMP2-2
Added Pin To Net: NetName=CAN0_N Pin=R14-2
Added Pin To Net: NetName=CAN0_N Pin=U3-6
Added Net: Name=CAN0_N
Added Pin To Net: NetName=CAN0_P Pin=J2-37
Added Pin To Net: NetName=CAN0_P Pin=J3-37
Added Pin To Net: NetName=CAN0_P Pin=J7-1
Added Pin To Net: NetName=CAN0_P Pin=JMP1-1
Added Pin To Net: NetName=CAN0_P Pin=R13-1
Added Pin To Net: NetName=CAN0_P Pin=U3-7
Added Net: Name=CAN0_P
Added Pin To Net: NetName=CAN0_RX Pin=U1-7
Added Pin To Net: NetName=CAN0_RX Pin=U3-4
Added Net: Name=CAN0_RX
Added Pin To Net: NetName=CAN0_STB Pin=U1-8
Added Pin To Net: NetName=CAN0_STB Pin=U3-8
Added Net: Name=CAN0_STB
Added Pin To Net: NetName=CAN0_TX Pin=U1-6
Added Pin To Net: NetName=CAN0_TX Pin=U3-1
Added Net: Name=CAN0_TX
Added Pin To Net: NetName=CAN0_YLW Pin=J7-11
Added Pin To Net: NetName=CAN0_YLW Pin=U1-4
Added Net: Name=CAN0_YLW
Added Pin To Net: NetName=GNDDetect Pin=J1-9
Added Pin To Net: NetName=GNDDetect Pin=J2-15
Added Pin To Net: NetName=GNDDetect Pin=J3-15
Added Net: Name=GNDDetect
Added Pin To Net: NetName=GND Pin=C1-2
Added Pin To Net: NetName=GND Pin=C2-2
Added Pin To Net: NetName=GND Pin=C3-2
Added Pin To Net: NetName=GND Pin=C4-2
Added Pin To Net: NetName=GND Pin=C5-2
Added Pin To Net: NetName=GND Pin=C6-2
Added Pin To Net: NetName=GND Pin=C7-2
Added Pin To Net: NetName=GND Pin=C8-2
Added Pin To Net: NetName=GND Pin=C9-2
Added Pin To Net: NetName=GND Pin=C10-2
Added Pin To Net: NetName=GND Pin=C11-2
Added Pin To Net: NetName=GND Pin=C12-2
Added Pin To Net: NetName=GND Pin=C13-2
Added Pin To Net: NetName=GND Pin=C14-2
Added Pin To Net: NetName=GND Pin=C15-1
Added Pin To Net: NetName=GND Pin=C16-1
Added Pin To Net: NetName=GND Pin=C17-2
Added Pin To Net: NetName=GND Pin=C18-2
Added Pin To Net: NetName=GND Pin=C19-2
Added Pin To Net: NetName=GND Pin=C20-2
Added Pin To Net: NetName=GND Pin=C21-2
Added Pin To Net: NetName=GND Pin=C22-2
Added Pin To Net: NetName=GND Pin=C23-2
Added Pin To Net: NetName=GND Pin=C24-2
Added Pin To Net: NetName=GND Pin=C25-2
Added Pin To Net: NetName=GND Pin=J1-3
Added Pin To Net: NetName=GND Pin=J1-5
Added Pin To Net: NetName=GND Pin=J1-11
Added Pin To Net: NetName=GND Pin=J1-13
Added Pin To Net: NetName=GND Pin=J1-15
Added Pin To Net: NetName=GND Pin=J1-17
Added Pin To Net: NetName=GND Pin=J1-19
Added Pin To Net: NetName=GND Pin=J2-1
Added Pin To Net: NetName=GND Pin=J2-2
Added Pin To Net: NetName=GND Pin=J2-9
Added Pin To Net: NetName=GND Pin=J2-10
Added Pin To Net: NetName=GND Pin=J2-13
Added Pin To Net: NetName=GND Pin=J2-14
Added Pin To Net: NetName=GND Pin=J2-17
Added Pin To Net: NetName=GND Pin=J2-18
Added Pin To Net: NetName=GND Pin=J2-23
Added Pin To Net: NetName=GND Pin=J2-24
Added Pin To Net: NetName=GND Pin=J2-29
Added Pin To Net: NetName=GND Pin=J2-30
Added Pin To Net: NetName=GND Pin=J2-35
Added Pin To Net: NetName=GND Pin=J2-36
Added Pin To Net: NetName=GND Pin=J2-41
Added Pin To Net: NetName=GND Pin=J2-42
Added Pin To Net: NetName=GND Pin=J2-47
Added Pin To Net: NetName=GND Pin=J2-48
Added Pin To Net: NetName=GND Pin=J2-53
Added Pin To Net: NetName=GND Pin=J2-54
Added Pin To Net: NetName=GND Pin=J2-59
Added Pin To Net: NetName=GND Pin=J2-60
Added Pin To Net: NetName=GND Pin=J2-65
Added Pin To Net: NetName=GND Pin=J2-66
Added Pin To Net: NetName=GND Pin=J2-71
Added Pin To Net: NetName=GND Pin=J2-72
Added Pin To Net: NetName=GND Pin=J2-79
Added Pin To Net: NetName=GND Pin=J2-80
Added Pin To Net: NetName=GND Pin=J3-1
Added Pin To Net: NetName=GND Pin=J3-2
Added Pin To Net: NetName=GND Pin=J3-9
Added Pin To Net: NetName=GND Pin=J3-10
Added Pin To Net: NetName=GND Pin=J3-13
Added Pin To Net: NetName=GND Pin=J3-14
Added Pin To Net: NetName=GND Pin=J3-17
Added Pin To Net: NetName=GND Pin=J3-18
Added Pin To Net: NetName=GND Pin=J3-23
Added Pin To Net: NetName=GND Pin=J3-24
Added Pin To Net: NetName=GND Pin=J3-29
Added Pin To Net: NetName=GND Pin=J3-30
Added Pin To Net: NetName=GND Pin=J3-35
Added Pin To Net: NetName=GND Pin=J3-36
Added Pin To Net: NetName=GND Pin=J3-41
Added Pin To Net: NetName=GND Pin=J3-42
Added Pin To Net: NetName=GND Pin=J3-47
Added Pin To Net: NetName=GND Pin=J3-48
Added Pin To Net: NetName=GND Pin=J3-53
Added Pin To Net: NetName=GND Pin=J3-54
Added Pin To Net: NetName=GND Pin=J3-59
Added Pin To Net: NetName=GND Pin=J3-60
Added Pin To Net: NetName=GND Pin=J3-65
Added Pin To Net: NetName=GND Pin=J3-66
Added Pin To Net: NetName=GND Pin=J3-71
Added Pin To Net: NetName=GND Pin=J3-72
Added Pin To Net: NetName=GND Pin=J3-79
Added Pin To Net: NetName=GND Pin=J3-80
Added Pin To Net: NetName=GND Pin=J4-A1
Added Pin To Net: NetName=GND Pin=J4-A12
Added Pin To Net: NetName=GND Pin=J4-B1
Added Pin To Net: NetName=GND Pin=J4-B12
Added Pin To Net: NetName=GND Pin=J4-S1
Added Pin To Net: NetName=GND Pin=J4-S2
Added Pin To Net: NetName=GND Pin=J4-S3
Added Pin To Net: NetName=GND Pin=J4-S4
Added Pin To Net: NetName=GND Pin=J5-A1
Added Pin To Net: NetName=GND Pin=J5-A12
Added Pin To Net: NetName=GND Pin=J5-B1
Added Pin To Net: NetName=GND Pin=J5-B12
Added Pin To Net: NetName=GND Pin=J5-S1
Added Pin To Net: NetName=GND Pin=J5-S2
Added Pin To Net: NetName=GND Pin=J5-S3
Added Pin To Net: NetName=GND Pin=J5-S4
Added Pin To Net: NetName=GND Pin=J6-3
Added Pin To Net: NetName=GND Pin=J6-5
Added Pin To Net: NetName=GND Pin=J6-7
Added Pin To Net: NetName=GND Pin=J6-9
Added Pin To Net: NetName=GND Pin=J7-3
Added Pin To Net: NetName=GND Pin=J7-7
Added Pin To Net: NetName=GND Pin=J7-S1
Added Pin To Net: NetName=GND Pin=J7-S2
Added Pin To Net: NetName=GND Pin=J8-2
Added Pin To Net: NetName=GND Pin=J8-16
Added Pin To Net: NetName=GND Pin=J8-28
Added Pin To Net: NetName=GND Pin=LED3-C
Added Pin To Net: NetName=GND Pin=LED4-C
Added Pin To Net: NetName=GND Pin=R1-2
Added Pin To Net: NetName=GND Pin=R2-2
Added Pin To Net: NetName=GND Pin=SW1-3
Added Pin To Net: NetName=GND Pin=SW1-4
Added Pin To Net: NetName=GND Pin=SW2-3
Added Pin To Net: NetName=GND Pin=SW2-4
Added Pin To Net: NetName=GND Pin=U1-19
Added Pin To Net: NetName=GND Pin=U1-57
Added Pin To Net: NetName=GND Pin=U2-4
Added Pin To Net: NetName=GND Pin=U3-2
Added Pin To Net: NetName=GND Pin=U4-7
Added Pin To Net: NetName=GND Pin=U4-18
Added Pin To Net: NetName=GND Pin=U4-21
Added Pin To Net: NetName=GND Pin=U5-3
Added Net: Name=GND
Added Pin To Net: NetName=GPIO7 Pin=J8-3
Added Pin To Net: NetName=GPIO7 Pin=U1-9
Added Net: Name=GPIO7
Added Pin To Net: NetName=GPIO8 Pin=J8-4
Added Pin To Net: NetName=GPIO8 Pin=U1-11
Added Net: Name=GPIO8
Added Pin To Net: NetName=GPIO9 Pin=J8-5
Added Pin To Net: NetName=GPIO9 Pin=U1-12
Added Net: Name=GPIO9
Added Pin To Net: NetName=GPIO10 Pin=J8-6
Added Pin To Net: NetName=GPIO10 Pin=U1-13
Added Net: Name=GPIO10
Added Pin To Net: NetName=GPIO11 Pin=J8-7
Added Pin To Net: NetName=GPIO11 Pin=U1-14
Added Net: Name=GPIO11
Added Pin To Net: NetName=GPIO12 Pin=J8-8
Added Pin To Net: NetName=GPIO12 Pin=U1-15
Added Net: Name=GPIO12
Added Pin To Net: NetName=GPIO13 Pin=J8-9
Added Pin To Net: NetName=GPIO13 Pin=U1-16
Added Net: Name=GPIO13
Added Pin To Net: NetName=GPIO14 Pin=J8-10
Added Pin To Net: NetName=GPIO14 Pin=U1-17
Added Net: Name=GPIO14
Added Pin To Net: NetName=GPIO15 Pin=J8-11
Added Pin To Net: NetName=GPIO15 Pin=U1-18
Added Net: Name=GPIO15
Added Pin To Net: NetName=GPIO16 Pin=J8-12
Added Pin To Net: NetName=GPIO16 Pin=U1-27
Added Net: Name=GPIO16
Added Pin To Net: NetName=GPIO17 Pin=J8-13
Added Pin To Net: NetName=GPIO17 Pin=U1-28
Added Net: Name=GPIO17
Added Pin To Net: NetName=GPIO18 Pin=J8-14
Added Pin To Net: NetName=GPIO18 Pin=U1-29
Added Net: Name=GPIO18
Added Pin To Net: NetName=GPIO19 Pin=J8-17
Added Pin To Net: NetName=GPIO19 Pin=U1-30
Added Net: Name=GPIO19
Added Pin To Net: NetName=GPIO20 Pin=J8-18
Added Pin To Net: NetName=GPIO20 Pin=U1-31
Added Net: Name=GPIO20
Added Pin To Net: NetName=GPIO21 Pin=J8-19
Added Pin To Net: NetName=GPIO21 Pin=U1-32
Added Net: Name=GPIO21
Added Pin To Net: NetName=GPIO22 Pin=J8-20
Added Pin To Net: NetName=GPIO22 Pin=U1-34
Added Net: Name=GPIO22
Added Pin To Net: NetName=GPIO23 Pin=J8-21
Added Pin To Net: NetName=GPIO23 Pin=U1-35
Added Net: Name=GPIO23
Added Pin To Net: NetName=GPIO24 Pin=J8-22
Added Pin To Net: NetName=GPIO24 Pin=U1-36
Added Net: Name=GPIO24
Added Pin To Net: NetName=GPIO25 Pin=J8-23
Added Pin To Net: NetName=GPIO25 Pin=U1-37
Added Net: Name=GPIO25
Added Pin To Net: NetName=GPIO26 Pin=J8-24
Added Pin To Net: NetName=GPIO26 Pin=U1-38
Added Net: Name=GPIO26
Added Pin To Net: NetName=GPIO27 Pin=J8-25
Added Pin To Net: NetName=GPIO27 Pin=U1-39
Added Net: Name=GPIO27
Added Pin To Net: NetName=GPIO28 Pin=J8-26
Added Pin To Net: NetName=GPIO28 Pin=U1-40
Added Net: Name=GPIO28
Added Pin To Net: NetName=GPIO29 Pin=J8-27
Added Pin To Net: NetName=GPIO29 Pin=U1-41
Added Net: Name=GPIO29
Added Pin To Net: NetName=JnRST Pin=J1-10
Added Pin To Net: NetName=JnRST Pin=J2-12
Added Pin To Net: NetName=JnRST Pin=J3-12
Added Net: Name=JnRST
Added Pin To Net: NetName=JTCK Pin=J1-4
Added Pin To Net: NetName=JTCK Pin=J2-25
Added Pin To Net: NetName=JTCK Pin=J3-25
Added Net: Name=JTCK
Added Pin To Net: NetName=JTDI Pin=J1-8
Added Pin To Net: NetName=JTDI Pin=J2-19
Added Pin To Net: NetName=JTDI Pin=J3-19
Added Net: Name=JTDI
Added Pin To Net: NetName=JTDO Pin=J1-6
Added Pin To Net: NetName=JTDO Pin=J2-21
Added Pin To Net: NetName=JTDO Pin=J3-21
Added Net: Name=JTDO
Added Pin To Net: NetName=JTMS Pin=J1-2
Added Pin To Net: NetName=JTMS Pin=J2-27
Added Pin To Net: NetName=JTMS Pin=J3-27
Added Net: Name=JTMS
Added Pin To Net: NetName=NetC1_1 Pin=C1-1
Added Pin To Net: NetName=NetC1_1 Pin=R4-2
Added Pin To Net: NetName=NetC1_1 Pin=R5-1
Added Net: Name=NetC1_1
Added Pin To Net: NetName=NetC16_2 Pin=C16-2
Added Pin To Net: NetName=NetC16_2 Pin=R12-1
Added Pin To Net: NetName=NetC16_2 Pin=X1-1
Added Net: Name=NetC16_2
Added Pin To Net: NetName=NetC19_1 Pin=C19-1
Added Pin To Net: NetName=NetC19_1 Pin=R13-2
Added Pin To Net: NetName=NetC19_1 Pin=R14-1
Added Net: Name=NetC19_1
Added Pin To Net: NetName=NetJ4_A5 Pin=J4-A5
Added Pin To Net: NetName=NetJ4_A5 Pin=R1-1
Added Net: Name=NetJ4_A5
Added Pin To Net: NetName=NetJ4_B5 Pin=J4-B5
Added Pin To Net: NetName=NetJ4_B5 Pin=R2-1
Added Net: Name=NetJ4_B5
Added Pin To Net: NetName=NetJ7_10 Pin=J7-10
Added Pin To Net: NetName=NetJ7_10 Pin=R3-2
Added Net: Name=NetJ7_10
Added Pin To Net: NetName=NetJ7_12 Pin=J7-12
Added Pin To Net: NetName=NetJ7_12 Pin=R6-2
Added Net: Name=NetJ7_12
Added Pin To Net: NetName=NetJMP1_2 Pin=JMP1-2
Added Pin To Net: NetName=NetJMP1_2 Pin=R4-1
Added Net: Name=NetJMP1_2
Added Pin To Net: NetName=NetJMP2_1 Pin=JMP2-1
Added Pin To Net: NetName=NetJMP2_1 Pin=R5-2
Added Net: Name=NetJMP2_1
Added Pin To Net: NetName=NetLED1_A Pin=LED1-A
Added Pin To Net: NetName=NetLED1_A Pin=R15-2
Added Net: Name=NetLED1_A
Added Pin To Net: NetName=NetLED2_A Pin=LED2-A
Added Pin To Net: NetName=NetLED2_A Pin=R16-2
Added Net: Name=NetLED2_A
Added Pin To Net: NetName=NetLED3_A Pin=LED3-A
Added Pin To Net: NetName=NetLED3_A Pin=R17-2
Added Net: Name=NetLED3_A
Added Pin To Net: NetName=NetLED4_A Pin=LED4-A
Added Pin To Net: NetName=NetLED4_A Pin=R18-2
Added Net: Name=NetLED4_A
Added Pin To Net: NetName=QSPI_CLK Pin=U1-52
Added Pin To Net: NetName=QSPI_CLK Pin=U2-7
Added Net: Name=QSPI_CLK
Added Pin To Net: NetName=QSPI_SD0 Pin=U1-53
Added Pin To Net: NetName=QSPI_SD0 Pin=U2-8
Added Net: Name=QSPI_SD0
Added Pin To Net: NetName=QSPI_SD1 Pin=U1-55
Added Pin To Net: NetName=QSPI_SD1 Pin=U2-2
Added Net: Name=QSPI_SD1
Added Pin To Net: NetName=QSPI_SD2 Pin=U1-54
Added Pin To Net: NetName=QSPI_SD2 Pin=U2-3
Added Net: Name=QSPI_SD2
Added Pin To Net: NetName=QSPI_SD3 Pin=U1-51
Added Pin To Net: NetName=QSPI_SD3 Pin=U2-6
Added Net: Name=QSPI_SD3
Added Pin To Net: NetName=QSPI_SS Pin=R7-1
Added Pin To Net: NetName=QSPI_SS Pin=R10-1
Added Pin To Net: NetName=QSPI_SS Pin=U1-56
Added Pin To Net: NetName=QSPI_SS Pin=U2-1
Added Net: Name=QSPI_SS
Added Pin To Net: NetName=RESET Pin=J6-10
Added Pin To Net: NetName=RESET Pin=R8-2
Added Pin To Net: NetName=RESET Pin=SW1-1
Added Pin To Net: NetName=RESET Pin=SW1-2
Added Pin To Net: NetName=RESET Pin=TP1-1
Added Pin To Net: NetName=RESET Pin=U1-26
Added Pin To Net: NetName=RESET Pin=U4-19
Added Net: Name=RESET
Added Pin To Net: NetName=RP_XIN Pin=C15-2
Added Pin To Net: NetName=RP_XIN Pin=U1-20
Added Pin To Net: NetName=RP_XIN Pin=X1-2
Added Net: Name=RP_XIN
Added Pin To Net: NetName=RP_XOUT Pin=R12-2
Added Pin To Net: NetName=RP_XOUT Pin=U1-21
Added Net: Name=RP_XOUT
Added Pin To Net: NetName=SWDCLK_RP Pin=J6-2
Added Pin To Net: NetName=SWDCLK_RP Pin=U1-24
Added Net: Name=SWDCLK_RP
Added Pin To Net: NetName=SWDIO_RP Pin=J6-4
Added Pin To Net: NetName=SWDIO_RP Pin=U1-25
Added Net: Name=SWDIO_RP
Added Pin To Net: NetName=TRACECLK Pin=J1-12
Added Pin To Net: NetName=TRACECLK Pin=J2-16
Added Pin To Net: NetName=TRACECLK Pin=J3-16
Added Net: Name=TRACECLK
Added Pin To Net: NetName=TRD0 Pin=J1-14
Added Pin To Net: NetName=TRD0 Pin=J2-20
Added Pin To Net: NetName=TRD0 Pin=J3-20
Added Net: Name=TRD0
Added Pin To Net: NetName=TRD1 Pin=J1-16
Added Pin To Net: NetName=TRD1 Pin=J2-22
Added Pin To Net: NetName=TRD1 Pin=J3-22
Added Net: Name=TRD1
Added Pin To Net: NetName=TRD2 Pin=J1-18
Added Pin To Net: NetName=TRD2 Pin=J2-26
Added Pin To Net: NetName=TRD2 Pin=J3-26
Added Net: Name=TRD2
Added Pin To Net: NetName=TRD3 Pin=J1-20
Added Pin To Net: NetName=TRD3 Pin=J2-28
Added Pin To Net: NetName=TRD3 Pin=J3-28
Added Net: Name=TRD3
Added Pin To Net: NetName=UART0_RXLED Pin=LED2-C
Added Pin To Net: NetName=UART0_RXLED Pin=U4-22
Added Net: Name=UART0_RXLED
Added Pin To Net: NetName=UART0_RX Pin=U1-2
Added Pin To Net: NetName=UART0_RX Pin=U4-5
Added Net: Name=UART0_RX
Added Pin To Net: NetName=UART0_TXLED Pin=LED1-C
Added Pin To Net: NetName=UART0_TXLED Pin=U4-23
Added Net: Name=UART0_TXLED
Added Pin To Net: NetName=UART0_TX Pin=U1-3
Added Pin To Net: NetName=UART0_TX Pin=U4-1
Added Net: Name=UART0_TX
Added Pin To Net: NetName=UART0_VCCD Pin=C20-1
Added Pin To Net: NetName=UART0_VCCD Pin=C21-1
Added Pin To Net: NetName=UART0_VCCD Pin=U4-17
Added Net: Name=UART0_VCCD
Added Pin To Net: NetName=USB0_D_N Pin=J4-A7
Added Pin To Net: NetName=USB0_D_N Pin=J4-B7
Added Pin To Net: NetName=USB0_D_N Pin=R9-2
Added Net: Name=USB0_D_N
Added Pin To Net: NetName=USB0_D_P Pin=J4-A6
Added Pin To Net: NetName=USB0_D_P Pin=J4-B6
Added Pin To Net: NetName=USB0_D_P Pin=R11-2
Added Net: Name=USB0_D_P
Added Pin To Net: NetName=USB0_RP_N Pin=R9-1
Added Pin To Net: NetName=USB0_RP_N Pin=U1-46
Added Net: Name=USB0_RP_N
Added Pin To Net: NetName=USB0_RP_P Pin=R11-1
Added Pin To Net: NetName=USB0_RP_P Pin=U1-47
Added Net: Name=USB0_RP_P
Added Pin To Net: NetName=USB1_D_N Pin=J5-A7
Added Pin To Net: NetName=USB1_D_N Pin=J5-B7
Added Pin To Net: NetName=USB1_D_N Pin=U4-16
Added Net: Name=USB1_D_N
Added Pin To Net: NetName=USB1_D_P Pin=J5-A6
Added Pin To Net: NetName=USB1_D_P Pin=J5-B6
Added Pin To Net: NetName=USB1_D_P Pin=U4-15
Added Net: Name=USB1_D_P
Added Pin To Net: NetName=USB_BOOT Pin=R10-2
Added Pin To Net: NetName=USB_BOOT Pin=SW2-1
Added Pin To Net: NetName=USB_BOOT Pin=SW2-2
Added Net: Name=USB_BOOT
Added Pin To Net: NetName=VREF Pin=J1-1
Added Pin To Net: NetName=VREF Pin=J2-11
Added Pin To Net: NetName=VREF Pin=J3-11
Added Net: Name=VREF
Added Class: Name=Connectors
Added Class: Name=Microcontroller
Added Class: Name=Power
Added Class: Name=Transceivers
Added Class: Name=CAN0
Added Class: Name=USB0_D
Added Class: Name=USB0_RP
Added Class: Name=USB1_D
Added Differential Pair: Name=CAN0
Added Differential Pair: Name=USB0_D
Added Differential Pair: Name=USB0_RP
Added Differential Pair: Name=USB1_D
Added Rule: Name=Schematic Differential Pairs Routing
Added Rule: Name=Schematic Differential Pairs Routing_1
Added Rule: Name=Schematic Differential Pairs Routing_2
Added Rule: Name=Schematic Differential Pairs Routing_3
Added Rule: Name=Schematic Differential Pairs Routing_4
Added Rule: Name=Schematic Matched Net Lengths
Added Rule: Name=Schematic Matched Net Lengths_1
Added Rule: Name=Schematic Matched Net Lengths_2
Added Rule: Name=Schematic Matched Net Lengths_3
Added Class: Name=CAN0_LINES
Added Class: Name=USB0_LINES
Added Class: Name=USB0_RP_LINES
Added Class: Name=USB1_LINES
