Added Component: Designator=C1(CAPC0603)
Add component (AddParameter): Name = "Supplier 1"; Value = "Digi-Key"; VariantName = "[No Variations]"
Add component (AddParameter): Name = "Supplier Part Number 1"; Value = "1276-1000-1-ND"; VariantName = "[No Variations]"
Add component (AddParameter): Name = "Value"; Value = "4.7n"; VariantName = "[No Variations]"
Added Component: Designator=C2(CAPC0603)
Add component (AddParameter): Name = "Supplier 1"; Value = "Digi-Key"; VariantName = "[No Variations]"
Add component (AddParameter): Name = "Supplier Part Number 1"; Value = "1276-1000-1-ND"; VariantName = "[No Variations]"
Add component (AddParameter): Name = "Value"; Value = "1u"; VariantName = "[No Variations]"
Added Component: Designator=C3(CAPC0603)
Add component (AddParameter): Name = "Supplier 1"; Value = "Digi-Key"; VariantName = "[No Variations]"
Add component (AddParameter): Name = "Supplier Part Number 1"; Value = "1276-1000-1-ND"; VariantName = "[No Variations]"
Add component (AddParameter): Name = "Value"; Value = "100n"; VariantName = "[No Variations]"
Added Component: Designator=C4(CAPC0603)
Add component (AddParameter): Name = "Supplier 1"; Value = "Digi-Key"; VariantName = "[No Variations]"
Add component (AddParameter): Name = "Supplier Part Number 1"; Value = "1276-1000-1-ND"; VariantName = "[No Variations]"
Add component (AddParameter): Name = "Value"; Value = "100n"; VariantName = "[No Variations]"
Added Component: Designator=C5(CAPC0603)
Add component (AddParameter): Name = "Supplier 1"; Value = "Digi-Key"; VariantName = "[No Variations]"
Add component (AddParameter): Name = "Supplier Part Number 1"; Value = "1276-1000-1-ND"; VariantName = "[No Variations]"
Add component (AddParameter): Name = "Value"; Value = "100n"; VariantName = "[No Variations]"
Added Component: Designator=C6(CAPC0603)
Add component (AddParameter): Name = "Supplier 1"; Value = "Digi-Key"; VariantName = "[No Variations]"
Add component (AddParameter): Name = "Supplier Part Number 1"; Value = "1276-1000-1-ND"; VariantName = "[No Variations]"
Add component (AddParameter): Name = "Value"; Value = "100n"; VariantName = "[No Variations]"
Added Component: Designator=C7(CAPC0603)
Add component (AddParameter): Name = "Supplier 1"; Value = "Digi-Key"; VariantName = "[No Variations]"
Add component (AddParameter): Name = "Supplier Part Number 1"; Value = "1276-1000-1-ND"; VariantName = "[No Variations]"
Add component (AddParameter): Name = "Value"; Value = "100n"; VariantName = "[No Variations]"
Added Component: Designator=C8(CAPC0603)
Add component (AddParameter): Name = "Supplier 1"; Value = "Digi-Key"; VariantName = "[No Variations]"
Add component (AddParameter): Name = "Supplier Part Number 1"; Value = "1276-1000-1-ND"; VariantName = "[No Variations]"
Add component (AddParameter): Name = "Value"; Value = "100n"; VariantName = "[No Variations]"
Added Component: Designator=C9(CAPC0603)
Add component (AddParameter): Name = "Supplier 1"; Value = "Digi-Key"; VariantName = "[No Variations]"
Add component (AddParameter): Name = "Supplier Part Number 1"; Value = "1276-1000-1-ND"; VariantName = "[No Variations]"
Add component (AddParameter): Name = "Value"; Value = "100n"; VariantName = "[No Variations]"
Added Component: Designator=C10(CAPC0603)
Add component (AddParameter): Name = "Supplier 1"; Value = "Digi-Key"; VariantName = "[No Variations]"
Add component (AddParameter): Name = "Supplier Part Number 1"; Value = "1276-1000-1-ND"; VariantName = "[No Variations]"
Add component (AddParameter): Name = "Value"; Value = "100n"; VariantName = "[No Variations]"
Added Component: Designator=C11(CAPC0603)
Add component (AddParameter): Name = "Supplier 1"; Value = "Digi-Key"; VariantName = "[No Variations]"
Add component (AddParameter): Name = "Supplier Part Number 1"; Value = "1276-1000-1-ND"; VariantName = "[No Variations]"
Add component (AddParameter): Name = "Value"; Value = "1u"; VariantName = "[No Variations]"
Added Component: Designator=C12(CAPC0603)
Add component (AddParameter): Name = "Supplier 1"; Value = "Digi-Key"; VariantName = "[No Variations]"
Add component (AddParameter): Name = "Supplier Part Number 1"; Value = "1276-1000-1-ND"; VariantName = "[No Variations]"
Add component (AddParameter): Name = "Value"; Value = "100n"; VariantName = "[No Variations]"
Added Component: Designator=C13(CAPC0603)
Add component (AddParameter): Name = "Supplier 1"; Value = "Digi-Key"; VariantName = "[No Variations]"
Add component (AddParameter): Name = "Supplier Part Number 1"; Value = "1276-1000-1-ND"; VariantName = "[No Variations]"
Add component (AddParameter): Name = "Value"; Value = "100n"; VariantName = "[No Variations]"
Added Component: Designator=C14(CAPC0603)
Add component (AddParameter): Name = "Supplier 1"; Value = "Digi-Key"; VariantName = "[No Variations]"
Add component (AddParameter): Name = "Supplier Part Number 1"; Value = "1276-1000-1-ND"; VariantName = "[No Variations]"
Add component (AddParameter): Name = "Value"; Value = "100n"; VariantName = "[No Variations]"
Added Component: Designator=C15(CAPC0603)
Add component (AddParameter): Name = "Supplier 1"; Value = "Digi-Key"; VariantName = "[No Variations]"
Add component (AddParameter): Name = "Supplier Part Number 1"; Value = "1276-1000-1-ND"; VariantName = "[No Variations]"
Add component (AddParameter): Name = "Value"; Value = "27pF"; VariantName = "[No Variations]"
Added Component: Designator=C16(CAPC0603)
Add component (AddParameter): Name = "Supplier 1"; Value = "Digi-Key"; VariantName = "[No Variations]"
Add component (AddParameter): Name = "Supplier Part Number 1"; Value = "1276-1000-1-ND"; VariantName = "[No Variations]"
Add component (AddParameter): Name = "Value"; Value = "27pF"; VariantName = "[No Variations]"
Added Component: Designator=C17(CAPC0603)
Add component (AddParameter): Name = "Supplier 1"; Value = "Digi-Key"; VariantName = "[No Variations]"
Add component (AddParameter): Name = "Supplier Part Number 1"; Value = "1276-1000-1-ND"; VariantName = "[No Variations]"
Add component (AddParameter): Name = "Value"; Value = "100n"; VariantName = "[No Variations]"
Added Component: Designator=C18(CAPC0603)
Add component (AddParameter): Name = "Supplier 1"; Value = "Digi-Key"; VariantName = "[No Variations]"
Add component (AddParameter): Name = "Supplier Part Number 1"; Value = "1276-1000-1-ND"; VariantName = "[No Variations]"
Add component (AddParameter): Name = "Value"; Value = "100n"; VariantName = "[No Variations]"
Added Component: Designator=C19(CAPC0603)
Add component (AddParameter): Name = "Supplier 1"; Value = "Digi-Key"; VariantName = "[No Variations]"
Add component (AddParameter): Name = "Supplier Part Number 1"; Value = "1276-1000-1-ND"; VariantName = "[No Variations]"
Add component (AddParameter): Name = "Value"; Value = "CT"; VariantName = "[No Variations]"
Added Component: Designator=C20(CAPC0603)
Add component (AddParameter): Name = "Supplier 1"; Value = "Digi-Key"; VariantName = "[No Variations]"
Add component (AddParameter): Name = "Supplier Part Number 1"; Value = "1276-1000-1-ND"; VariantName = "[No Variations]"
Add component (AddParameter): Name = "Value"; Value = "4.7u"; VariantName = "[No Variations]"
Added Component: Designator=C21(CAPC0603)
Add component (AddParameter): Name = "Supplier 1"; Value = "Digi-Key"; VariantName = "[No Variations]"
Add component (AddParameter): Name = "Supplier Part Number 1"; Value = "1276-1000-1-ND"; VariantName = "[No Variations]"
Add component (AddParameter): Name = "Value"; Value = "100n"; VariantName = "[No Variations]"
Added Component: Designator=C22(CAPC0603)
Add component (AddParameter): Name = "Supplier 1"; Value = "Digi-Key"; VariantName = "[No Variations]"
Add component (AddParameter): Name = "Supplier Part Number 1"; Value = "1276-1000-1-ND"; VariantName = "[No Variations]"
Add component (AddParameter): Name = "Value"; Value = "4.7u"; VariantName = "[No Variations]"
Added Component: Designator=C23(CAPC0603)
Add component (AddParameter): Name = "Supplier 1"; Value = "Digi-Key"; VariantName = "[No Variations]"
Add component (AddParameter): Name = "Supplier Part Number 1"; Value = "1276-1000-1-ND"; VariantName = "[No Variations]"
Add component (AddParameter): Name = "Value"; Value = "100n"; VariantName = "[No Variations]"
Added Component: Designator=C24(CAPC0603)
Add component (AddParameter): Name = "Supplier 1"; Value = "Digi-Key"; VariantName = "[No Variations]"
Add component (AddParameter): Name = "Supplier Part Number 1"; Value = "1276-1000-1-ND"; VariantName = "[No Variations]"
Add component (AddParameter): Name = "Value"; Value = "1uF"; VariantName = "[No Variations]"
Added Component: Designator=C25(CAPC0603)
Add component (AddParameter): Name = "Supplier 1"; Value = "Digi-Key"; VariantName = "[No Variations]"
Add component (AddParameter): Name = "Supplier Part Number 1"; Value = "1276-1000-1-ND"; VariantName = "[No Variations]"
Add component (AddParameter): Name = "Value"; Value = "1uF"; VariantName = "[No Variations]"
Added Component: Designator=JMP1(2PinJumper)
Added Component: Designator=JMP2(2PinJumper)
Added Component: Designator=LED1(LED0603)
Add component (AddParameter): Name = "Color"; Value = "Green"; VariantName = "[No Variations]"
Add component (AddParameter): Name = "Supplier 1"; Value = "Digi-Key"; VariantName = "[No Variations]"
Add component (AddParameter): Name = "Supplier Part Number 1"; Value = "754-1122-1-ND"; VariantName = "[No Variations]"
Added Component: Designator=LED2(LED0603)
Add component (AddParameter): Name = "Color"; Value = "Orange"; VariantName = "[No Variations]"
Add component (AddParameter): Name = "Supplier 1"; Value = "Digi-Key"; VariantName = "[No Variations]"
Add component (AddParameter): Name = "Supplier Part Number 1"; Value = "754-1122-1-ND"; VariantName = "[No Variations]"
Added Component: Designator=LED3(LED0603)
Add component (AddParameter): Name = "Color"; Value = "Red"; VariantName = "[No Variations]"
Add component (AddParameter): Name = "Supplier 1"; Value = "Digi-Key"; VariantName = "[No Variations]"
Add component (AddParameter): Name = "Supplier Part Number 1"; Value = "754-1122-1-ND"; VariantName = "[No Variations]"
Added Component: Designator=LED4(LED0603)
Add component (AddParameter): Name = "Color"; Value = "Yellow"; VariantName = "[No Variations]"
Add component (AddParameter): Name = "Supplier 1"; Value = "Digi-Key"; VariantName = "[No Variations]"
Add component (AddParameter): Name = "Supplier Part Number 1"; Value = "754-1122-1-ND"; VariantName = "[No Variations]"
Added Component: Designator=R1(RES0603)
Add component (AddParameter): Name = "Supplier 1"; Value = "Digi-Key"; VariantName = "[No Variations]"
Add component (AddParameter): Name = "Supplier Part Number 1"; Value = "RMCF0603JT10K0CT-ND"; VariantName = "[No Variations]"
Add component (AddParameter): Name = "Value"; Value = "5k1"; VariantName = "[No Variations]"
Added Component: Designator=R2(RES0603)
Add component (AddParameter): Name = "Supplier 1"; Value = "Digi-Key"; VariantName = "[No Variations]"
Add component (AddParameter): Name = "Supplier Part Number 1"; Value = "RMCF0603JT10K0CT-ND"; VariantName = "[No Variations]"
Add component (AddParameter): Name = "Value"; Value = "5k1"; VariantName = "[No Variations]"
Added Component: Designator=R3(RES0603)
Add component (AddParameter): Name = "Supplier 1"; Value = "Digi-Key"; VariantName = "[No Variations]"
Add component (AddParameter): Name = "Supplier Part Number 1"; Value = "RMCF0603JT10K0CT-ND"; VariantName = "[No Variations]"
Add component (AddParameter): Name = "Value"; Value = "220"; VariantName = "[No Variations]"
Added Component: Designator=R4(RES0603)
Add component (AddParameter): Name = "Supplier 1"; Value = "Digi-Key"; VariantName = "[No Variations]"
Add component (AddParameter): Name = "Supplier Part Number 1"; Value = "RMCF0603JT10K0CT-ND"; VariantName = "[No Variations]"
Add component (AddParameter): Name = "Value"; Value = "60.4"; VariantName = "[No Variations]"
Added Component: Designator=R5(RES0603)
Add component (AddParameter): Name = "Supplier 1"; Value = "Digi-Key"; VariantName = "[No Variations]"
Add component (AddParameter): Name = "Supplier Part Number 1"; Value = "RMCF0603JT10K0CT-ND"; VariantName = "[No Variations]"
Add component (AddParameter): Name = "Value"; Value = "60.4"; VariantName = "[No Variations]"
Added Component: Designator=R6(RES0603)
Add component (AddParameter): Name = "Supplier 1"; Value = "Digi-Key"; VariantName = "[No Variations]"
Add component (AddParameter): Name = "Supplier Part Number 1"; Value = "RMCF0603JT10K0CT-ND"; VariantName = "[No Variations]"
Add component (AddParameter): Name = "Value"; Value = "220"; VariantName = "[No Variations]"
Added Component: Designator=R7(RES0603)
Add component (AddParameter): Name = "Supplier 1"; Value = "Digi-Key"; VariantName = "[No Variations]"
Add component (AddParameter): Name = "Supplier Part Number 1"; Value = "RMCF0603JT10K0CT-ND"; VariantName = "[No Variations]"
Add component (AddParameter): Name = "Value"; Value = "DNP"; VariantName = "[No Variations]"
Added Component: Designator=R8(RES0603)
Add component (AddParameter): Name = "Supplier 1"; Value = "Digi-Key"; VariantName = "[No Variations]"
Add component (AddParameter): Name = "Supplier Part Number 1"; Value = "RMCF0603JT10K0CT-ND"; VariantName = "[No Variations]"
Add component (AddParameter): Name = "Value"; Value = "1k"; VariantName = "[No Variations]"
Added Component: Designator=R9(RES0603)
Add component (AddParameter): Name = "Supplier 1"; Value = "Digi-Key"; VariantName = "[No Variations]"
Add component (AddParameter): Name = "Supplier Part Number 1"; Value = "RMCF0603JT10K0CT-ND"; VariantName = "[No Variations]"
Add component (AddParameter): Name = "Value"; Value = "27.4"; VariantName = "[No Variations]"
Added Component: Designator=R10(RES0603)
Add component (AddParameter): Name = "Supplier 1"; Value = "Digi-Key"; VariantName = "[No Variations]"
Add component (AddParameter): Name = "Supplier Part Number 1"; Value = "RMCF0603JT10K0CT-ND"; VariantName = "[No Variations]"
Add component (AddParameter): Name = "Value"; Value = "1k"; VariantName = "[No Variations]"
Added Component: Designator=R11(RES0603)
Add component (AddParameter): Name = "Supplier 1"; Value = "Digi-Key"; VariantName = "[No Variations]"
Add component (AddParameter): Name = "Supplier Part Number 1"; Value = "RMCF0603JT10K0CT-ND"; VariantName = "[No Variations]"
Add component (AddParameter): Name = "Value"; Value = "27.4"; VariantName = "[No Variations]"
Added Component: Designator=R12(RES0603)
Add component (AddParameter): Name = "Supplier 1"; Value = "Digi-Key"; VariantName = "[No Variations]"
Add component (AddParameter): Name = "Supplier Part Number 1"; Value = "RMCF0603JT10K0CT-ND"; VariantName = "[No Variations]"
Add component (AddParameter): Name = "Value"; Value = "1k"; VariantName = "[No Variations]"
Added Component: Designator=R13(RES0603)
Add component (AddParameter): Name = "Supplier 1"; Value = "Digi-Key"; VariantName = "[No Variations]"
Add component (AddParameter): Name = "Supplier Part Number 1"; Value = "RMCF0603JT10K0CT-ND"; VariantName = "[No Variations]"
Add component (AddParameter): Name = "Value"; Value = "RT/2"; VariantName = "[No Variations]"
Added Component: Designator=R14(RES0603)
Add component (AddParameter): Name = "Supplier 1"; Value = "Digi-Key"; VariantName = "[No Variations]"
Add component (AddParameter): Name = "Supplier Part Number 1"; Value = "RMCF0603JT10K0CT-ND"; VariantName = "[No Variations]"
Add component (AddParameter): Name = "Value"; Value = "RT/2"; VariantName = "[No Variations]"
Added Component: Designator=R15(RES0603)
Add component (AddParameter): Name = "Supplier 1"; Value = "Digi-Key"; VariantName = "[No Variations]"
Add component (AddParameter): Name = "Supplier Part Number 1"; Value = "RMCF0603JT10K0CT-ND"; VariantName = "[No Variations]"
Add component (AddParameter): Name = "Value"; Value = "1k"; VariantName = "[No Variations]"
Added Component: Designator=R16(RES0603)
Add component (AddParameter): Name = "Supplier 1"; Value = "Digi-Key"; VariantName = "[No Variations]"
Add component (AddParameter): Name = "Supplier Part Number 1"; Value = "RMCF0603JT10K0CT-ND"; VariantName = "[No Variations]"
Add component (AddParameter): Name = "Value"; Value = "1k"; VariantName = "[No Variations]"
Added Component: Designator=R17(RES0603)
Add component (AddParameter): Name = "Supplier 1"; Value = "Digi-Key"; VariantName = "[No Variations]"
Add component (AddParameter): Name = "Supplier Part Number 1"; Value = "RMCF0603JT10K0CT-ND"; VariantName = "[No Variations]"
Add component (AddParameter): Name = "Value"; Value = "1k"; VariantName = "[No Variations]"
Added Component: Designator=R18(RES0603)
Add component (AddParameter): Name = "Supplier 1"; Value = "Digi-Key"; VariantName = "[No Variations]"
Add component (AddParameter): Name = "Supplier Part Number 1"; Value = "RMCF0603JT10K0CT-ND"; VariantName = "[No Variations]"
Add component (AddParameter): Name = "Value"; Value = "1k"; VariantName = "[No Variations]"
Added Component: Designator=SW1(SW_PTS810_SJM_250_SMTR_LFS)
Add component (AddParameter): Name = "Supplier 1"; Value = "Digikey"; VariantName = "[No Variations]"
Add component (AddParameter): Name = "Supplier Part Number 1"; Value = "CKN10503CT-ND"; VariantName = "[No Variations]"
Added Component: Designator=SW2(SW_PTS810_SJM_250_SMTR_LFS)
Add component (AddParameter): Name = "Supplier 1"; Value = "Digikey"; VariantName = "[No Variations]"
Add component (AddParameter): Name = "Supplier Part Number 1"; Value = "CKN10503CT-ND"; VariantName = "[No Variations]"
Added Component: Designator=TP1(TPAD-60MIL)
Added Component: Designator=TP2(TPAD-60MIL)
Added Component: Designator=TP3(TPAD-60MIL)
Added Component: Designator=U1(QFN40P700X700X90-57N)
Add component (AddParameter): Name = "Check_prices"; Value = "https://www.snapeda.com/parts/SC0914(13)/Raspberry+Pi/view-part/?ref=eda"; VariantName = "[No Variations]"
Add component (AddParameter): Name = "MF"; Value = "Raspberry Pi"; VariantName = "[No Variations]"
Add component (AddParameter): Name = "MP"; Value = "SC0914(13)"; VariantName = "[No Variations]"
Add component (AddParameter): Name = "Package"; Value = "VFQFN-56 Raspberry Pi"; VariantName = "[No Variations]"
Add component (AddParameter): Name = "SnapEDA_Link"; Value = "https://www.snapeda.com/parts/SC0914(13)/Raspberry+Pi/view-part/?ref=snap"; VariantName = "[No Variations]"
Add component (AddParameter): Name = "Supplier 1"; Value = "Digikey"; VariantName = "[No Variations]"
Add component (AddParameter): Name = "Supplier Part Number 1"; Value = "2648-SC0914(13)CT-ND"; VariantName = "[No Variations]"
Add component (AddParameter): Name = "Value"; Value = ""; VariantName = "[No Variations]"
Added Component: Designator=U2(SOIC127P790X216-8N)
Added Component: Designator=U3(SOT65P280X110-8N)
Add component (AddParameter): Name = "Supplier 1"; Value = "Digikey"; VariantName = "[No Variations]"
Add component (AddParameter): Name = "Supplier Part Number 1"; Value = "296-TCAN1057ADDFRQ1CT-ND"; VariantName = "[No Variations]"
Added Component: Designator=U4(SOP65P780X200-28N)
Add component (AddParameter): Name = "Arrow Part Number"; Value = "CY7C65213-28PVXIT"; VariantName = "[No Variations]"
Add component (AddParameter): Name = "Arrow Price/Stock"; Value = "https://www.arrow.com/en/products/cy7c65213-28pvxit/infineon-technologies-ag?region=nac"; VariantName = "[No Variations]"
Add component (AddParameter): Name = "Datasheet Link"; Value = "https://componentsearchengine.com/Datasheets/2/CY7C65213-28PVXIT.pdf"; VariantName = "[No Variations]"
Add component (AddParameter): Name = "Geometry.Height"; Value = "2mm"; VariantName = "[No Variations]"
Add component (AddParameter): Name = "Manufacturer_Name"; Value = "Infineon"; VariantName = "[No Variations]"
Add component (AddParameter): Name = "Manufacturer_Part_Number"; Value = "CY7C65213-28PVXIT"; VariantName = "[No Variations]"
Add component (AddParameter): Name = "Mouser Part Number"; Value = "727-CY7C6521328PVXIT"; VariantName = "[No Variations]"
Add component (AddParameter): Name = "Mouser Price/Stock"; Value = "https://www.mouser.co.uk/ProductDetail/Infineon-Technologies/CY7C65213-28PVXIT?qs=cwEsOGdHuFTfRgwUJVDa5g%3D%3D"; VariantName = "[No Variations]"
Added Component: Designator=U5(VREG_TLV75733PDRVR)
Add component (AddParameter): Name = "Supplier 1"; Value = "Digikey"; VariantName = "[No Variations]"
Add component (AddParameter): Name = "Supplier Part Number 1"; Value = "296-49281-1-ND"; VariantName = "[No Variations]"
Added Component: Designator=X1(ABLS-12.000MHZ)
Add component (AddParameter): Name = "Supplier 1"; Value = "Digikey"; VariantName = "[No Variations]"
Add component (AddParameter): Name = "Supplier Part Number 1"; Value = "535-9067-1-ND"; VariantName = "[No Variations]"
Added Pin To Net: NetName=NetC1_1 Pin=C1-1
Added Pin To Net: NetName=GND Pin=C1-2
Added Pin To Net: NetName=+3V3_RP Pin=C2-1
Added Pin To Net: NetName=GND Pin=C2-2
Added Pin To Net: NetName=+3V3_RP Pin=C3-1
Added Pin To Net: NetName=GND Pin=C3-2
Added Pin To Net: NetName=+3V3_RP Pin=C4-1
Added Pin To Net: NetName=GND Pin=C4-2
Added Pin To Net: NetName=+3V3_RP Pin=C5-1
Added Pin To Net: NetName=GND Pin=C5-2
Added Pin To Net: NetName=+3V3_RP Pin=C6-1
Added Pin To Net: NetName=GND Pin=C6-2
Added Pin To Net: NetName=+3V3_RP Pin=C7-1
Added Pin To Net: NetName=GND Pin=C7-2
Added Pin To Net: NetName=+3V3_RP Pin=C8-1
Added Pin To Net: NetName=GND Pin=C8-2
Added Pin To Net: NetName=+3V3_RP Pin=C9-1
Added Pin To Net: NetName=GND Pin=C9-2
Added Pin To Net: NetName=+3V3_RP Pin=C10-1
Added Pin To Net: NetName=GND Pin=C10-2
Added Pin To Net: NetName=+1V1_RP Pin=C11-1
Added Pin To Net: NetName=GND Pin=C11-2
Added Pin To Net: NetName=+1V1_RP Pin=C12-1
Added Pin To Net: NetName=GND Pin=C12-2
Added Pin To Net: NetName=+1V1_RP Pin=C13-1
Added Pin To Net: NetName=GND Pin=C13-2
Added Pin To Net: NetName=+3V3_RP Pin=C14-1
Added Pin To Net: NetName=GND Pin=C14-2
Added Pin To Net: NetName=GND Pin=C15-1
Added Pin To Net: NetName=RP_XIN Pin=C15-2
Added Pin To Net: NetName=GND Pin=C16-1
Added Pin To Net: NetName=NetC16_2 Pin=C16-2
Added Pin To Net: NetName=+5V_USB0 Pin=C17-1
Added Pin To Net: NetName=GND Pin=C17-2
Added Pin To Net: NetName=+3V3_RP Pin=C18-1
Added Pin To Net: NetName=GND Pin=C18-2
Added Pin To Net: NetName=NetC19_1 Pin=C19-1
Added Pin To Net: NetName=GND Pin=C19-2
Added Pin To Net: NetName=UART0_VCCD Pin=C20-1
Added Pin To Net: NetName=GND Pin=C20-2
Added Pin To Net: NetName=UART0_VCCD Pin=C21-1
Added Pin To Net: NetName=GND Pin=C21-2
Added Pin To Net: NetName=+5V_USB0 Pin=C22-1
Added Pin To Net: NetName=GND Pin=C22-2
Added Pin To Net: NetName=+5V_USB0 Pin=C23-1
Added Pin To Net: NetName=GND Pin=C23-2
Added Pin To Net: NetName=+5V_USB0 Pin=C24-1
Added Pin To Net: NetName=GND Pin=C24-2
Added Pin To Net: NetName=+3V3_USB0 Pin=C25-1
Added Pin To Net: NetName=GND Pin=C25-2
Added Pin To Net: NetName=CAN0_P Pin=JMP1-1
Added Pin To Net: NetName=NetJMP1_2 Pin=JMP1-2
Added Pin To Net: NetName=NetJMP2_1 Pin=JMP2-1
Added Pin To Net: NetName=CAN0_N Pin=JMP2-2
Added Pin To Net: NetName=NetLED1_A Pin=LED1-A
Added Pin To Net: NetName=UART0_TXLED Pin=LED1-C
Added Pin To Net: NetName=NetLED2_A Pin=LED2-A
Added Pin To Net: NetName=UART0_RXLED Pin=LED2-C
Added Pin To Net: NetName=NetLED3_A Pin=LED3-A
Added Pin To Net: NetName=GND Pin=LED3-C
Added Pin To Net: NetName=NetLED4_A Pin=LED4-A
Added Pin To Net: NetName=GND Pin=LED4-C
Added Pin To Net: NetName=NetJ4_A5 Pin=R1-1
Added Pin To Net: NetName=GND Pin=R1-2
Added Pin To Net: NetName=NetJ4_B5 Pin=R2-1
Added Pin To Net: NetName=GND Pin=R2-2
Added Pin To Net: NetName=+5V Pin=R3-1
Added Pin To Net: NetName=NetJ7_10 Pin=R3-2
Added Pin To Net: NetName=NetJMP1_2 Pin=R4-1
Added Pin To Net: NetName=NetC1_1 Pin=R4-2
Added Pin To Net: NetName=NetC1_1 Pin=R5-1
Added Pin To Net: NetName=NetJMP2_1 Pin=R5-2
Added Pin To Net: NetName=+5V Pin=R6-1
Added Pin To Net: NetName=NetJ7_12 Pin=R6-2
Added Pin To Net: NetName=QSPI_SS Pin=R7-1
Added Pin To Net: NetName=+3V3_RP Pin=R7-2
Added Pin To Net: NetName=+3V3_RP Pin=R8-1
Added Pin To Net: NetName=RESET Pin=R8-2
Added Pin To Net: NetName=USB0_RP_N Pin=R9-1
Added Pin To Net: NetName=USB0_D_N Pin=R9-2
Added Pin To Net: NetName=QSPI_SS Pin=R10-1
Added Pin To Net: NetName=USB_BOOT Pin=R10-2
Added Pin To Net: NetName=USB0_RP_P Pin=R11-1
Added Pin To Net: NetName=USB0_D_P Pin=R11-2
Added Pin To Net: NetName=NetC16_2 Pin=R12-1
Added Pin To Net: NetName=RP_XOUT Pin=R12-2
Added Pin To Net: NetName=CAN0_P Pin=R13-1
Added Pin To Net: NetName=NetC19_1 Pin=R13-2
Added Pin To Net: NetName=NetC19_1 Pin=R14-1
Added Pin To Net: NetName=CAN0_N Pin=R14-2
Added Pin To Net: NetName=+5V_USB0 Pin=R15-1
Added Pin To Net: NetName=NetLED1_A Pin=R15-2
Added Pin To Net: NetName=+5V_USB0 Pin=R16-1
Added Pin To Net: NetName=NetLED2_A Pin=R16-2
Added Pin To Net: NetName=+5V_USB0 Pin=R17-1
Added Pin To Net: NetName=NetLED3_A Pin=R17-2
Added Pin To Net: NetName=+3V3_USB0 Pin=R18-1
Added Pin To Net: NetName=NetLED4_A Pin=R18-2
Added Pin To Net: NetName=RESET Pin=SW1-1
Added Pin To Net: NetName=RESET Pin=SW1-2
Added Pin To Net: NetName=GND Pin=SW1-3
Added Pin To Net: NetName=GND Pin=SW1-4
Added Pin To Net: NetName=USB_BOOT Pin=SW2-1
Added Pin To Net: NetName=USB_BOOT Pin=SW2-2
Added Pin To Net: NetName=GND Pin=SW2-3
Added Pin To Net: NetName=GND Pin=SW2-4
Added Pin To Net: NetName=RESET Pin=TP1-1
Added Pin To Net: NetName=+3V3_USB0 Pin=TP2-1
Added Pin To Net: NetName=+5V_USB0 Pin=TP3-1
Added Pin To Net: NetName=+3V3_RP Pin=U1-1
Added Pin To Net: NetName=UART0_RX Pin=U1-2
Added Pin To Net: NetName=UART0_TX Pin=U1-3
Added Pin To Net: NetName=CAN0_YLW Pin=U1-4
Added Pin To Net: NetName=CAN0_GRN Pin=U1-5
Added Pin To Net: NetName=CAN0_TX Pin=U1-6
Added Pin To Net: NetName=CAN0_RX Pin=U1-7
Added Pin To Net: NetName=CAN0_STB Pin=U1-8
Added Pin To Net: NetName=GPIO7 Pin=U1-9
Added Pin To Net: NetName=+3V3_RP Pin=U1-10
Added Pin To Net: NetName=GPIO8 Pin=U1-11
Added Pin To Net: NetName=GPIO9 Pin=U1-12
Added Pin To Net: NetName=GPIO10 Pin=U1-13
Added Pin To Net: NetName=GPIO11 Pin=U1-14
Added Pin To Net: NetName=GPIO12 Pin=U1-15
Added Pin To Net: NetName=GPIO13 Pin=U1-16
Added Pin To Net: NetName=GPIO14 Pin=U1-17
Added Pin To Net: NetName=GPIO15 Pin=U1-18
Added Pin To Net: NetName=GND Pin=U1-19
Added Pin To Net: NetName=RP_XIN Pin=U1-20
Added Pin To Net: NetName=RP_XOUT Pin=U1-21
Added Pin To Net: NetName=+3V3_RP Pin=U1-22
Added Pin To Net: NetName=+1V1_RP Pin=U1-23
Added Pin To Net: NetName=SWDCLK_RP Pin=U1-24
Added Pin To Net: NetName=SWDIO_RP Pin=U1-25
Added Pin To Net: NetName=RESET Pin=U1-26
Added Pin To Net: NetName=GPIO16 Pin=U1-27
Added Pin To Net: NetName=GPIO17 Pin=U1-28
Added Pin To Net: NetName=GPIO18 Pin=U1-29
Added Pin To Net: NetName=GPIO19 Pin=U1-30
Added Pin To Net: NetName=GPIO20 Pin=U1-31
Added Pin To Net: NetName=GPIO21 Pin=U1-32
Added Pin To Net: NetName=+3V3_RP Pin=U1-33
Added Pin To Net: NetName=GPIO22 Pin=U1-34
Added Pin To Net: NetName=GPIO23 Pin=U1-35
Added Pin To Net: NetName=GPIO24 Pin=U1-36
Added Pin To Net: NetName=GPIO25 Pin=U1-37
Added Pin To Net: NetName=GPIO26 Pin=U1-38
Added Pin To Net: NetName=GPIO27 Pin=U1-39
Added Pin To Net: NetName=GPIO28 Pin=U1-40
Added Pin To Net: NetName=GPIO29 Pin=U1-41
Added Pin To Net: NetName=+3V3_RP Pin=U1-42
Added Pin To Net: NetName=+3V3_RP Pin=U1-43
Added Pin To Net: NetName=+3V3_RP Pin=U1-44
Added Pin To Net: NetName=+1V1_RP Pin=U1-45
Added Pin To Net: NetName=USB0_RP_N Pin=U1-46
Added Pin To Net: NetName=USB0_RP_P Pin=U1-47
Added Pin To Net: NetName=+3V3_RP Pin=U1-48
Added Pin To Net: NetName=+3V3_RP Pin=U1-49
Added Pin To Net: NetName=+1V1_RP Pin=U1-50
Added Pin To Net: NetName=QSPI_SD3 Pin=U1-51
Added Pin To Net: NetName=QSPI_CLK Pin=U1-52
Added Pin To Net: NetName=QSPI_SD0 Pin=U1-53
Added Pin To Net: NetName=QSPI_SD2 Pin=U1-54
Added Pin To Net: NetName=QSPI_SD1 Pin=U1-55
Added Pin To Net: NetName=QSPI_SS Pin=U1-56
Added Pin To Net: NetName=GND Pin=U1-57
Added Pin To Net: NetName=QSPI_SS Pin=U2-1
Added Pin To Net: NetName=QSPI_SD1 Pin=U2-2
Added Pin To Net: NetName=QSPI_SD2 Pin=U2-3
Added Pin To Net: NetName=GND Pin=U2-4
Added Pin To Net: NetName=+3V3_RP Pin=U2-5
Added Pin To Net: NetName=QSPI_SD3 Pin=U2-6
Added Pin To Net: NetName=QSPI_CLK Pin=U2-7
Added Pin To Net: NetName=QSPI_SD0 Pin=U2-8
Added Pin To Net: NetName=CAN0_TX Pin=U3-1
Added Pin To Net: NetName=GND Pin=U3-2
Added Pin To Net: NetName=+5V_USB0 Pin=U3-3
Added Pin To Net: NetName=CAN0_RX Pin=U3-4
Added Pin To Net: NetName=+3V3_RP Pin=U3-5
Added Pin To Net: NetName=CAN0_N Pin=U3-6
Added Pin To Net: NetName=CAN0_P Pin=U3-7
Added Pin To Net: NetName=CAN0_STB Pin=U3-8
Added Pin To Net: NetName=UART0_TX Pin=U4-1
Added Pin To Net: NetName=+5V_USB0 Pin=U4-4
Added Pin To Net: NetName=UART0_RX Pin=U4-5
Added Pin To Net: NetName=GND Pin=U4-7
Added Pin To Net: NetName=USB1_D_P Pin=U4-15
Added Pin To Net: NetName=USB1_D_N Pin=U4-16
Added Pin To Net: NetName=UART0_VCCD Pin=U4-17
Added Pin To Net: NetName=GND Pin=U4-18
Added Pin To Net: NetName=RESET Pin=U4-19
Added Pin To Net: NetName=+5V_USB0 Pin=U4-20
Added Pin To Net: NetName=GND Pin=U4-21
Added Pin To Net: NetName=UART0_RXLED Pin=U4-22
Added Pin To Net: NetName=UART0_TXLED Pin=U4-23
Added Pin To Net: NetName=+3V3_USB0 Pin=U5-1
Added Pin To Net: NetName=GND Pin=U5-3
Added Pin To Net: NetName=+5V_USB0 Pin=U5-4
Added Pin To Net: NetName=+5V_USB0 Pin=U5-6
Added Pin To Net: NetName=NetC16_2 Pin=X1-1
Added Pin To Net: NetName=RP_XIN Pin=X1-2
Added Member To Class: ClassName=Connectors Member=Component C1 Cap
Added Member To Class: ClassName=Microcontroller Member=Component C2 Cap
Added Member To Class: ClassName=Microcontroller Member=Component C3 Cap
Added Member To Class: ClassName=Microcontroller Member=Component C4 Cap
Added Member To Class: ClassName=Microcontroller Member=Component C5 Cap
Added Member To Class: ClassName=Microcontroller Member=Component C6 Cap
Added Member To Class: ClassName=Microcontroller Member=Component C7 Cap
Added Member To Class: ClassName=Microcontroller Member=Component C8 Cap
Added Member To Class: ClassName=Microcontroller Member=Component C9 Cap
Added Member To Class: ClassName=Microcontroller Member=Component C10 Cap
Added Member To Class: ClassName=Microcontroller Member=Component C11 Cap
Added Member To Class: ClassName=Microcontroller Member=Component C12 Cap
Added Member To Class: ClassName=Microcontroller Member=Component C13 Cap
Added Member To Class: ClassName=Microcontroller Member=Component C14 Cap
Added Member To Class: ClassName=Microcontroller Member=Component C15 Cap
Added Member To Class: ClassName=Microcontroller Member=Component C16 Cap
Added Member To Class: ClassName=Transceivers Member=Component C17 Cap
Added Member To Class: ClassName=Transceivers Member=Component C18 Cap
Added Member To Class: ClassName=Transceivers Member=Component C19 Cap
Added Member To Class: ClassName=Transceivers Member=Component C20 Cap
Added Member To Class: ClassName=Transceivers Member=Component C21 Cap
Added Member To Class: ClassName=Transceivers Member=Component C22 Cap
Added Member To Class: ClassName=Transceivers Member=Component C23 Cap
Added Member To Class: ClassName=Power Member=Component C24 Cap
Added Member To Class: ClassName=Power Member=Component C25 Cap
Added Member To Class: ClassName=Connectors Member=Component JMP1 2 Pin Header
Added Member To Class: ClassName=Connectors Member=Component JMP2 2 Pin Header
Added Member To Class: ClassName=Transceivers Member=Component LED1 LED
Added Member To Class: ClassName=Transceivers Member=Component LED2 LED
Added Member To Class: ClassName=Power Member=Component LED3 LED
Added Member To Class: ClassName=Power Member=Component LED4 LED
Added Member To Class: ClassName=Connectors Member=Component R1 Res
Added Member To Class: ClassName=Connectors Member=Component R2 Res
Added Member To Class: ClassName=Connectors Member=Component R3 Res
Added Member To Class: ClassName=Connectors Member=Component R4 Res
Added Member To Class: ClassName=Connectors Member=Component R5 Res
Added Member To Class: ClassName=Connectors Member=Component R6 Res
Added Member To Class: ClassName=Microcontroller Member=Component R7 Res
Added Member To Class: ClassName=Microcontroller Member=Component R8 Res
Added Member To Class: ClassName=Microcontroller Member=Component R9 Res
Added Member To Class: ClassName=Microcontroller Member=Component R10 Res
Added Member To Class: ClassName=Microcontroller Member=Component R11 Res
Added Member To Class: ClassName=Microcontroller Member=Component R12 Res
Added Member To Class: ClassName=Transceivers Member=Component R13 Res
Added Member To Class: ClassName=Transceivers Member=Component R14 Res
Added Member To Class: ClassName=Transceivers Member=Component R15 Res
Added Member To Class: ClassName=Transceivers Member=Component R16 Res
Added Member To Class: ClassName=Power Member=Component R17 Res
Added Member To Class: ClassName=Power Member=Component R18 Res
Added Member To Class: ClassName=Microcontroller Member=Component SW1 PTS810 SJK 250
Added Member To Class: ClassName=Microcontroller Member=Component SW2 PTS810 SJK 250
Added Member To Class: ClassName=Microcontroller Member=Component TP1 TP
Added Member To Class: ClassName=Power Member=Component TP2 TP
Added Member To Class: ClassName=Power Member=Component TP3 TP
Added Member To Class: ClassName=Microcontroller Member=Component U1 RP2040
Added Member To Class: ClassName=Microcontroller Member=Component U2 W25Q128JVSIQ
Added Member To Class: ClassName=Transceivers Member=Component U3 TCAN1044AV
Added Member To Class: ClassName=Transceivers Member=Component U4 CY7C65213-28PVXIT
Added Member To Class: ClassName=Power Member=Component U5 TLV757P
Added Member To Class: ClassName=Microcontroller Member=Component X1 12.000MHZ
