Generating Mesh	17.3553
Generating Mesh\Assigning Materials 	0.0502085
Generating Mesh\Reading Design 	0.274918
Generating Mesh\Reading Design \Reading Design	0.215851
Generating Mesh\Reading Design \Reading Design\Do Smart Slicing	0.0043933
Generating Mesh\Reading Design \Reading Design\Simplifying Design	0.165199
Generating Mesh\Refining Surface Mesh	16.8131
Generating Mesh\Refining Surface Mesh\Checking via	0.0018249
Generating Mesh\Refining Surface Mesh\Convert Local Mesh to Global Mesh	0.423809
Generating Mesh\Refining Surface Mesh\Detecting Connectivity Problems	0.132127
Generating Mesh\Refining Surface Mesh\Insert pins MT	13.8365
Generating Mesh\Refining Surface Mesh\Locating Pins	0.324761
Generating Mesh\Refining Surface Mesh\Locating Pins\Locating instances on layers	0.179476
Generating Mesh\Refining Surface Mesh\Locating Pins\Locating pins on layers	0.145241
Generating Mesh\Refining Surface Mesh\Looking for Electrically Isolated Patches 	0.297791
Generating Mesh\Refining Surface Mesh\Mark electrical interconnects	0.205118
Generating Mesh\Refining Surface Mesh\Marking Degenerate Elements	0.0726549
Generating Mesh\Refining Surface Mesh\Marking Vias	0.0089821
Generating Mesh\Refining Surface Mesh\Marking thickness for non-circular vias	0.0018967
Generating Mesh\Refining Surface Mesh\Pruning Surface Mesh 	0.183615
Generating Mesh\Refining Surface Mesh\Recovering surface attributes 	0.0141008
Generating Mesh\Refining Surface Mesh\Writing ASCII surface mesh file 	1.18231
Generating Mesh\Refining Surface Mesh\Writing BINARY surface mesh file 	0.102701
Generating Mesh\SurfaceMesher	0.211457
Generating Mesh\SurfaceMesher\Generating surface mesh 	0.207038
Generating Mesh\SurfaceMesher\Generating surface mesh \Checking surface mesh consistency	0.0082726
Generating Mesh\SurfaceMesher\Generating surface mesh \Computing Aabbs	0.0007592
Generating Mesh\SurfaceMesher\Generating surface mesh \Convert Global Mesh into Local Meshes	0.0148119
Generating Mesh\SurfaceMesher\Generating surface mesh \Convert Global Mesh into Local Meshes\Stabilizing mesh	0.0001138
Generating Mesh\SurfaceMesher\Generating surface mesh \Faceting	0.181326
Generating Mesh\SurfaceMesher\Generating surface mesh \Faceting\1D faceting	0.0909871
Generating Mesh\SurfaceMesher\Generating surface mesh \Faceting\1D faceting\1D meshing	0.0878556
Generating Mesh\SurfaceMesher\Generating surface mesh \Faceting\2D faceting	0.0876745
Generating Mesh\SurfaceMesher\Generating surface mesh \Faceting\2D faceting\2D meshing	0.0876686
