Added Component: Designator=J2(PREC028DAAN-RC)
Add component (AddParameter): Name = "Supplier 1"; Value = "Digikey"; VariantName = "[No Variations]"
Add component (AddParameter): Name = "Supplier Part Number 1"; Value = "S2012EC-28-ND"; VariantName = "[No Variations]"
Added Pin To Net: NetName=VREF Pin=J2-1
Added Pin To Net: NetName=GNDDetect Pin=J2-2
Added Pin To Net: NetName=JTDI Pin=J2-3
Added Pin To Net: NetName=GND Pin=J2-4
Added Pin To Net: NetName=JTDO/SWO Pin=J2-5
Added Pin To Net: NetName=JTCK/SWDCLK Pin=J2-6
Added Pin To Net: NetName=JTMS/SWDIO Pin=J2-7
Added Pin To Net: NetName=JnRST Pin=J2-8
Added Pin To Net: NetName=+5V Pin=J2-9
Added Pin To Net: NetName=GND Pin=J2-10
Added Pin To Net: NetName=RSVD_31 Pin=J2-11
Added Pin To Net: NetName=RSVD_33 Pin=J2-12
Added Pin To Net: NetName=CAN0_P Pin=J2-13
Added Pin To Net: NetName=CAN0_N Pin=J2-14
Added Pin To Net: NetName=+3V3 Pin=J2-15
Added Pin To Net: NetName=GND Pin=J2-16
Added Pin To Net: NetName=RSVD_49 Pin=J2-17
Added Pin To Net: NetName=RSVD_51 Pin=J2-18
Added Pin To Net: NetName=RSVD_55 Pin=J2-19
Added Pin To Net: NetName=RSVD_57 Pin=J2-20
Added Pin To Net: NetName=+5V Pin=J2-21
Added Pin To Net: NetName=GND Pin=J2-22
Added Pin To Net: NetName=RSVD_61 Pin=J2-23
Added Pin To Net: NetName=RSVD_63 Pin=J2-24
Added Pin To Net: NetName=RSVD_67 Pin=J2-25
Added Pin To Net: NetName=RSVD_69 Pin=J2-26
Added Pin To Net: NetName=GND Pin=J2-27
Added Pin To Net: NetName=GND Pin=J2-28
Added Pin To Net: NetName=GND Pin=J2-29
Added Pin To Net: NetName=TRD0 Pin=J2-30
Added Pin To Net: NetName=TRD1 Pin=J2-31
Added Pin To Net: NetName=TRD2 Pin=J2-32
Added Pin To Net: NetName=TRD3 Pin=J2-33
Added Pin To Net: NetName=+3V3 Pin=J2-34
Added Pin To Net: NetName=GND Pin=J2-35
Added Pin To Net: NetName=TRACECLK Pin=J2-36
Added Pin To Net: NetName=GND Pin=J2-37
Added Pin To Net: NetName=RSVD_32 Pin=J2-38
Added Pin To Net: NetName=RSVD_34 Pin=J2-39
Added Pin To Net: NetName=+5V Pin=J2-40
Added Pin To Net: NetName=GND Pin=J2-41
Added Pin To Net: NetName=RSVD_38 Pin=J2-42
Added Pin To Net: NetName=RSVD_40 Pin=J2-43
Added Pin To Net: NetName=RSVD_50 Pin=J2-44
Added Pin To Net: NetName=RSVD_52 Pin=J2-45
Added Pin To Net: NetName=+3V3 Pin=J2-46
Added Pin To Net: NetName=GND Pin=J2-47
Added Pin To Net: NetName=RSVD_56 Pin=J2-48
Added Pin To Net: NetName=RSVD_58 Pin=J2-49
Added Pin To Net: NetName=RSVD_62 Pin=J2-50
Added Pin To Net: NetName=RSVD_64 Pin=J2-51
Added Pin To Net: NetName=RSVD_68 Pin=J2-52
Added Pin To Net: NetName=GND Pin=J2-53
Added Pin To Net: NetName=RSVD_70 Pin=J2-54
Added Pin To Net: NetName=GND Pin=J2-55
Added Pin To Net: NetName=GND Pin=J2-56
Added Member To Class: ClassName=Breakout Member=Component J2 PREC028DAAN-RC
