Change Component Designator: OldDesignator=J3 NewDesignator=J4
Change Component Designator: OldDesignator=J4 NewDesignator=J5
Added Component: Designator=J2(PREC012DAAN-RC)
Add component (AddParameter): Name = "Supplier 1"; Value = "Digikey"; VariantName = "[No Variations]"
Add component (AddParameter): Name = "Supplier Part Number 1"; Value = "S2012EC-12-ND"; VariantName = "[No Variations]"
Added Component: Designator=J3(PREC012DAAN-RC)
Add component (AddParameter): Name = "Supplier 1"; Value = "Digikey"; VariantName = "[No Variations]"
Add component (AddParameter): Name = "Supplier Part Number 1"; Value = "S2012EC-12-ND"; VariantName = "[No Variations]"
Added Pin To Net: NetName=VREF Pin=J2-1
Added Pin To Net: NetName=GND Pin=J2-2
Added Pin To Net: NetName=GNDDetect Pin=J2-3
Added Pin To Net: NetName=JTDI Pin=J2-4
Added Pin To Net: NetName=JTDO/SWO Pin=J2-5
Added Pin To Net: NetName=JTCK/SWDCLK Pin=J2-6
Added Pin To Net: NetName=JTMS/SWDIO Pin=J2-7
Added Pin To Net: NetName=GND Pin=J2-8
Added Pin To Net: NetName=JnRST Pin=J2-9
Added Pin To Net: NetName=+5V Pin=J2-10
Added Pin To Net: NetName=RSVD_31 Pin=J2-11
Added Pin To Net: NetName=RSVD_33 Pin=J2-12
Added Pin To Net: NetName=CAN0_P Pin=J2-13
Added Pin To Net: NetName=CAN0_N Pin=J2-14
Added Pin To Net: NetName=+3V3 Pin=J2-15
Added Pin To Net: NetName=RSVD_49 Pin=J2-16
Added Pin To Net: NetName=GND Pin=J2-17
Added Pin To Net: NetName=RSVD_51 Pin=J2-18
Added Pin To Net: NetName=RSVD_55 Pin=J2-19
Added Pin To Net: NetName=RSVD_57 Pin=J2-20
Added Pin To Net: NetName=RSVD_61 Pin=J2-21
Added Pin To Net: NetName=RSVD_63 Pin=J2-22
Added Pin To Net: NetName=GND Pin=J2-23
Added Pin To Net: NetName=RSVD_69 Pin=J2-24
Added Pin To Net: NetName=RSVD_40 Pin=J3-1
Added Pin To Net: NetName=GND Pin=J3-2
Added Pin To Net: NetName=RSVD_50 Pin=J3-3
Added Pin To Net: NetName=RSVD_52 Pin=J3-4
Added Pin To Net: NetName=RSVD_56 Pin=J3-5
Added Pin To Net: NetName=RSVD_58 Pin=J3-6
Added Pin To Net: NetName=RSVD_62 Pin=J3-7
Added Pin To Net: NetName=GND Pin=J3-8
Added Pin To Net: NetName=RSVD_64 Pin=J3-9
Added Pin To Net: NetName=RSVD_67 Pin=J3-10
Added Pin To Net: NetName=RSVD_68 Pin=J3-11
Added Pin To Net: NetName=RSVD_70 Pin=J3-12
Added Pin To Net: NetName=TRD0 Pin=J3-13
Added Pin To Net: NetName=TRD1 Pin=J3-14
Added Pin To Net: NetName=TRD2 Pin=J3-15
Added Pin To Net: NetName=TRD3 Pin=J3-16
Added Pin To Net: NetName=GND Pin=J3-17
Added Pin To Net: NetName=+3V3 Pin=J3-18
Added Pin To Net: NetName=TRACECLK Pin=J3-19
Added Pin To Net: NetName=RSVD_32 Pin=J3-20
Added Pin To Net: NetName=RSVD_34 Pin=J3-21
Added Pin To Net: NetName=+5V Pin=J3-22
Added Pin To Net: NetName=GND Pin=J3-23
Added Pin To Net: NetName=RSVD_38 Pin=J3-24
Added Member To Class: ClassName=Breakout Member=Component J2 PREC012DAAN-RC
Added Member To Class: ClassName=Breakout Member=Component J5 1877285-2
