Added Component: Designator=J1(AMPHENOL_10144517-081802LF)
Add component (AddParameter): Name = "Supplier 1"; Value = "Digikey"; VariantName = "[No Variations]"
Add component (AddParameter): Name = "Supplier Part Number 1"; Value = "609-5437-1-ND"; VariantName = "[No Variations]"
Added Component: Designator=J2(AMPHENOL_10144518-081802LF)
Add component (AddParameter): Name = "Supplier 1"; Value = "Digikey"; VariantName = "[No Variations]"
Add component (AddParameter): Name = "Supplier Part Number 1"; Value = "609-5453-1-ND"; VariantName = "[No Variations]"
Added Component: Designator=J3(PRPC030DAAN-RC)
Added Component: Designator=J4(TE_1877285-2)
Add component (AddParameter): Name = "Supplier 1"; Value = "Digi-Key"; VariantName = "[No Variations]"
Add component (AddParameter): Name = "Supplier Part Number 1"; Value = "A99845-ND"; VariantName = "[No Variations]"
Added Component: Designator=J5(TE_1877285-2)
Add component (AddParameter): Name = "Supplier 1"; Value = "Digi-Key"; VariantName = "[No Variations]"
Add component (AddParameter): Name = "Supplier Part Number 1"; Value = "A99845-ND"; VariantName = "[No Variations]"
Added Pin To Net: NetName=+3V3 Pin=J1-4
Added Pin To Net: NetName=+3V3 Pin=J1-6
Added Pin To Net: NetName=+3V3 Pin=J1-8
Added Pin To Net: NetName=+3V3 Pin=J1-44
Added Pin To Net: NetName=+3V3 Pin=J1-46
Added Pin To Net: NetName=+3V3 Pin=J1-73
Added Pin To Net: NetName=+3V3 Pin=J1-75
Added Pin To Net: NetName=+3V3 Pin=J1-77
Added Pin To Net: NetName=+3V3 Pin=J2-4
Added Pin To Net: NetName=+3V3 Pin=J2-6
Added Pin To Net: NetName=+3V3 Pin=J2-8
Added Pin To Net: NetName=+3V3 Pin=J2-44
Added Pin To Net: NetName=+3V3 Pin=J2-46
Added Pin To Net: NetName=+3V3 Pin=J2-73
Added Pin To Net: NetName=+3V3 Pin=J2-75
Added Pin To Net: NetName=+3V3 Pin=J2-77
Added Pin To Net: NetName=+3V3 Pin=J3-1
Added Pin To Net: NetName=+3V3 Pin=J3-14
Added Pin To Net: NetName=+3V3 Pin=J3-31
Added Pin To Net: NetName=+3V3 Pin=J3-38
Added Pin To Net: NetName=+3V3 Pin=J3-59
Added Pin To Net: NetName=+3V3 Pin=J4-1
Added Net: Name=+3V3
Added Pin To Net: NetName=+5V Pin=J1-3
Added Pin To Net: NetName=+5V Pin=J1-5
Added Pin To Net: NetName=+5V Pin=J1-7
Added Pin To Net: NetName=+5V Pin=J1-43
Added Pin To Net: NetName=+5V Pin=J1-45
Added Pin To Net: NetName=+5V Pin=J1-74
Added Pin To Net: NetName=+5V Pin=J1-76
Added Pin To Net: NetName=+5V Pin=J1-78
Added Pin To Net: NetName=+5V Pin=J2-3
Added Pin To Net: NetName=+5V Pin=J2-5
Added Pin To Net: NetName=+5V Pin=J2-7
Added Pin To Net: NetName=+5V Pin=J2-43
Added Pin To Net: NetName=+5V Pin=J2-45
Added Pin To Net: NetName=+5V Pin=J2-74
Added Pin To Net: NetName=+5V Pin=J2-76
Added Pin To Net: NetName=+5V Pin=J2-78
Added Pin To Net: NetName=+5V Pin=J3-2
Added Pin To Net: NetName=+5V Pin=J3-19
Added Pin To Net: NetName=+5V Pin=J3-26
Added Pin To Net: NetName=+5V Pin=J3-43
Added Pin To Net: NetName=+5V Pin=J3-60
Added Pin To Net: NetName=+5V Pin=J5-1
Added Net: Name=+5V
Added Pin To Net: NetName=CAN0_N Pin=J1-39
Added Pin To Net: NetName=CAN0_N Pin=J2-39
Added Pin To Net: NetName=CAN0_N Pin=J3-29
Added Net: Name=CAN0_N
Added Pin To Net: NetName=CAN0_P Pin=J1-37
Added Pin To Net: NetName=CAN0_P Pin=J2-37
Added Pin To Net: NetName=CAN0_P Pin=J3-27
Added Net: Name=CAN0_P
Added Pin To Net: NetName=GNDDetect Pin=J1-15
Added Pin To Net: NetName=GNDDetect Pin=J2-15
Added Pin To Net: NetName=GNDDetect Pin=J3-5
Added Net: Name=GNDDetect
Added Pin To Net: NetName=GND Pin=J1-1
Added Pin To Net: NetName=GND Pin=J1-2
Added Pin To Net: NetName=GND Pin=J1-9
Added Pin To Net: NetName=GND Pin=J1-10
Added Pin To Net: NetName=GND Pin=J1-13
Added Pin To Net: NetName=GND Pin=J1-14
Added Pin To Net: NetName=GND Pin=J1-17
Added Pin To Net: NetName=GND Pin=J1-18
Added Pin To Net: NetName=GND Pin=J1-23
Added Pin To Net: NetName=GND Pin=J1-24
Added Pin To Net: NetName=GND Pin=J1-29
Added Pin To Net: NetName=GND Pin=J1-30
Added Pin To Net: NetName=GND Pin=J1-35
Added Pin To Net: NetName=GND Pin=J1-36
Added Pin To Net: NetName=GND Pin=J1-41
Added Pin To Net: NetName=GND Pin=J1-42
Added Pin To Net: NetName=GND Pin=J1-47
Added Pin To Net: NetName=GND Pin=J1-48
Added Pin To Net: NetName=GND Pin=J1-53
Added Pin To Net: NetName=GND Pin=J1-54
Added Pin To Net: NetName=GND Pin=J1-59
Added Pin To Net: NetName=GND Pin=J1-60
Added Pin To Net: NetName=GND Pin=J1-65
Added Pin To Net: NetName=GND Pin=J1-66
Added Pin To Net: NetName=GND Pin=J1-71
Added Pin To Net: NetName=GND Pin=J1-72
Added Pin To Net: NetName=GND Pin=J1-79
Added Pin To Net: NetName=GND Pin=J1-80
Added Pin To Net: NetName=GND Pin=J2-1
Added Pin To Net: NetName=GND Pin=J2-2
Added Pin To Net: NetName=GND Pin=J2-9
Added Pin To Net: NetName=GND Pin=J2-10
Added Pin To Net: NetName=GND Pin=J2-13
Added Pin To Net: NetName=GND Pin=J2-14
Added Pin To Net: NetName=GND Pin=J2-17
Added Pin To Net: NetName=GND Pin=J2-18
Added Pin To Net: NetName=GND Pin=J2-23
Added Pin To Net: NetName=GND Pin=J2-24
Added Pin To Net: NetName=GND Pin=J2-29
Added Pin To Net: NetName=GND Pin=J2-30
Added Pin To Net: NetName=GND Pin=J2-35
Added Pin To Net: NetName=GND Pin=J2-36
Added Pin To Net: NetName=GND Pin=J2-41
Added Pin To Net: NetName=GND Pin=J2-42
Added Pin To Net: NetName=GND Pin=J2-47
Added Pin To Net: NetName=GND Pin=J2-48
Added Pin To Net: NetName=GND Pin=J2-53
Added Pin To Net: NetName=GND Pin=J2-54
Added Pin To Net: NetName=GND Pin=J2-59
Added Pin To Net: NetName=GND Pin=J2-60
Added Pin To Net: NetName=GND Pin=J2-65
Added Pin To Net: NetName=GND Pin=J2-66
Added Pin To Net: NetName=GND Pin=J2-71
Added Pin To Net: NetName=GND Pin=J2-72
Added Pin To Net: NetName=GND Pin=J2-79
Added Pin To Net: NetName=GND Pin=J2-80
Added Pin To Net: NetName=GND Pin=J3-4
Added Pin To Net: NetName=GND Pin=J3-9
Added Pin To Net: NetName=GND Pin=J3-16
Added Pin To Net: NetName=GND Pin=J3-20
Added Pin To Net: NetName=GND Pin=J3-21
Added Pin To Net: NetName=GND Pin=J3-28
Added Pin To Net: NetName=GND Pin=J3-33
Added Pin To Net: NetName=GND Pin=J3-40
Added Pin To Net: NetName=GND Pin=J3-45
Added Pin To Net: NetName=GND Pin=J3-52
Added Pin To Net: NetName=GND Pin=J3-55
Added Pin To Net: NetName=GND Pin=J3-56
Added Pin To Net: NetName=GND Pin=J3-57
Added Pin To Net: NetName=GND Pin=J3-58
Added Pin To Net: NetName=GND Pin=J4-2
Added Pin To Net: NetName=GND Pin=J5-2
Added Net: Name=GND
Added Pin To Net: NetName=JnRST Pin=J1-12
Added Pin To Net: NetName=JnRST Pin=J2-12
Added Pin To Net: NetName=JnRST Pin=J3-17
Added Net: Name=JnRST
Added Pin To Net: NetName=JTCK/SWDCLK Pin=J1-25
Added Pin To Net: NetName=JTCK/SWDCLK Pin=J2-25
Added Pin To Net: NetName=JTCK/SWDCLK Pin=J3-13
Added Net: Name=JTCK/SWDCLK
Added Pin To Net: NetName=JTDI Pin=J1-19
Added Pin To Net: NetName=JTDI Pin=J2-19
Added Pin To Net: NetName=JTDI Pin=J3-7
Added Net: Name=JTDI
Added Pin To Net: NetName=JTDO/SWO Pin=J1-21
Added Pin To Net: NetName=JTDO/SWO Pin=J2-21
Added Pin To Net: NetName=JTDO/SWO Pin=J3-11
Added Net: Name=JTDO/SWO
Added Pin To Net: NetName=JTMS/SWDIO Pin=J1-27
Added Pin To Net: NetName=JTMS/SWDIO Pin=J2-27
Added Pin To Net: NetName=JTMS/SWDIO Pin=J3-15
Added Net: Name=JTMS/SWDIO
Added Pin To Net: NetName=RSVD_31 Pin=J1-31
Added Pin To Net: NetName=RSVD_31 Pin=J2-31
Added Pin To Net: NetName=RSVD_31 Pin=J3-23
Added Net: Name=RSVD_31
Added Pin To Net: NetName=RSVD_32 Pin=J1-32
Added Pin To Net: NetName=RSVD_32 Pin=J2-32
Added Pin To Net: NetName=RSVD_32 Pin=J3-22
Added Net: Name=RSVD_32
Added Pin To Net: NetName=RSVD_33 Pin=J1-33
Added Pin To Net: NetName=RSVD_33 Pin=J2-33
Added Pin To Net: NetName=RSVD_33 Pin=J3-25
Added Net: Name=RSVD_33
Added Pin To Net: NetName=RSVD_34 Pin=J1-34
Added Pin To Net: NetName=RSVD_34 Pin=J2-34
Added Pin To Net: NetName=RSVD_34 Pin=J3-24
Added Net: Name=RSVD_34
Added Pin To Net: NetName=RSVD_38 Pin=J1-38
Added Pin To Net: NetName=RSVD_38 Pin=J2-38
Added Pin To Net: NetName=RSVD_38 Pin=J3-30
Added Net: Name=RSVD_38
Added Pin To Net: NetName=RSVD_40 Pin=J1-40
Added Pin To Net: NetName=RSVD_40 Pin=J2-40
Added Pin To Net: NetName=RSVD_40 Pin=J3-32
Added Net: Name=RSVD_40
Added Pin To Net: NetName=RSVD_49 Pin=J1-49
Added Pin To Net: NetName=RSVD_49 Pin=J2-49
Added Pin To Net: NetName=RSVD_49 Pin=J3-35
Added Net: Name=RSVD_49
Added Pin To Net: NetName=RSVD_50 Pin=J1-50
Added Pin To Net: NetName=RSVD_50 Pin=J2-50
Added Pin To Net: NetName=RSVD_50 Pin=J3-34
Added Net: Name=RSVD_50
Added Pin To Net: NetName=RSVD_51 Pin=J1-51
Added Pin To Net: NetName=RSVD_51 Pin=J2-51
Added Pin To Net: NetName=RSVD_51 Pin=J3-37
Added Net: Name=RSVD_51
Added Pin To Net: NetName=RSVD_52 Pin=J1-52
Added Pin To Net: NetName=RSVD_52 Pin=J2-52
Added Pin To Net: NetName=RSVD_52 Pin=J3-36
Added Net: Name=RSVD_52
Added Pin To Net: NetName=RSVD_55 Pin=J1-55
Added Pin To Net: NetName=RSVD_55 Pin=J2-55
Added Pin To Net: NetName=RSVD_55 Pin=J3-39
Added Net: Name=RSVD_55
Added Pin To Net: NetName=RSVD_56 Pin=J1-56
Added Pin To Net: NetName=RSVD_56 Pin=J2-56
Added Pin To Net: NetName=RSVD_56 Pin=J3-42
Added Net: Name=RSVD_56
Added Pin To Net: NetName=RSVD_57 Pin=J1-57
Added Pin To Net: NetName=RSVD_57 Pin=J2-57
Added Pin To Net: NetName=RSVD_57 Pin=J3-41
Added Net: Name=RSVD_57
Added Pin To Net: NetName=RSVD_58 Pin=J1-58
Added Pin To Net: NetName=RSVD_58 Pin=J2-58
Added Pin To Net: NetName=RSVD_58 Pin=J3-44
Added Net: Name=RSVD_58
Added Pin To Net: NetName=RSVD_61 Pin=J1-61
Added Pin To Net: NetName=RSVD_61 Pin=J2-61
Added Pin To Net: NetName=RSVD_61 Pin=J3-47
Added Net: Name=RSVD_61
Added Pin To Net: NetName=RSVD_62 Pin=J1-62
Added Pin To Net: NetName=RSVD_62 Pin=J2-62
Added Pin To Net: NetName=RSVD_62 Pin=J3-46
Added Net: Name=RSVD_62
Added Pin To Net: NetName=RSVD_63 Pin=J1-63
Added Pin To Net: NetName=RSVD_63 Pin=J2-63
Added Pin To Net: NetName=RSVD_63 Pin=J3-49
Added Net: Name=RSVD_63
Added Pin To Net: NetName=RSVD_64 Pin=J1-64
Added Pin To Net: NetName=RSVD_64 Pin=J2-64
Added Pin To Net: NetName=RSVD_64 Pin=J3-48
Added Net: Name=RSVD_64
Added Pin To Net: NetName=RSVD_67 Pin=J1-67
Added Pin To Net: NetName=RSVD_67 Pin=J2-67
Added Pin To Net: NetName=RSVD_67 Pin=J3-51
Added Net: Name=RSVD_67
Added Pin To Net: NetName=RSVD_68 Pin=J1-68
Added Pin To Net: NetName=RSVD_68 Pin=J2-68
Added Pin To Net: NetName=RSVD_68 Pin=J3-50
Added Net: Name=RSVD_68
Added Pin To Net: NetName=RSVD_69 Pin=J1-69
Added Pin To Net: NetName=RSVD_69 Pin=J2-69
Added Pin To Net: NetName=RSVD_69 Pin=J3-53
Added Net: Name=RSVD_69
Added Pin To Net: NetName=RSVD_70 Pin=J1-70
Added Pin To Net: NetName=RSVD_70 Pin=J2-70
Added Pin To Net: NetName=RSVD_70 Pin=J3-54
Added Net: Name=RSVD_70
Added Pin To Net: NetName=TRACECLK Pin=J1-16
Added Pin To Net: NetName=TRACECLK Pin=J2-16
Added Pin To Net: NetName=TRACECLK Pin=J3-18
Added Net: Name=TRACECLK
Added Pin To Net: NetName=TRD0 Pin=J1-20
Added Pin To Net: NetName=TRD0 Pin=J2-20
Added Pin To Net: NetName=TRD0 Pin=J3-6
Added Net: Name=TRD0
Added Pin To Net: NetName=TRD1 Pin=J1-22
Added Pin To Net: NetName=TRD1 Pin=J2-22
Added Pin To Net: NetName=TRD1 Pin=J3-8
Added Net: Name=TRD1
Added Pin To Net: NetName=TRD2 Pin=J1-26
Added Pin To Net: NetName=TRD2 Pin=J2-26
Added Pin To Net: NetName=TRD2 Pin=J3-10
Added Net: Name=TRD2
Added Pin To Net: NetName=TRD3 Pin=J1-28
Added Pin To Net: NetName=TRD3 Pin=J2-28
Added Pin To Net: NetName=TRD3 Pin=J3-12
Added Net: Name=TRD3
Added Pin To Net: NetName=VREF Pin=J1-11
Added Pin To Net: NetName=VREF Pin=J2-11
Added Pin To Net: NetName=VREF Pin=J3-3
Added Net: Name=VREF
Added Class: Name=Breakout
