Removed Pin From Net: NetName=GND Pin=J2-1
Removed Pin From Net: NetName=GND Pin=J2-2
Removed Pin From Net: NetName=+5V Pin=J2-3
Removed Pin From Net: NetName=+3V3 Pin=J2-4
Removed Pin From Net: NetName=+5V Pin=J2-5
Removed Pin From Net: NetName=+3V3 Pin=J2-6
Removed Pin From Net: NetName=+5V Pin=J2-7
Removed Pin From Net: NetName=+3V3 Pin=J2-8
Removed Pin From Net: NetName=GND Pin=J2-9
Removed Pin From Net: NetName=GND Pin=J2-10
Removed Pin From Net: NetName=VREF Pin=J2-11
Removed Pin From Net: NetName=JnRST Pin=J2-12
Removed Pin From Net: NetName=GND Pin=J2-13
Removed Pin From Net: NetName=GND Pin=J2-14
Removed Pin From Net: NetName=GNDDetect Pin=J2-15
Removed Pin From Net: NetName=TRACECLK Pin=J2-16
Removed Pin From Net: NetName=GND Pin=J2-17
Removed Pin From Net: NetName=GND Pin=J2-18
Removed Pin From Net: NetName=JTDI Pin=J2-19
Removed Pin From Net: NetName=TRD0 Pin=J2-20
Removed Pin From Net: NetName=JTDO/SWO Pin=J2-21
Removed Pin From Net: NetName=TRD1 Pin=J2-22
Removed Pin From Net: NetName=GND Pin=J2-23
Removed Pin From Net: NetName=GND Pin=J2-24
Removed Pin From Net: NetName=JTCK/SWDCLK Pin=J2-25
Removed Pin From Net: NetName=TRD2 Pin=J2-26
Removed Pin From Net: NetName=JTMS/SWDIO Pin=J2-27
Removed Pin From Net: NetName=TRD3 Pin=J2-28
Removed Pin From Net: NetName=GND Pin=J2-29
Removed Pin From Net: NetName=GND Pin=J2-30
Removed Pin From Net: NetName=RSVD_31 Pin=J2-31
Removed Pin From Net: NetName=RSVD_32 Pin=J2-32
Removed Pin From Net: NetName=RSVD_33 Pin=J2-33
Removed Pin From Net: NetName=RSVD_34 Pin=J2-34
Removed Pin From Net: NetName=GND Pin=J2-35
Removed Pin From Net: NetName=GND Pin=J2-36
Removed Pin From Net: NetName=CAN0_P Pin=J2-37
Removed Pin From Net: NetName=RSVD_38 Pin=J2-38
Removed Pin From Net: NetName=CAN0_N Pin=J2-39
Removed Pin From Net: NetName=RSVD_40 Pin=J2-40
Removed Pin From Net: NetName=GND Pin=J2-41
Removed Pin From Net: NetName=GND Pin=J2-42
Removed Pin From Net: NetName=+5V Pin=J2-43
Removed Pin From Net: NetName=+3V3 Pin=J2-44
Removed Pin From Net: NetName=+5V Pin=J2-45
Removed Pin From Net: NetName=+3V3 Pin=J2-46
Removed Pin From Net: NetName=GND Pin=J2-47
Removed Pin From Net: NetName=GND Pin=J2-48
Removed Pin From Net: NetName=RSVD_49 Pin=J2-49
Removed Pin From Net: NetName=RSVD_50 Pin=J2-50
Removed Pin From Net: NetName=RSVD_51 Pin=J2-51
Removed Pin From Net: NetName=RSVD_52 Pin=J2-52
Removed Pin From Net: NetName=GND Pin=J2-53
Removed Pin From Net: NetName=GND Pin=J2-54
Removed Pin From Net: NetName=RSVD_55 Pin=J2-55
Removed Pin From Net: NetName=RSVD_56 Pin=J2-56
Removed Pin From Net: NetName=RSVD_57 Pin=J2-57
Removed Pin From Net: NetName=RSVD_58 Pin=J2-58
Removed Pin From Net: NetName=GND Pin=J2-59
Removed Pin From Net: NetName=GND Pin=J2-60
Removed Pin From Net: NetName=RSVD_61 Pin=J2-61
Removed Pin From Net: NetName=RSVD_62 Pin=J2-62
Removed Pin From Net: NetName=RSVD_63 Pin=J2-63
Removed Pin From Net: NetName=RSVD_64 Pin=J2-64
Removed Pin From Net: NetName=GND Pin=J2-65
Removed Pin From Net: NetName=GND Pin=J2-66
Removed Pin From Net: NetName=RSVD_67 Pin=J2-67
Removed Pin From Net: NetName=RSVD_68 Pin=J2-68
Removed Pin From Net: NetName=RSVD_69 Pin=J2-69
Removed Pin From Net: NetName=RSVD_70 Pin=J2-70
Removed Pin From Net: NetName=GND Pin=J2-71
Removed Pin From Net: NetName=GND Pin=J2-72
Removed Pin From Net: NetName=+3V3 Pin=J2-73
Removed Pin From Net: NetName=+5V Pin=J2-74
Removed Pin From Net: NetName=+3V3 Pin=J2-75
Removed Pin From Net: NetName=+5V Pin=J2-76
Removed Pin From Net: NetName=+3V3 Pin=J2-77
Removed Pin From Net: NetName=+5V Pin=J2-78
Removed Pin From Net: NetName=GND Pin=J2-79
Removed Pin From Net: NetName=GND Pin=J2-80
Removed Member From Class: ClassName=Breakout Member=J5
Change Component Designator: OldDesignator=J3 NewDesignator=J2
Change Component Designator: OldDesignator=J4 NewDesignator=J3
Change Component Designator: OldDesignator=J5 NewDesignator=J4
